14:45:18 INFO  : Registering command handlers for SDK TCF services
14:45:23 INFO  : Launching XSCT server: xsct -n -interactive /home/ecelrc/students/agroszewski/arch18/vivado/LED_Controller/LED_Controller.sdk/temp_xsdb_launch_script.tcl
14:45:26 INFO  : XSCT server has started successfully.
14:45:33 INFO  : Successfully done setting XSCT server connection channel  
14:45:33 INFO  : Successfully done setting SDK workspace  
14:45:33 INFO  : Processing command line option -hwspec /home/ecelrc/students/agroszewski/arch18/vivado/LED_Controller/LED_Controller.sdk/system_wrapper.hdf.
15:11:28 WARN  : Given IPC port value is invalid. Using default port 2350
15:11:28 WARN  : Given XMD timeout value is invalid. Using default value of 50000
15:11:32 WARN  : Given XMD transaction timeout value is invalid. Using default value of 60000 milli seconds
15:11:32 WARN  : Given XMD transaction timeout value is invalid. Using default value of 60000 milli seconds
15:11:35 WARN  : Given XMD transaction timeout value is invalid. Using default value of 60000 milli seconds
15:11:35 WARN  : Given XMD transaction timeout value is invalid. Using default value of 60000 milli seconds
15:11:36 ERROR : Unexpected error while launching program.
com.xilinx.sdk.targetmanager.TMException: 
    Unknown Error Occured
    Cable is not connected to the host

	at com.xilinx.sdk.targetmanager.internal.TM.connectToProcessor(TM.java:478)
	at com.xilinx.sdk.debug.core.XilinxAppLaunchConfigurationDelegate.runTargetSetup(XilinxAppLaunchConfigurationDelegate.java:503)
	at com.xilinx.sdk.debug.core.XilinxAppLaunchConfigurationDelegate.runApplication(XilinxAppLaunchConfigurationDelegate.java:616)
	at com.xilinx.sdk.debug.core.XilinxAppLaunchConfigurationDelegate.launch(XilinxAppLaunchConfigurationDelegate.java:309)
	at com.xilinx.sdk.debug.ui.XilinxAppLaunchDelegateWrapper.launch(XilinxAppLaunchDelegateWrapper.java:31)
	at org.eclipse.debug.internal.core.LaunchConfiguration.launch(LaunchConfiguration.java:885)
	at org.eclipse.debug.internal.core.LaunchConfiguration.launch(LaunchConfiguration.java:739)
	at org.eclipse.debug.internal.ui.DebugUIPlugin.buildAndLaunch(DebugUIPlugin.java:1039)
	at org.eclipse.debug.internal.ui.DebugUIPlugin$8.run(DebugUIPlugin.java:1256)
	at org.eclipse.core.internal.jobs.Worker.run(Worker.java:55)
15:14:06 ERROR : Unexpected error while parsing XMD response ￿: com.google.gson.JsonSyntaxException: com.google.gson.stream.MalformedJsonException: invalid number or unquoted string near 
