
*** Running vivado
    with args -log bram_test_LFSR_0_0.vds -m64 -product Vivado -mode batch -messageDb vivado.pb -notrace -source bram_test_LFSR_0_0.tcl


****** Vivado v2017.3 (64-bit)
  **** SW Build 2018833 on Wed Oct  4 19:58:07 MDT 2017
  **** IP Build 2016188 on Wed Oct  4 21:52:56 MDT 2017
    ** Copyright 1986-2017 Xilinx, Inc. All Rights Reserved.

source bram_test_LFSR_0_0.tcl -notrace
Command: synth_design -top bram_test_LFSR_0_0 -part xc7z020clg484-1 -mode out_of_context
Starting synth_design
Attempting to get a license for feature 'Synthesis' and/or device 'xc7z020'
INFO: [Common 17-349] Got license for feature 'Synthesis' and/or device 'xc7z020'
INFO: Launching helper process for spawning children vivado processes
INFO: Helper process launched with PID 17441 
---------------------------------------------------------------------------------
Starting RTL Elaboration : Time (s): cpu = 00:00:12 ; elapsed = 00:00:13 . Memory (MB): peak = 1390.504 ; gain = 82.992 ; free physical = 63082 ; free virtual = 80580
---------------------------------------------------------------------------------
INFO: [Synth 8-638] synthesizing module 'bram_test_LFSR_0_0' [/home/ecelrc/students/agroszewski/arch18/vivado/lab1/lab1.srcs/sources_1/bd/bram_test/ip/bram_test_LFSR_0_0/synth/bram_test_LFSR_0_0.v:56]
INFO: [Synth 8-638] synthesizing module 'LFSR_v1_0' [/home/ecelrc/students/agroszewski/arch18/vivado/lab1/lab1.srcs/sources_1/bd/bram_test/ipshared/a734/hdl/LFSR_v1_0.v:4]
	Parameter C_S00_AXI_DATA_WIDTH bound to: 32 - type: integer 
	Parameter C_S00_AXI_ADDR_WIDTH bound to: 4 - type: integer 
INFO: [Synth 8-638] synthesizing module 'LFSR_v1_0_S00_AXI' [/home/ecelrc/students/agroszewski/arch18/vivado/lab1/lab1.srcs/sources_1/bd/bram_test/ipshared/a734/hdl/LFSR_v1_0_S00_AXI.v:4]
	Parameter C_S_AXI_DATA_WIDTH bound to: 32 - type: integer 
	Parameter C_S_AXI_ADDR_WIDTH bound to: 4 - type: integer 
	Parameter ADDR_LSB bound to: 2 - type: integer 
	Parameter OPT_MEM_ADDR_BITS bound to: 1 - type: integer 
INFO: [Synth 8-226] default block is never used [/home/ecelrc/students/agroszewski/arch18/vivado/lab1/lab1.srcs/sources_1/bd/bram_test/ipshared/a734/hdl/LFSR_v1_0_S00_AXI.v:232]
INFO: [Synth 8-226] default block is never used [/home/ecelrc/students/agroszewski/arch18/vivado/lab1/lab1.srcs/sources_1/bd/bram_test/ipshared/a734/hdl/LFSR_v1_0_S00_AXI.v:373]
INFO: [Synth 8-256] done synthesizing module 'LFSR_v1_0_S00_AXI' (1#1) [/home/ecelrc/students/agroszewski/arch18/vivado/lab1/lab1.srcs/sources_1/bd/bram_test/ipshared/a734/hdl/LFSR_v1_0_S00_AXI.v:4]
INFO: [Synth 8-256] done synthesizing module 'LFSR_v1_0' (2#1) [/home/ecelrc/students/agroszewski/arch18/vivado/lab1/lab1.srcs/sources_1/bd/bram_test/ipshared/a734/hdl/LFSR_v1_0.v:4]
INFO: [Synth 8-256] done synthesizing module 'bram_test_LFSR_0_0' (3#1) [/home/ecelrc/students/agroszewski/arch18/vivado/lab1/lab1.srcs/sources_1/bd/bram_test/ip/bram_test_LFSR_0_0/synth/bram_test_LFSR_0_0.v:56]
WARNING: [Synth 8-3331] design LFSR_v1_0_S00_AXI has unconnected port S_AXI_AWPROT[2]
WARNING: [Synth 8-3331] design LFSR_v1_0_S00_AXI has unconnected port S_AXI_AWPROT[1]
WARNING: [Synth 8-3331] design LFSR_v1_0_S00_AXI has unconnected port S_AXI_AWPROT[0]
WARNING: [Synth 8-3331] design LFSR_v1_0_S00_AXI has unconnected port S_AXI_ARPROT[2]
WARNING: [Synth 8-3331] design LFSR_v1_0_S00_AXI has unconnected port S_AXI_ARPROT[1]
WARNING: [Synth 8-3331] design LFSR_v1_0_S00_AXI has unconnected port S_AXI_ARPROT[0]
---------------------------------------------------------------------------------
Finished RTL Elaboration : Time (s): cpu = 00:00:13 ; elapsed = 00:00:15 . Memory (MB): peak = 1432.051 ; gain = 124.539 ; free physical = 63105 ; free virtual = 80603
---------------------------------------------------------------------------------

Report Check Netlist: 
+------+------------------+-------+---------+-------+------------------+
|      |Item              |Errors |Warnings |Status |Description       |
+------+------------------+-------+---------+-------+------------------+
|1     |multi_driven_nets |      0|        0|Passed |Multi driven nets |
+------+------------------+-------+---------+-------+------------------+
---------------------------------------------------------------------------------
Finished RTL Optimization Phase 1 : Time (s): cpu = 00:00:13 ; elapsed = 00:00:15 . Memory (MB): peak = 1432.051 ; gain = 124.539 ; free physical = 63104 ; free virtual = 80602
---------------------------------------------------------------------------------
INFO: [Device 21-403] Loading part xc7z020clg484-1
INFO: [Project 1-570] Preparing netlist for logic optimization

Processing XDC Constraints
Initializing timing engine
Completed Processing XDC Constraints

INFO: [Project 1-111] Unisim Transformation Summary:
No Unisim elements were transformed.

Constraint Validation Runtime : Time (s): cpu = 00:00:00.03 ; elapsed = 00:00:00.02 . Memory (MB): peak = 1821.191 ; gain = 0.000 ; free physical = 62827 ; free virtual = 80325
---------------------------------------------------------------------------------
Finished Constraint Validation : Time (s): cpu = 00:00:40 ; elapsed = 00:01:18 . Memory (MB): peak = 1821.191 ; gain = 513.680 ; free physical = 62903 ; free virtual = 80401
---------------------------------------------------------------------------------
---------------------------------------------------------------------------------
Start Loading Part and Timing Information
---------------------------------------------------------------------------------
Loading part: xc7z020clg484-1
---------------------------------------------------------------------------------
Finished Loading Part and Timing Information : Time (s): cpu = 00:00:40 ; elapsed = 00:01:18 . Memory (MB): peak = 1821.191 ; gain = 513.680 ; free physical = 62902 ; free virtual = 80400
---------------------------------------------------------------------------------
---------------------------------------------------------------------------------
Start Applying 'set_property' XDC Constraints
---------------------------------------------------------------------------------
---------------------------------------------------------------------------------
Finished applying 'set_property' XDC Constraints : Time (s): cpu = 00:00:40 ; elapsed = 00:01:18 . Memory (MB): peak = 1821.191 ; gain = 513.680 ; free physical = 62902 ; free virtual = 80400
---------------------------------------------------------------------------------
---------------------------------------------------------------------------------
Finished RTL Optimization Phase 2 : Time (s): cpu = 00:00:40 ; elapsed = 00:01:18 . Memory (MB): peak = 1821.191 ; gain = 513.680 ; free physical = 62894 ; free virtual = 80392
---------------------------------------------------------------------------------

Report RTL Partitions: 
+-+--------------+------------+----------+
| |RTL Partition |Replication |Instances |
+-+--------------+------------+----------+
+-+--------------+------------+----------+
---------------------------------------------------------------------------------
Start RTL Component Statistics 
---------------------------------------------------------------------------------
Detailed RTL Component Info : 
+---XORs : 
	   2 Input      1 Bit         XORs := 4     
+---Registers : 
	               32 Bit    Registers := 3     
	                4 Bit    Registers := 2     
	                2 Bit    Registers := 2     
	                1 Bit    Registers := 6     
+---Muxes : 
	   2 Input     32 Bit        Muxes := 5     
	   4 Input     32 Bit        Muxes := 3     
	   2 Input      9 Bit        Muxes := 3     
	   2 Input      1 Bit        Muxes := 5     
---------------------------------------------------------------------------------
Finished RTL Component Statistics 
---------------------------------------------------------------------------------
---------------------------------------------------------------------------------
Start RTL Hierarchical Component Statistics 
---------------------------------------------------------------------------------
Hierarchical RTL Component report 
Module LFSR_v1_0_S00_AXI 
Detailed RTL Component Info : 
+---XORs : 
	   2 Input      1 Bit         XORs := 4     
+---Registers : 
	               32 Bit    Registers := 3     
	                4 Bit    Registers := 2     
	                2 Bit    Registers := 2     
	                1 Bit    Registers := 6     
+---Muxes : 
	   2 Input     32 Bit        Muxes := 5     
	   4 Input     32 Bit        Muxes := 3     
	   2 Input      9 Bit        Muxes := 3     
	   2 Input      1 Bit        Muxes := 5     
---------------------------------------------------------------------------------
Finished RTL Hierarchical Component Statistics
---------------------------------------------------------------------------------
---------------------------------------------------------------------------------
Start Part Resource Summary
---------------------------------------------------------------------------------
Part Resources:
DSPs: 220 (col length:60)
BRAMs: 280 (col length: RAMB18 60 RAMB36 30)
---------------------------------------------------------------------------------
Finished Part Resource Summary
---------------------------------------------------------------------------------
---------------------------------------------------------------------------------
Start Cross Boundary and Area Optimization
---------------------------------------------------------------------------------
WARNING: [Synth 8-3331] design bram_test_LFSR_0_0 has unconnected port s00_axi_awprot[2]
WARNING: [Synth 8-3331] design bram_test_LFSR_0_0 has unconnected port s00_axi_awprot[1]
WARNING: [Synth 8-3331] design bram_test_LFSR_0_0 has unconnected port s00_axi_awprot[0]
WARNING: [Synth 8-3331] design bram_test_LFSR_0_0 has unconnected port s00_axi_arprot[2]
WARNING: [Synth 8-3331] design bram_test_LFSR_0_0 has unconnected port s00_axi_arprot[1]
WARNING: [Synth 8-3331] design bram_test_LFSR_0_0 has unconnected port s00_axi_arprot[0]
INFO: [Synth 8-3333] propagating constant 1 across sequential element (\inst/LFSR_v1_0_S00_AXI_inst/slv_reg0_reg[0] )
INFO: [Synth 8-3886] merging instance 'inst/LFSR_v1_0_S00_AXI_inst/slv_reg0_reg[10]' (FDRE) to 'inst/LFSR_v1_0_S00_AXI_inst/slv_reg0_reg[31]'
INFO: [Synth 8-3886] merging instance 'inst/LFSR_v1_0_S00_AXI_inst/slv_reg0_reg[11]' (FDRE) to 'inst/LFSR_v1_0_S00_AXI_inst/slv_reg0_reg[31]'
INFO: [Synth 8-3886] merging instance 'inst/LFSR_v1_0_S00_AXI_inst/slv_reg0_reg[12]' (FDRE) to 'inst/LFSR_v1_0_S00_AXI_inst/slv_reg0_reg[31]'
INFO: [Synth 8-3886] merging instance 'inst/LFSR_v1_0_S00_AXI_inst/slv_reg0_reg[13]' (FDRE) to 'inst/LFSR_v1_0_S00_AXI_inst/slv_reg0_reg[31]'
INFO: [Synth 8-3886] merging instance 'inst/LFSR_v1_0_S00_AXI_inst/slv_reg0_reg[14]' (FDRE) to 'inst/LFSR_v1_0_S00_AXI_inst/slv_reg0_reg[31]'
INFO: [Synth 8-3886] merging instance 'inst/LFSR_v1_0_S00_AXI_inst/slv_reg0_reg[15]' (FDRE) to 'inst/LFSR_v1_0_S00_AXI_inst/slv_reg0_reg[31]'
INFO: [Synth 8-3886] merging instance 'inst/LFSR_v1_0_S00_AXI_inst/slv_reg0_reg[16]' (FDRE) to 'inst/LFSR_v1_0_S00_AXI_inst/slv_reg0_reg[31]'
INFO: [Synth 8-3886] merging instance 'inst/LFSR_v1_0_S00_AXI_inst/slv_reg0_reg[17]' (FDRE) to 'inst/LFSR_v1_0_S00_AXI_inst/slv_reg0_reg[31]'
INFO: [Synth 8-3886] merging instance 'inst/LFSR_v1_0_S00_AXI_inst/slv_reg0_reg[18]' (FDRE) to 'inst/LFSR_v1_0_S00_AXI_inst/slv_reg0_reg[31]'
INFO: [Synth 8-3886] merging instance 'inst/LFSR_v1_0_S00_AXI_inst/slv_reg0_reg[19]' (FDRE) to 'inst/LFSR_v1_0_S00_AXI_inst/slv_reg0_reg[31]'
INFO: [Synth 8-3886] merging instance 'inst/LFSR_v1_0_S00_AXI_inst/slv_reg0_reg[20]' (FDRE) to 'inst/LFSR_v1_0_S00_AXI_inst/slv_reg0_reg[31]'
INFO: [Synth 8-3886] merging instance 'inst/LFSR_v1_0_S00_AXI_inst/slv_reg0_reg[21]' (FDRE) to 'inst/LFSR_v1_0_S00_AXI_inst/slv_reg0_reg[31]'
INFO: [Synth 8-3886] merging instance 'inst/LFSR_v1_0_S00_AXI_inst/slv_reg0_reg[22]' (FDRE) to 'inst/LFSR_v1_0_S00_AXI_inst/slv_reg0_reg[31]'
INFO: [Synth 8-3886] merging instance 'inst/LFSR_v1_0_S00_AXI_inst/slv_reg0_reg[23]' (FDRE) to 'inst/LFSR_v1_0_S00_AXI_inst/slv_reg0_reg[31]'
INFO: [Synth 8-3886] merging instance 'inst/LFSR_v1_0_S00_AXI_inst/slv_reg0_reg[24]' (FDRE) to 'inst/LFSR_v1_0_S00_AXI_inst/slv_reg0_reg[31]'
INFO: [Synth 8-3886] merging instance 'inst/LFSR_v1_0_S00_AXI_inst/slv_reg0_reg[25]' (FDRE) to 'inst/LFSR_v1_0_S00_AXI_inst/slv_reg0_reg[31]'
INFO: [Synth 8-3886] merging instance 'inst/LFSR_v1_0_S00_AXI_inst/slv_reg0_reg[26]' (FDRE) to 'inst/LFSR_v1_0_S00_AXI_inst/slv_reg0_reg[31]'
INFO: [Synth 8-3886] merging instance 'inst/LFSR_v1_0_S00_AXI_inst/slv_reg0_reg[27]' (FDRE) to 'inst/LFSR_v1_0_S00_AXI_inst/slv_reg0_reg[31]'
INFO: [Synth 8-3886] merging instance 'inst/LFSR_v1_0_S00_AXI_inst/slv_reg0_reg[28]' (FDRE) to 'inst/LFSR_v1_0_S00_AXI_inst/slv_reg0_reg[31]'
INFO: [Synth 8-3886] merging instance 'inst/LFSR_v1_0_S00_AXI_inst/slv_reg0_reg[29]' (FDRE) to 'inst/LFSR_v1_0_S00_AXI_inst/slv_reg0_reg[31]'
INFO: [Synth 8-3886] merging instance 'inst/LFSR_v1_0_S00_AXI_inst/slv_reg0_reg[30]' (FDRE) to 'inst/LFSR_v1_0_S00_AXI_inst/slv_reg0_reg[31]'
INFO: [Synth 8-3333] propagating constant 0 across sequential element (\inst/LFSR_v1_0_S00_AXI_inst/slv_reg0_reg[31] )
INFO: [Synth 8-3886] merging instance 'inst/LFSR_v1_0_S00_AXI_inst/axi_rresp_reg[0]' (FDRE) to 'inst/LFSR_v1_0_S00_AXI_inst/axi_rresp_reg[1]'
INFO: [Synth 8-3333] propagating constant 0 across sequential element (\inst/LFSR_v1_0_S00_AXI_inst/axi_rresp_reg[1] )
INFO: [Synth 8-3886] merging instance 'inst/LFSR_v1_0_S00_AXI_inst/axi_bresp_reg[0]' (FDRE) to 'inst/LFSR_v1_0_S00_AXI_inst/axi_bresp_reg[1]'
INFO: [Synth 8-3333] propagating constant 0 across sequential element (\inst/LFSR_v1_0_S00_AXI_inst/axi_bresp_reg[1] )
INFO: [Synth 8-3332] Sequential element (inst/LFSR_v1_0_S00_AXI_inst/slv_reg0_reg[31]) is unused and will be removed from module bram_test_LFSR_0_0.
INFO: [Synth 8-3332] Sequential element (inst/LFSR_v1_0_S00_AXI_inst/slv_reg0_reg[0]) is unused and will be removed from module bram_test_LFSR_0_0.
INFO: [Synth 8-3332] Sequential element (inst/LFSR_v1_0_S00_AXI_inst/axi_bresp_reg[1]) is unused and will be removed from module bram_test_LFSR_0_0.
INFO: [Synth 8-3332] Sequential element (inst/LFSR_v1_0_S00_AXI_inst/axi_araddr_reg[1]) is unused and will be removed from module bram_test_LFSR_0_0.
INFO: [Synth 8-3332] Sequential element (inst/LFSR_v1_0_S00_AXI_inst/axi_araddr_reg[0]) is unused and will be removed from module bram_test_LFSR_0_0.
INFO: [Synth 8-3332] Sequential element (inst/LFSR_v1_0_S00_AXI_inst/axi_awaddr_reg[1]) is unused and will be removed from module bram_test_LFSR_0_0.
INFO: [Synth 8-3332] Sequential element (inst/LFSR_v1_0_S00_AXI_inst/axi_awaddr_reg[0]) is unused and will be removed from module bram_test_LFSR_0_0.
INFO: [Synth 8-3332] Sequential element (inst/LFSR_v1_0_S00_AXI_inst/axi_rresp_reg[1]) is unused and will be removed from module bram_test_LFSR_0_0.
INFO: [Synth 8-3332] Sequential element (inst/LFSR_v1_0_S00_AXI_inst/slv_reg1_reg[31]) is unused and will be removed from module bram_test_LFSR_0_0.
INFO: [Synth 8-3332] Sequential element (inst/LFSR_v1_0_S00_AXI_inst/slv_reg1_reg[30]) is unused and will be removed from module bram_test_LFSR_0_0.
INFO: [Synth 8-3332] Sequential element (inst/LFSR_v1_0_S00_AXI_inst/slv_reg1_reg[29]) is unused and will be removed from module bram_test_LFSR_0_0.
INFO: [Synth 8-3332] Sequential element (inst/LFSR_v1_0_S00_AXI_inst/slv_reg1_reg[28]) is unused and will be removed from module bram_test_LFSR_0_0.
INFO: [Synth 8-3332] Sequential element (inst/LFSR_v1_0_S00_AXI_inst/slv_reg1_reg[27]) is unused and will be removed from module bram_test_LFSR_0_0.
INFO: [Synth 8-3332] Sequential element (inst/LFSR_v1_0_S00_AXI_inst/slv_reg1_reg[26]) is unused and will be removed from module bram_test_LFSR_0_0.
INFO: [Synth 8-3332] Sequential element (inst/LFSR_v1_0_S00_AXI_inst/slv_reg1_reg[25]) is unused and will be removed from module bram_test_LFSR_0_0.
INFO: [Synth 8-3332] Sequential element (inst/LFSR_v1_0_S00_AXI_inst/slv_reg1_reg[24]) is unused and will be removed from module bram_test_LFSR_0_0.
INFO: [Synth 8-3332] Sequential element (inst/LFSR_v1_0_S00_AXI_inst/slv_reg1_reg[23]) is unused and will be removed from module bram_test_LFSR_0_0.
INFO: [Synth 8-3332] Sequential element (inst/LFSR_v1_0_S00_AXI_inst/slv_reg1_reg[22]) is unused and will be removed from module bram_test_LFSR_0_0.
INFO: [Synth 8-3332] Sequential element (inst/LFSR_v1_0_S00_AXI_inst/slv_reg1_reg[21]) is unused and will be removed from module bram_test_LFSR_0_0.
INFO: [Synth 8-3332] Sequential element (inst/LFSR_v1_0_S00_AXI_inst/slv_reg1_reg[20]) is unused and will be removed from module bram_test_LFSR_0_0.
INFO: [Synth 8-3332] Sequential element (inst/LFSR_v1_0_S00_AXI_inst/slv_reg1_reg[19]) is unused and will be removed from module bram_test_LFSR_0_0.
INFO: [Synth 8-3332] Sequential element (inst/LFSR_v1_0_S00_AXI_inst/slv_reg1_reg[18]) is unused and will be removed from module bram_test_LFSR_0_0.
INFO: [Synth 8-3332] Sequential element (inst/LFSR_v1_0_S00_AXI_inst/slv_reg1_reg[17]) is unused and will be removed from module bram_test_LFSR_0_0.
INFO: [Synth 8-3332] Sequential element (inst/LFSR_v1_0_S00_AXI_inst/slv_reg1_reg[16]) is unused and will be removed from module bram_test_LFSR_0_0.
INFO: [Synth 8-3332] Sequential element (inst/LFSR_v1_0_S00_AXI_inst/slv_reg1_reg[15]) is unused and will be removed from module bram_test_LFSR_0_0.
INFO: [Synth 8-3332] Sequential element (inst/LFSR_v1_0_S00_AXI_inst/slv_reg1_reg[14]) is unused and will be removed from module bram_test_LFSR_0_0.
INFO: [Synth 8-3332] Sequential element (inst/LFSR_v1_0_S00_AXI_inst/slv_reg1_reg[13]) is unused and will be removed from module bram_test_LFSR_0_0.
INFO: [Synth 8-3332] Sequential element (inst/LFSR_v1_0_S00_AXI_inst/slv_reg1_reg[12]) is unused and will be removed from module bram_test_LFSR_0_0.
INFO: [Synth 8-3332] Sequential element (inst/LFSR_v1_0_S00_AXI_inst/slv_reg1_reg[11]) is unused and will be removed from module bram_test_LFSR_0_0.
INFO: [Synth 8-3332] Sequential element (inst/LFSR_v1_0_S00_AXI_inst/slv_reg1_reg[10]) is unused and will be removed from module bram_test_LFSR_0_0.
INFO: [Synth 8-3332] Sequential element (inst/LFSR_v1_0_S00_AXI_inst/slv_reg1_reg[9]) is unused and will be removed from module bram_test_LFSR_0_0.
INFO: [Synth 8-3332] Sequential element (inst/LFSR_v1_0_S00_AXI_inst/slv_reg1_reg[8]) is unused and will be removed from module bram_test_LFSR_0_0.
INFO: [Synth 8-3332] Sequential element (inst/LFSR_v1_0_S00_AXI_inst/slv_reg1_reg[7]) is unused and will be removed from module bram_test_LFSR_0_0.
INFO: [Synth 8-3332] Sequential element (inst/LFSR_v1_0_S00_AXI_inst/slv_reg1_reg[6]) is unused and will be removed from module bram_test_LFSR_0_0.
INFO: [Synth 8-3332] Sequential element (inst/LFSR_v1_0_S00_AXI_inst/slv_reg1_reg[5]) is unused and will be removed from module bram_test_LFSR_0_0.
INFO: [Synth 8-3332] Sequential element (inst/LFSR_v1_0_S00_AXI_inst/slv_reg1_reg[4]) is unused and will be removed from module bram_test_LFSR_0_0.
INFO: [Synth 8-3332] Sequential element (inst/LFSR_v1_0_S00_AXI_inst/slv_reg1_reg[3]) is unused and will be removed from module bram_test_LFSR_0_0.
INFO: [Synth 8-3332] Sequential element (inst/LFSR_v1_0_S00_AXI_inst/slv_reg1_reg[2]) is unused and will be removed from module bram_test_LFSR_0_0.
INFO: [Synth 8-3332] Sequential element (inst/LFSR_v1_0_S00_AXI_inst/slv_reg1_reg[1]) is unused and will be removed from module bram_test_LFSR_0_0.
INFO: [Synth 8-3332] Sequential element (inst/LFSR_v1_0_S00_AXI_inst/slv_reg1_reg[0]) is unused and will be removed from module bram_test_LFSR_0_0.
INFO: [Synth 8-3332] Sequential element (inst/LFSR_v1_0_S00_AXI_inst/slv_reg1_reg[31]__0) is unused and will be removed from module bram_test_LFSR_0_0.
CRITICAL WARNING: [Synth 8-3352] multi-driven net Q with 1st driver pin 'inst/LFSR_v1_0_S00_AXI_inst/slv_reg1_reg[31]__0/Q' [/home/ecelrc/students/agroszewski/arch18/vivado/lab1/lab1.srcs/sources_1/bd/bram_test/ipshared/a734/hdl/LFSR_v1_0_S00_AXI.v:225]
CRITICAL WARNING: [Synth 8-3352] multi-driven net Q with 2nd driver pin 'VCC' [/home/ecelrc/students/agroszewski/arch18/vivado/lab1/lab1.srcs/sources_1/bd/bram_test/ipshared/a734/hdl/LFSR_v1_0_S00_AXI.v:225]
CRITICAL WARNING: [Synth 8-5559] multi-driven net Q is connected to constant driver, other driver is ignored [/home/ecelrc/students/agroszewski/arch18/vivado/lab1/lab1.srcs/sources_1/bd/bram_test/ipshared/a734/hdl/LFSR_v1_0_S00_AXI.v:225]
INFO: [Synth 8-3332] Sequential element (inst/LFSR_v1_0_S00_AXI_inst/slv_reg1_reg[30]__0) is unused and will be removed from module bram_test_LFSR_0_0.
CRITICAL WARNING: [Synth 8-3352] multi-driven net Q with 1st driver pin 'inst/LFSR_v1_0_S00_AXI_inst/slv_reg1_reg[30]__0/Q' [/home/ecelrc/students/agroszewski/arch18/vivado/lab1/lab1.srcs/sources_1/bd/bram_test/ipshared/a734/hdl/LFSR_v1_0_S00_AXI.v:225]
CRITICAL WARNING: [Synth 8-3352] multi-driven net Q with 2nd driver pin 'VCC' [/home/ecelrc/students/agroszewski/arch18/vivado/lab1/lab1.srcs/sources_1/bd/bram_test/ipshared/a734/hdl/LFSR_v1_0_S00_AXI.v:225]
CRITICAL WARNING: [Synth 8-5559] multi-driven net Q is connected to constant driver, other driver is ignored [/home/ecelrc/students/agroszewski/arch18/vivado/lab1/lab1.srcs/sources_1/bd/bram_test/ipshared/a734/hdl/LFSR_v1_0_S00_AXI.v:225]
INFO: [Synth 8-3332] Sequential element (inst/LFSR_v1_0_S00_AXI_inst/slv_reg1_reg[29]__0) is unused and will be removed from module bram_test_LFSR_0_0.
CRITICAL WARNING: [Synth 8-3352] multi-driven net Q with 1st driver pin 'inst/LFSR_v1_0_S00_AXI_inst/slv_reg1_reg[29]__0/Q' [/home/ecelrc/students/agroszewski/arch18/vivado/lab1/lab1.srcs/sources_1/bd/bram_test/ipshared/a734/hdl/LFSR_v1_0_S00_AXI.v:225]
CRITICAL WARNING: [Synth 8-3352] multi-driven net Q with 2nd driver pin 'VCC' [/home/ecelrc/students/agroszewski/arch18/vivado/lab1/lab1.srcs/sources_1/bd/bram_test/ipshared/a734/hdl/LFSR_v1_0_S00_AXI.v:225]
CRITICAL WARNING: [Synth 8-5559] multi-driven net Q is connected to constant driver, other driver is ignored [/home/ecelrc/students/agroszewski/arch18/vivado/lab1/lab1.srcs/sources_1/bd/bram_test/ipshared/a734/hdl/LFSR_v1_0_S00_AXI.v:225]
INFO: [Synth 8-3332] Sequential element (inst/LFSR_v1_0_S00_AXI_inst/slv_reg1_reg[28]__0) is unused and will be removed from module bram_test_LFSR_0_0.
CRITICAL WARNING: [Synth 8-3352] multi-driven net Q with 1st driver pin 'inst/LFSR_v1_0_S00_AXI_inst/slv_reg1_reg[28]__0/Q' [/home/ecelrc/students/agroszewski/arch18/vivado/lab1/lab1.srcs/sources_1/bd/bram_test/ipshared/a734/hdl/LFSR_v1_0_S00_AXI.v:225]
CRITICAL WARNING: [Synth 8-3352] multi-driven net Q with 2nd driver pin 'VCC' [/home/ecelrc/students/agroszewski/arch18/vivado/lab1/lab1.srcs/sources_1/bd/bram_test/ipshared/a734/hdl/LFSR_v1_0_S00_AXI.v:225]
CRITICAL WARNING: [Synth 8-5559] multi-driven net Q is connected to constant driver, other driver is ignored [/home/ecelrc/students/agroszewski/arch18/vivado/lab1/lab1.srcs/sources_1/bd/bram_test/ipshared/a734/hdl/LFSR_v1_0_S00_AXI.v:225]
INFO: [Synth 8-3332] Sequential element (inst/LFSR_v1_0_S00_AXI_inst/slv_reg1_reg[27]__0) is unused and will be removed from module bram_test_LFSR_0_0.
CRITICAL WARNING: [Synth 8-3352] multi-driven net Q with 1st driver pin 'inst/LFSR_v1_0_S00_AXI_inst/slv_reg1_reg[27]__0/Q' [/home/ecelrc/students/agroszewski/arch18/vivado/lab1/lab1.srcs/sources_1/bd/bram_test/ipshared/a734/hdl/LFSR_v1_0_S00_AXI.v:225]
CRITICAL WARNING: [Synth 8-3352] multi-driven net Q with 2nd driver pin 'VCC' [/home/ecelrc/students/agroszewski/arch18/vivado/lab1/lab1.srcs/sources_1/bd/bram_test/ipshared/a734/hdl/LFSR_v1_0_S00_AXI.v:225]
CRITICAL WARNING: [Synth 8-5559] multi-driven net Q is connected to constant driver, other driver is ignored [/home/ecelrc/students/agroszewski/arch18/vivado/lab1/lab1.srcs/sources_1/bd/bram_test/ipshared/a734/hdl/LFSR_v1_0_S00_AXI.v:225]
INFO: [Synth 8-3332] Sequential element (inst/LFSR_v1_0_S00_AXI_inst/slv_reg1_reg[26]__0) is unused and will be removed from module bram_test_LFSR_0_0.
CRITICAL WARNING: [Synth 8-3352] multi-driven net Q with 1st driver pin 'inst/LFSR_v1_0_S00_AXI_inst/slv_reg1_reg[26]__0/Q' [/home/ecelrc/students/agroszewski/arch18/vivado/lab1/lab1.srcs/sources_1/bd/bram_test/ipshared/a734/hdl/LFSR_v1_0_S00_AXI.v:225]
CRITICAL WARNING: [Synth 8-3352] multi-driven net Q with 2nd driver pin 'VCC' [/home/ecelrc/students/agroszewski/arch18/vivado/lab1/lab1.srcs/sources_1/bd/bram_test/ipshared/a734/hdl/LFSR_v1_0_S00_AXI.v:225]
CRITICAL WARNING: [Synth 8-5559] multi-driven net Q is connected to constant driver, other driver is ignored [/home/ecelrc/students/agroszewski/arch18/vivado/lab1/lab1.srcs/sources_1/bd/bram_test/ipshared/a734/hdl/LFSR_v1_0_S00_AXI.v:225]
INFO: [Synth 8-3332] Sequential element (inst/LFSR_v1_0_S00_AXI_inst/slv_reg1_reg[25]__0) is unused and will be removed from module bram_test_LFSR_0_0.
CRITICAL WARNING: [Synth 8-3352] multi-driven net Q with 1st driver pin 'inst/LFSR_v1_0_S00_AXI_inst/slv_reg1_reg[25]__0/Q' [/home/ecelrc/students/agroszewski/arch18/vivado/lab1/lab1.srcs/sources_1/bd/bram_test/ipshared/a734/hdl/LFSR_v1_0_S00_AXI.v:225]
CRITICAL WARNING: [Synth 8-3352] multi-driven net Q with 2nd driver pin 'VCC' [/home/ecelrc/students/agroszewski/arch18/vivado/lab1/lab1.srcs/sources_1/bd/bram_test/ipshared/a734/hdl/LFSR_v1_0_S00_AXI.v:225]
CRITICAL WARNING: [Synth 8-5559] multi-driven net Q is connected to constant driver, other driver is ignored [/home/ecelrc/students/agroszewski/arch18/vivado/lab1/lab1.srcs/sources_1/bd/bram_test/ipshared/a734/hdl/LFSR_v1_0_S00_AXI.v:225]
INFO: [Synth 8-3332] Sequential element (inst/LFSR_v1_0_S00_AXI_inst/slv_reg1_reg[24]__0) is unused and will be removed from module bram_test_LFSR_0_0.
CRITICAL WARNING: [Synth 8-3352] multi-driven net Q with 1st driver pin 'inst/LFSR_v1_0_S00_AXI_inst/slv_reg1_reg[24]__0/Q' [/home/ecelrc/students/agroszewski/arch18/vivado/lab1/lab1.srcs/sources_1/bd/bram_test/ipshared/a734/hdl/LFSR_v1_0_S00_AXI.v:225]
CRITICAL WARNING: [Synth 8-3352] multi-driven net Q with 2nd driver pin 'VCC' [/home/ecelrc/students/agroszewski/arch18/vivado/lab1/lab1.srcs/sources_1/bd/bram_test/ipshared/a734/hdl/LFSR_v1_0_S00_AXI.v:225]
CRITICAL WARNING: [Synth 8-5559] multi-driven net Q is connected to constant driver, other driver is ignored [/home/ecelrc/students/agroszewski/arch18/vivado/lab1/lab1.srcs/sources_1/bd/bram_test/ipshared/a734/hdl/LFSR_v1_0_S00_AXI.v:225]
INFO: [Synth 8-3332] Sequential element (inst/LFSR_v1_0_S00_AXI_inst/slv_reg1_reg[23]__0) is unused and will be removed from module bram_test_LFSR_0_0.
CRITICAL WARNING: [Synth 8-3352] multi-driven net Q with 1st driver pin 'inst/LFSR_v1_0_S00_AXI_inst/slv_reg1_reg[23]__0/Q' [/home/ecelrc/students/agroszewski/arch18/vivado/lab1/lab1.srcs/sources_1/bd/bram_test/ipshared/a734/hdl/LFSR_v1_0_S00_AXI.v:225]
CRITICAL WARNING: [Synth 8-3352] multi-driven net Q with 2nd driver pin 'VCC' [/home/ecelrc/students/agroszewski/arch18/vivado/lab1/lab1.srcs/sources_1/bd/bram_test/ipshared/a734/hdl/LFSR_v1_0_S00_AXI.v:225]
CRITICAL WARNING: [Synth 8-5559] multi-driven net Q is connected to constant driver, other driver is ignored [/home/ecelrc/students/agroszewski/arch18/vivado/lab1/lab1.srcs/sources_1/bd/bram_test/ipshared/a734/hdl/LFSR_v1_0_S00_AXI.v:225]
INFO: [Synth 8-3332] Sequential element (inst/LFSR_v1_0_S00_AXI_inst/slv_reg1_reg[22]__0) is unused and will be removed from module bram_test_LFSR_0_0.
CRITICAL WARNING: [Synth 8-3352] multi-driven net Q with 1st driver pin 'inst/LFSR_v1_0_S00_AXI_inst/slv_reg1_reg[22]__0/Q' [/home/ecelrc/students/agroszewski/arch18/vivado/lab1/lab1.srcs/sources_1/bd/bram_test/ipshared/a734/hdl/LFSR_v1_0_S00_AXI.v:225]
CRITICAL WARNING: [Synth 8-3352] multi-driven net Q with 2nd driver pin 'VCC' [/home/ecelrc/students/agroszewski/arch18/vivado/lab1/lab1.srcs/sources_1/bd/bram_test/ipshared/a734/hdl/LFSR_v1_0_S00_AXI.v:225]
CRITICAL WARNING: [Synth 8-5559] multi-driven net Q is connected to constant driver, other driver is ignored [/home/ecelrc/students/agroszewski/arch18/vivado/lab1/lab1.srcs/sources_1/bd/bram_test/ipshared/a734/hdl/LFSR_v1_0_S00_AXI.v:225]
INFO: [Synth 8-3332] Sequential element (inst/LFSR_v1_0_S00_AXI_inst/slv_reg1_reg[21]__0) is unused and will be removed from module bram_test_LFSR_0_0.
CRITICAL WARNING: [Synth 8-3352] multi-driven net Q with 1st driver pin 'inst/LFSR_v1_0_S00_AXI_inst/slv_reg1_reg[21]__0/Q' [/home/ecelrc/students/agroszewski/arch18/vivado/lab1/lab1.srcs/sources_1/bd/bram_test/ipshared/a734/hdl/LFSR_v1_0_S00_AXI.v:225]
CRITICAL WARNING: [Synth 8-3352] multi-driven net Q with 2nd driver pin 'VCC' [/home/ecelrc/students/agroszewski/arch18/vivado/lab1/lab1.srcs/sources_1/bd/bram_test/ipshared/a734/hdl/LFSR_v1_0_S00_AXI.v:225]
CRITICAL WARNING: [Synth 8-5559] multi-driven net Q is connected to constant driver, other driver is ignored [/home/ecelrc/students/agroszewski/arch18/vivado/lab1/lab1.srcs/sources_1/bd/bram_test/ipshared/a734/hdl/LFSR_v1_0_S00_AXI.v:225]
INFO: [Synth 8-3332] Sequential element (inst/LFSR_v1_0_S00_AXI_inst/slv_reg1_reg[20]__0) is unused and will be removed from module bram_test_LFSR_0_0.
CRITICAL WARNING: [Synth 8-3352] multi-driven net Q with 1st driver pin 'inst/LFSR_v1_0_S00_AXI_inst/slv_reg1_reg[20]__0/Q' [/home/ecelrc/students/agroszewski/arch18/vivado/lab1/lab1.srcs/sources_1/bd/bram_test/ipshared/a734/hdl/LFSR_v1_0_S00_AXI.v:225]
CRITICAL WARNING: [Synth 8-3352] multi-driven net Q with 2nd driver pin 'VCC' [/home/ecelrc/students/agroszewski/arch18/vivado/lab1/lab1.srcs/sources_1/bd/bram_test/ipshared/a734/hdl/LFSR_v1_0_S00_AXI.v:225]
CRITICAL WARNING: [Synth 8-5559] multi-driven net Q is connected to constant driver, other driver is ignored [/home/ecelrc/students/agroszewski/arch18/vivado/lab1/lab1.srcs/sources_1/bd/bram_test/ipshared/a734/hdl/LFSR_v1_0_S00_AXI.v:225]
INFO: [Synth 8-3332] Sequential element (inst/LFSR_v1_0_S00_AXI_inst/slv_reg1_reg[19]__0) is unused and will be removed from module bram_test_LFSR_0_0.
CRITICAL WARNING: [Synth 8-3352] multi-driven net Q with 1st driver pin 'inst/LFSR_v1_0_S00_AXI_inst/slv_reg1_reg[19]__0/Q' [/home/ecelrc/students/agroszewski/arch18/vivado/lab1/lab1.srcs/sources_1/bd/bram_test/ipshared/a734/hdl/LFSR_v1_0_S00_AXI.v:225]
CRITICAL WARNING: [Synth 8-3352] multi-driven net Q with 2nd driver pin 'VCC' [/home/ecelrc/students/agroszewski/arch18/vivado/lab1/lab1.srcs/sources_1/bd/bram_test/ipshared/a734/hdl/LFSR_v1_0_S00_AXI.v:225]
CRITICAL WARNING: [Synth 8-5559] multi-driven net Q is connected to constant driver, other driver is ignored [/home/ecelrc/students/agroszewski/arch18/vivado/lab1/lab1.srcs/sources_1/bd/bram_test/ipshared/a734/hdl/LFSR_v1_0_S00_AXI.v:225]
INFO: [Synth 8-3332] Sequential element (inst/LFSR_v1_0_S00_AXI_inst/slv_reg1_reg[18]__0) is unused and will be removed from module bram_test_LFSR_0_0.
CRITICAL WARNING: [Synth 8-3352] multi-driven net Q with 1st driver pin 'inst/LFSR_v1_0_S00_AXI_inst/slv_reg1_reg[18]__0/Q' [/home/ecelrc/students/agroszewski/arch18/vivado/lab1/lab1.srcs/sources_1/bd/bram_test/ipshared/a734/hdl/LFSR_v1_0_S00_AXI.v:225]
CRITICAL WARNING: [Synth 8-3352] multi-driven net Q with 2nd driver pin 'VCC' [/home/ecelrc/students/agroszewski/arch18/vivado/lab1/lab1.srcs/sources_1/bd/bram_test/ipshared/a734/hdl/LFSR_v1_0_S00_AXI.v:225]
CRITICAL WARNING: [Synth 8-5559] multi-driven net Q is connected to constant driver, other driver is ignored [/home/ecelrc/students/agroszewski/arch18/vivado/lab1/lab1.srcs/sources_1/bd/bram_test/ipshared/a734/hdl/LFSR_v1_0_S00_AXI.v:225]
INFO: [Synth 8-3332] Sequential element (inst/LFSR_v1_0_S00_AXI_inst/slv_reg1_reg[17]__0) is unused and will be removed from module bram_test_LFSR_0_0.
CRITICAL WARNING: [Synth 8-3352] multi-driven net Q with 1st driver pin 'inst/LFSR_v1_0_S00_AXI_inst/slv_reg1_reg[17]__0/Q' [/home/ecelrc/students/agroszewski/arch18/vivado/lab1/lab1.srcs/sources_1/bd/bram_test/ipshared/a734/hdl/LFSR_v1_0_S00_AXI.v:225]
CRITICAL WARNING: [Synth 8-3352] multi-driven net Q with 2nd driver pin 'VCC' [/home/ecelrc/students/agroszewski/arch18/vivado/lab1/lab1.srcs/sources_1/bd/bram_test/ipshared/a734/hdl/LFSR_v1_0_S00_AXI.v:225]
CRITICAL WARNING: [Synth 8-5559] multi-driven net Q is connected to constant driver, other driver is ignored [/home/ecelrc/students/agroszewski/arch18/vivado/lab1/lab1.srcs/sources_1/bd/bram_test/ipshared/a734/hdl/LFSR_v1_0_S00_AXI.v:225]
INFO: [Synth 8-3332] Sequential element (inst/LFSR_v1_0_S00_AXI_inst/slv_reg1_reg[16]__0) is unused and will be removed from module bram_test_LFSR_0_0.
CRITICAL WARNING: [Synth 8-3352] multi-driven net Q with 1st driver pin 'inst/LFSR_v1_0_S00_AXI_inst/slv_reg1_reg[16]__0/Q' [/home/ecelrc/students/agroszewski/arch18/vivado/lab1/lab1.srcs/sources_1/bd/bram_test/ipshared/a734/hdl/LFSR_v1_0_S00_AXI.v:225]
CRITICAL WARNING: [Synth 8-3352] multi-driven net Q with 2nd driver pin 'VCC' [/home/ecelrc/students/agroszewski/arch18/vivado/lab1/lab1.srcs/sources_1/bd/bram_test/ipshared/a734/hdl/LFSR_v1_0_S00_AXI.v:225]
CRITICAL WARNING: [Synth 8-5559] multi-driven net Q is connected to constant driver, other driver is ignored [/home/ecelrc/students/agroszewski/arch18/vivado/lab1/lab1.srcs/sources_1/bd/bram_test/ipshared/a734/hdl/LFSR_v1_0_S00_AXI.v:225]
INFO: [Synth 8-3332] Sequential element (inst/LFSR_v1_0_S00_AXI_inst/slv_reg1_reg[15]__0) is unused and will be removed from module bram_test_LFSR_0_0.
CRITICAL WARNING: [Synth 8-3352] multi-driven net Q with 1st driver pin 'inst/LFSR_v1_0_S00_AXI_inst/slv_reg1_reg[15]__0/Q' [/home/ecelrc/students/agroszewski/arch18/vivado/lab1/lab1.srcs/sources_1/bd/bram_test/ipshared/a734/hdl/LFSR_v1_0_S00_AXI.v:225]
CRITICAL WARNING: [Synth 8-3352] multi-driven net Q with 2nd driver pin 'VCC' [/home/ecelrc/students/agroszewski/arch18/vivado/lab1/lab1.srcs/sources_1/bd/bram_test/ipshared/a734/hdl/LFSR_v1_0_S00_AXI.v:225]
CRITICAL WARNING: [Synth 8-5559] multi-driven net Q is connected to constant driver, other driver is ignored [/home/ecelrc/students/agroszewski/arch18/vivado/lab1/lab1.srcs/sources_1/bd/bram_test/ipshared/a734/hdl/LFSR_v1_0_S00_AXI.v:225]
INFO: [Synth 8-3332] Sequential element (inst/LFSR_v1_0_S00_AXI_inst/slv_reg1_reg[14]__0) is unused and will be removed from module bram_test_LFSR_0_0.
CRITICAL WARNING: [Synth 8-3352] multi-driven net Q with 1st driver pin 'inst/LFSR_v1_0_S00_AXI_inst/slv_reg1_reg[14]__0/Q' [/home/ecelrc/students/agroszewski/arch18/vivado/lab1/lab1.srcs/sources_1/bd/bram_test/ipshared/a734/hdl/LFSR_v1_0_S00_AXI.v:225]
CRITICAL WARNING: [Synth 8-3352] multi-driven net Q with 2nd driver pin 'VCC' [/home/ecelrc/students/agroszewski/arch18/vivado/lab1/lab1.srcs/sources_1/bd/bram_test/ipshared/a734/hdl/LFSR_v1_0_S00_AXI.v:225]
CRITICAL WARNING: [Synth 8-5559] multi-driven net Q is connected to constant driver, other driver is ignored [/home/ecelrc/students/agroszewski/arch18/vivado/lab1/lab1.srcs/sources_1/bd/bram_test/ipshared/a734/hdl/LFSR_v1_0_S00_AXI.v:225]
INFO: [Synth 8-3332] Sequential element (inst/LFSR_v1_0_S00_AXI_inst/slv_reg1_reg[13]__0) is unused and will be removed from module bram_test_LFSR_0_0.
CRITICAL WARNING: [Synth 8-3352] multi-driven net Q with 1st driver pin 'inst/LFSR_v1_0_S00_AXI_inst/slv_reg1_reg[13]__0/Q' [/home/ecelrc/students/agroszewski/arch18/vivado/lab1/lab1.srcs/sources_1/bd/bram_test/ipshared/a734/hdl/LFSR_v1_0_S00_AXI.v:225]
CRITICAL WARNING: [Synth 8-3352] multi-driven net Q with 2nd driver pin 'VCC' [/home/ecelrc/students/agroszewski/arch18/vivado/lab1/lab1.srcs/sources_1/bd/bram_test/ipshared/a734/hdl/LFSR_v1_0_S00_AXI.v:225]
CRITICAL WARNING: [Synth 8-5559] multi-driven net Q is connected to constant driver, other driver is ignored [/home/ecelrc/students/agroszewski/arch18/vivado/lab1/lab1.srcs/sources_1/bd/bram_test/ipshared/a734/hdl/LFSR_v1_0_S00_AXI.v:225]
INFO: [Synth 8-3332] Sequential element (inst/LFSR_v1_0_S00_AXI_inst/slv_reg1_reg[12]__0) is unused and will be removed from module bram_test_LFSR_0_0.
CRITICAL WARNING: [Synth 8-3352] multi-driven net Q with 1st driver pin 'inst/LFSR_v1_0_S00_AXI_inst/slv_reg1_reg[12]__0/Q' [/home/ecelrc/students/agroszewski/arch18/vivado/lab1/lab1.srcs/sources_1/bd/bram_test/ipshared/a734/hdl/LFSR_v1_0_S00_AXI.v:225]
CRITICAL WARNING: [Synth 8-3352] multi-driven net Q with 2nd driver pin 'VCC' [/home/ecelrc/students/agroszewski/arch18/vivado/lab1/lab1.srcs/sources_1/bd/bram_test/ipshared/a734/hdl/LFSR_v1_0_S00_AXI.v:225]
CRITICAL WARNING: [Synth 8-5559] multi-driven net Q is connected to constant driver, other driver is ignored [/home/ecelrc/students/agroszewski/arch18/vivado/lab1/lab1.srcs/sources_1/bd/bram_test/ipshared/a734/hdl/LFSR_v1_0_S00_AXI.v:225]
INFO: [Synth 8-3332] Sequential element (inst/LFSR_v1_0_S00_AXI_inst/slv_reg1_reg[11]__0) is unused and will be removed from module bram_test_LFSR_0_0.
CRITICAL WARNING: [Synth 8-3352] multi-driven net Q with 1st driver pin 'inst/LFSR_v1_0_S00_AXI_inst/slv_reg1_reg[11]__0/Q' [/home/ecelrc/students/agroszewski/arch18/vivado/lab1/lab1.srcs/sources_1/bd/bram_test/ipshared/a734/hdl/LFSR_v1_0_S00_AXI.v:225]
CRITICAL WARNING: [Synth 8-3352] multi-driven net Q with 2nd driver pin 'VCC' [/home/ecelrc/students/agroszewski/arch18/vivado/lab1/lab1.srcs/sources_1/bd/bram_test/ipshared/a734/hdl/LFSR_v1_0_S00_AXI.v:225]
CRITICAL WARNING: [Synth 8-5559] multi-driven net Q is connected to constant driver, other driver is ignored [/home/ecelrc/students/agroszewski/arch18/vivado/lab1/lab1.srcs/sources_1/bd/bram_test/ipshared/a734/hdl/LFSR_v1_0_S00_AXI.v:225]
INFO: [Synth 8-3332] Sequential element (inst/LFSR_v1_0_S00_AXI_inst/slv_reg1_reg[10]__0) is unused and will be removed from module bram_test_LFSR_0_0.
CRITICAL WARNING: [Synth 8-3352] multi-driven net Q with 1st driver pin 'inst/LFSR_v1_0_S00_AXI_inst/slv_reg1_reg[10]__0/Q' [/home/ecelrc/students/agroszewski/arch18/vivado/lab1/lab1.srcs/sources_1/bd/bram_test/ipshared/a734/hdl/LFSR_v1_0_S00_AXI.v:225]
CRITICAL WARNING: [Synth 8-3352] multi-driven net Q with 2nd driver pin 'VCC' [/home/ecelrc/students/agroszewski/arch18/vivado/lab1/lab1.srcs/sources_1/bd/bram_test/ipshared/a734/hdl/LFSR_v1_0_S00_AXI.v:225]
CRITICAL WARNING: [Synth 8-5559] multi-driven net Q is connected to constant driver, other driver is ignored [/home/ecelrc/students/agroszewski/arch18/vivado/lab1/lab1.srcs/sources_1/bd/bram_test/ipshared/a734/hdl/LFSR_v1_0_S00_AXI.v:225]
INFO: [Synth 8-3332] Sequential element (inst/LFSR_v1_0_S00_AXI_inst/slv_reg1_reg[9]__0) is unused and will be removed from module bram_test_LFSR_0_0.
CRITICAL WARNING: [Synth 8-3352] multi-driven net Q with 1st driver pin 'inst/LFSR_v1_0_S00_AXI_inst/slv_reg1_reg[9]__0/Q' [/home/ecelrc/students/agroszewski/arch18/vivado/lab1/lab1.srcs/sources_1/bd/bram_test/ipshared/a734/hdl/LFSR_v1_0_S00_AXI.v:225]
CRITICAL WARNING: [Synth 8-3352] multi-driven net Q with 2nd driver pin 'VCC' [/home/ecelrc/students/agroszewski/arch18/vivado/lab1/lab1.srcs/sources_1/bd/bram_test/ipshared/a734/hdl/LFSR_v1_0_S00_AXI.v:225]
CRITICAL WARNING: [Synth 8-5559] multi-driven net Q is connected to constant driver, other driver is ignored [/home/ecelrc/students/agroszewski/arch18/vivado/lab1/lab1.srcs/sources_1/bd/bram_test/ipshared/a734/hdl/LFSR_v1_0_S00_AXI.v:225]
INFO: [Synth 8-3332] Sequential element (inst/LFSR_v1_0_S00_AXI_inst/slv_reg1_reg[8]__0) is unused and will be removed from module bram_test_LFSR_0_0.
CRITICAL WARNING: [Synth 8-3352] multi-driven net Q with 1st driver pin 'inst/LFSR_v1_0_S00_AXI_inst/slv_reg1_reg[8]__0/Q' [/home/ecelrc/students/agroszewski/arch18/vivado/lab1/lab1.srcs/sources_1/bd/bram_test/ipshared/a734/hdl/LFSR_v1_0_S00_AXI.v:225]
CRITICAL WARNING: [Synth 8-3352] multi-driven net Q with 2nd driver pin 'VCC' [/home/ecelrc/students/agroszewski/arch18/vivado/lab1/lab1.srcs/sources_1/bd/bram_test/ipshared/a734/hdl/LFSR_v1_0_S00_AXI.v:225]
CRITICAL WARNING: [Synth 8-5559] multi-driven net Q is connected to constant driver, other driver is ignored [/home/ecelrc/students/agroszewski/arch18/vivado/lab1/lab1.srcs/sources_1/bd/bram_test/ipshared/a734/hdl/LFSR_v1_0_S00_AXI.v:225]
INFO: [Synth 8-3332] Sequential element (inst/LFSR_v1_0_S00_AXI_inst/slv_reg1_reg[7]__0) is unused and will be removed from module bram_test_LFSR_0_0.
CRITICAL WARNING: [Synth 8-3352] multi-driven net Q with 1st driver pin 'inst/LFSR_v1_0_S00_AXI_inst/slv_reg1_reg[7]__0/Q' [/home/ecelrc/students/agroszewski/arch18/vivado/lab1/lab1.srcs/sources_1/bd/bram_test/ipshared/a734/hdl/LFSR_v1_0_S00_AXI.v:225]
CRITICAL WARNING: [Synth 8-3352] multi-driven net Q with 2nd driver pin 'VCC' [/home/ecelrc/students/agroszewski/arch18/vivado/lab1/lab1.srcs/sources_1/bd/bram_test/ipshared/a734/hdl/LFSR_v1_0_S00_AXI.v:225]
CRITICAL WARNING: [Synth 8-5559] multi-driven net Q is connected to constant driver, other driver is ignored [/home/ecelrc/students/agroszewski/arch18/vivado/lab1/lab1.srcs/sources_1/bd/bram_test/ipshared/a734/hdl/LFSR_v1_0_S00_AXI.v:225]
INFO: [Synth 8-3332] Sequential element (inst/LFSR_v1_0_S00_AXI_inst/slv_reg1_reg[6]__0) is unused and will be removed from module bram_test_LFSR_0_0.
CRITICAL WARNING: [Synth 8-3352] multi-driven net Q with 1st driver pin 'inst/LFSR_v1_0_S00_AXI_inst/slv_reg1_reg[6]__0/Q' [/home/ecelrc/students/agroszewski/arch18/vivado/lab1/lab1.srcs/sources_1/bd/bram_test/ipshared/a734/hdl/LFSR_v1_0_S00_AXI.v:225]
CRITICAL WARNING: [Synth 8-3352] multi-driven net Q with 2nd driver pin 'VCC' [/home/ecelrc/students/agroszewski/arch18/vivado/lab1/lab1.srcs/sources_1/bd/bram_test/ipshared/a734/hdl/LFSR_v1_0_S00_AXI.v:225]
CRITICAL WARNING: [Synth 8-5559] multi-driven net Q is connected to constant driver, other driver is ignored [/home/ecelrc/students/agroszewski/arch18/vivado/lab1/lab1.srcs/sources_1/bd/bram_test/ipshared/a734/hdl/LFSR_v1_0_S00_AXI.v:225]
INFO: [Synth 8-3332] Sequential element (inst/LFSR_v1_0_S00_AXI_inst/slv_reg1_reg[5]__0) is unused and will be removed from module bram_test_LFSR_0_0.
CRITICAL WARNING: [Synth 8-3352] multi-driven net Q with 1st driver pin 'inst/LFSR_v1_0_S00_AXI_inst/slv_reg1_reg[5]__0/Q' [/home/ecelrc/students/agroszewski/arch18/vivado/lab1/lab1.srcs/sources_1/bd/bram_test/ipshared/a734/hdl/LFSR_v1_0_S00_AXI.v:225]
CRITICAL WARNING: [Synth 8-3352] multi-driven net Q with 2nd driver pin 'VCC' [/home/ecelrc/students/agroszewski/arch18/vivado/lab1/lab1.srcs/sources_1/bd/bram_test/ipshared/a734/hdl/LFSR_v1_0_S00_AXI.v:225]
CRITICAL WARNING: [Synth 8-5559] multi-driven net Q is connected to constant driver, other driver is ignored [/home/ecelrc/students/agroszewski/arch18/vivado/lab1/lab1.srcs/sources_1/bd/bram_test/ipshared/a734/hdl/LFSR_v1_0_S00_AXI.v:225]
INFO: [Synth 8-3332] Sequential element (inst/LFSR_v1_0_S00_AXI_inst/slv_reg1_reg[4]__0) is unused and will be removed from module bram_test_LFSR_0_0.
CRITICAL WARNING: [Synth 8-3352] multi-driven net Q with 1st driver pin 'inst/LFSR_v1_0_S00_AXI_inst/slv_reg1_reg[4]__0/Q' [/home/ecelrc/students/agroszewski/arch18/vivado/lab1/lab1.srcs/sources_1/bd/bram_test/ipshared/a734/hdl/LFSR_v1_0_S00_AXI.v:225]
CRITICAL WARNING: [Synth 8-3352] multi-driven net Q with 2nd driver pin 'VCC' [/home/ecelrc/students/agroszewski/arch18/vivado/lab1/lab1.srcs/sources_1/bd/bram_test/ipshared/a734/hdl/LFSR_v1_0_S00_AXI.v:225]
CRITICAL WARNING: [Synth 8-5559] multi-driven net Q is connected to constant driver, other driver is ignored [/home/ecelrc/students/agroszewski/arch18/vivado/lab1/lab1.srcs/sources_1/bd/bram_test/ipshared/a734/hdl/LFSR_v1_0_S00_AXI.v:225]
INFO: [Synth 8-3332] Sequential element (inst/LFSR_v1_0_S00_AXI_inst/slv_reg1_reg[3]__0) is unused and will be removed from module bram_test_LFSR_0_0.
CRITICAL WARNING: [Synth 8-3352] multi-driven net Q with 1st driver pin 'inst/LFSR_v1_0_S00_AXI_inst/slv_reg1_reg[3]__0/Q' [/home/ecelrc/students/agroszewski/arch18/vivado/lab1/lab1.srcs/sources_1/bd/bram_test/ipshared/a734/hdl/LFSR_v1_0_S00_AXI.v:225]
CRITICAL WARNING: [Synth 8-3352] multi-driven net Q with 2nd driver pin 'VCC' [/home/ecelrc/students/agroszewski/arch18/vivado/lab1/lab1.srcs/sources_1/bd/bram_test/ipshared/a734/hdl/LFSR_v1_0_S00_AXI.v:225]
CRITICAL WARNING: [Synth 8-5559] multi-driven net Q is connected to constant driver, other driver is ignored [/home/ecelrc/students/agroszewski/arch18/vivado/lab1/lab1.srcs/sources_1/bd/bram_test/ipshared/a734/hdl/LFSR_v1_0_S00_AXI.v:225]
INFO: [Synth 8-3332] Sequential element (inst/LFSR_v1_0_S00_AXI_inst/slv_reg1_reg[2]__0) is unused and will be removed from module bram_test_LFSR_0_0.
CRITICAL WARNING: [Synth 8-3352] multi-driven net Q with 1st driver pin 'inst/LFSR_v1_0_S00_AXI_inst/slv_reg1_reg[2]__0/Q' [/home/ecelrc/students/agroszewski/arch18/vivado/lab1/lab1.srcs/sources_1/bd/bram_test/ipshared/a734/hdl/LFSR_v1_0_S00_AXI.v:225]
CRITICAL WARNING: [Synth 8-3352] multi-driven net Q with 2nd driver pin 'VCC' [/home/ecelrc/students/agroszewski/arch18/vivado/lab1/lab1.srcs/sources_1/bd/bram_test/ipshared/a734/hdl/LFSR_v1_0_S00_AXI.v:225]
CRITICAL WARNING: [Synth 8-5559] multi-driven net Q is connected to constant driver, other driver is ignored [/home/ecelrc/students/agroszewski/arch18/vivado/lab1/lab1.srcs/sources_1/bd/bram_test/ipshared/a734/hdl/LFSR_v1_0_S00_AXI.v:225]
INFO: [Synth 8-3332] Sequential element (inst/LFSR_v1_0_S00_AXI_inst/slv_reg1_reg[1]__0) is unused and will be removed from module bram_test_LFSR_0_0.
CRITICAL WARNING: [Synth 8-3352] multi-driven net Q with 1st driver pin 'inst/LFSR_v1_0_S00_AXI_inst/slv_reg1_reg[1]__0/Q' [/home/ecelrc/students/agroszewski/arch18/vivado/lab1/lab1.srcs/sources_1/bd/bram_test/ipshared/a734/hdl/LFSR_v1_0_S00_AXI.v:225]
CRITICAL WARNING: [Synth 8-3352] multi-driven net Q with 2nd driver pin 'VCC' [/home/ecelrc/students/agroszewski/arch18/vivado/lab1/lab1.srcs/sources_1/bd/bram_test/ipshared/a734/hdl/LFSR_v1_0_S00_AXI.v:225]
CRITICAL WARNING: [Synth 8-5559] multi-driven net Q is connected to constant driver, other driver is ignored [/home/ecelrc/students/agroszewski/arch18/vivado/lab1/lab1.srcs/sources_1/bd/bram_test/ipshared/a734/hdl/LFSR_v1_0_S00_AXI.v:225]
INFO: [Synth 8-3332] Sequential element (inst/LFSR_v1_0_S00_AXI_inst/slv_reg1_reg[0]__0) is unused and will be removed from module bram_test_LFSR_0_0.
CRITICAL WARNING: [Synth 8-3352] multi-driven net Q with 1st driver pin 'inst/LFSR_v1_0_S00_AXI_inst/slv_reg1_reg[0]__0/Q' [/home/ecelrc/students/agroszewski/arch18/vivado/lab1/lab1.srcs/sources_1/bd/bram_test/ipshared/a734/hdl/LFSR_v1_0_S00_AXI.v:225]
CRITICAL WARNING: [Synth 8-3352] multi-driven net Q with 2nd driver pin 'VCC' [/home/ecelrc/students/agroszewski/arch18/vivado/lab1/lab1.srcs/sources_1/bd/bram_test/ipshared/a734/hdl/LFSR_v1_0_S00_AXI.v:225]
CRITICAL WARNING: [Synth 8-5559] multi-driven net Q is connected to constant driver, other driver is ignored [/home/ecelrc/students/agroszewski/arch18/vivado/lab1/lab1.srcs/sources_1/bd/bram_test/ipshared/a734/hdl/LFSR_v1_0_S00_AXI.v:225]
INFO: [Synth 8-3332] Sequential element (inst/LFSR_v1_0_S00_AXI_inst/slv_reg0_reg[9]) is unused and will be removed from module bram_test_LFSR_0_0.
INFO: [Synth 8-3332] Sequential element (inst/LFSR_v1_0_S00_AXI_inst/slv_reg0_reg[8]) is unused and will be removed from module bram_test_LFSR_0_0.
INFO: [Synth 8-3332] Sequential element (inst/LFSR_v1_0_S00_AXI_inst/slv_reg0_reg[7]) is unused and will be removed from module bram_test_LFSR_0_0.
INFO: [Synth 8-3332] Sequential element (inst/LFSR_v1_0_S00_AXI_inst/slv_reg0_reg[6]) is unused and will be removed from module bram_test_LFSR_0_0.
INFO: [Synth 8-3332] Sequential element (inst/LFSR_v1_0_S00_AXI_inst/slv_reg0_reg[5]) is unused and will be removed from module bram_test_LFSR_0_0.
INFO: [Synth 8-3332] Sequential element (inst/LFSR_v1_0_S00_AXI_inst/slv_reg0_reg[4]) is unused and will be removed from module bram_test_LFSR_0_0.
INFO: [Synth 8-3332] Sequential element (inst/LFSR_v1_0_S00_AXI_inst/slv_reg0_reg[3]) is unused and will be removed from module bram_test_LFSR_0_0.
INFO: [Synth 8-3332] Sequential element (inst/LFSR_v1_0_S00_AXI_inst/slv_reg0_reg[2]) is unused and will be removed from module bram_test_LFSR_0_0.
INFO: [Synth 8-3332] Sequential element (inst/LFSR_v1_0_S00_AXI_inst/slv_reg0_reg[1]) is unused and will be removed from module bram_test_LFSR_0_0.
INFO: [Synth 8-3332] Sequential element (inst/LFSR_v1_0_S00_AXI_inst/slv_reg0_reg[9]__0) is unused and will be removed from module bram_test_LFSR_0_0.
CRITICAL WARNING: [Synth 8-3352] multi-driven net Q with 1st driver pin 'inst/LFSR_v1_0_S00_AXI_inst/slv_reg0_reg[9]__0/Q' [/home/ecelrc/students/agroszewski/arch18/vivado/lab1/lab1.srcs/sources_1/bd/bram_test/ipshared/a734/hdl/LFSR_v1_0_S00_AXI.v:224]
CRITICAL WARNING: [Synth 8-3352] multi-driven net Q with 2nd driver pin 'VCC' [/home/ecelrc/students/agroszewski/arch18/vivado/lab1/lab1.srcs/sources_1/bd/bram_test/ipshared/a734/hdl/LFSR_v1_0_S00_AXI.v:224]
CRITICAL WARNING: [Synth 8-5559] multi-driven net Q is connected to constant driver, other driver is ignored [/home/ecelrc/students/agroszewski/arch18/vivado/lab1/lab1.srcs/sources_1/bd/bram_test/ipshared/a734/hdl/LFSR_v1_0_S00_AXI.v:224]
INFO: [Synth 8-3332] Sequential element (inst/LFSR_v1_0_S00_AXI_inst/slv_reg0_reg[8]__0) is unused and will be removed from module bram_test_LFSR_0_0.
CRITICAL WARNING: [Synth 8-3352] multi-driven net Q with 1st driver pin 'inst/LFSR_v1_0_S00_AXI_inst/slv_reg0_reg[8]__0/Q' [/home/ecelrc/students/agroszewski/arch18/vivado/lab1/lab1.srcs/sources_1/bd/bram_test/ipshared/a734/hdl/LFSR_v1_0_S00_AXI.v:224]
CRITICAL WARNING: [Synth 8-3352] multi-driven net Q with 2nd driver pin 'VCC' [/home/ecelrc/students/agroszewski/arch18/vivado/lab1/lab1.srcs/sources_1/bd/bram_test/ipshared/a734/hdl/LFSR_v1_0_S00_AXI.v:224]
CRITICAL WARNING: [Synth 8-5559] multi-driven net Q is connected to constant driver, other driver is ignored [/home/ecelrc/students/agroszewski/arch18/vivado/lab1/lab1.srcs/sources_1/bd/bram_test/ipshared/a734/hdl/LFSR_v1_0_S00_AXI.v:224]
INFO: [Synth 8-3332] Sequential element (inst/LFSR_v1_0_S00_AXI_inst/slv_reg0_reg[7]__0) is unused and will be removed from module bram_test_LFSR_0_0.
CRITICAL WARNING: [Synth 8-3352] multi-driven net Q with 1st driver pin 'inst/LFSR_v1_0_S00_AXI_inst/slv_reg0_reg[7]__0/Q' [/home/ecelrc/students/agroszewski/arch18/vivado/lab1/lab1.srcs/sources_1/bd/bram_test/ipshared/a734/hdl/LFSR_v1_0_S00_AXI.v:224]
CRITICAL WARNING: [Synth 8-3352] multi-driven net Q with 2nd driver pin 'VCC' [/home/ecelrc/students/agroszewski/arch18/vivado/lab1/lab1.srcs/sources_1/bd/bram_test/ipshared/a734/hdl/LFSR_v1_0_S00_AXI.v:224]
CRITICAL WARNING: [Synth 8-5559] multi-driven net Q is connected to constant driver, other driver is ignored [/home/ecelrc/students/agroszewski/arch18/vivado/lab1/lab1.srcs/sources_1/bd/bram_test/ipshared/a734/hdl/LFSR_v1_0_S00_AXI.v:224]
INFO: [Synth 8-3332] Sequential element (inst/LFSR_v1_0_S00_AXI_inst/slv_reg0_reg[6]__0) is unused and will be removed from module bram_test_LFSR_0_0.
CRITICAL WARNING: [Synth 8-3352] multi-driven net Q with 1st driver pin 'inst/LFSR_v1_0_S00_AXI_inst/slv_reg0_reg[6]__0/Q' [/home/ecelrc/students/agroszewski/arch18/vivado/lab1/lab1.srcs/sources_1/bd/bram_test/ipshared/a734/hdl/LFSR_v1_0_S00_AXI.v:224]
CRITICAL WARNING: [Synth 8-3352] multi-driven net Q with 2nd driver pin 'VCC' [/home/ecelrc/students/agroszewski/arch18/vivado/lab1/lab1.srcs/sources_1/bd/bram_test/ipshared/a734/hdl/LFSR_v1_0_S00_AXI.v:224]
CRITICAL WARNING: [Synth 8-5559] multi-driven net Q is connected to constant driver, other driver is ignored [/home/ecelrc/students/agroszewski/arch18/vivado/lab1/lab1.srcs/sources_1/bd/bram_test/ipshared/a734/hdl/LFSR_v1_0_S00_AXI.v:224]
INFO: [Synth 8-3332] Sequential element (inst/LFSR_v1_0_S00_AXI_inst/slv_reg0_reg[5]__0) is unused and will be removed from module bram_test_LFSR_0_0.
CRITICAL WARNING: [Synth 8-3352] multi-driven net Q with 1st driver pin 'inst/LFSR_v1_0_S00_AXI_inst/slv_reg0_reg[5]__0/Q' [/home/ecelrc/students/agroszewski/arch18/vivado/lab1/lab1.srcs/sources_1/bd/bram_test/ipshared/a734/hdl/LFSR_v1_0_S00_AXI.v:224]
CRITICAL WARNING: [Synth 8-3352] multi-driven net Q with 2nd driver pin 'VCC' [/home/ecelrc/students/agroszewski/arch18/vivado/lab1/lab1.srcs/sources_1/bd/bram_test/ipshared/a734/hdl/LFSR_v1_0_S00_AXI.v:224]
CRITICAL WARNING: [Synth 8-5559] multi-driven net Q is connected to constant driver, other driver is ignored [/home/ecelrc/students/agroszewski/arch18/vivado/lab1/lab1.srcs/sources_1/bd/bram_test/ipshared/a734/hdl/LFSR_v1_0_S00_AXI.v:224]
INFO: [Synth 8-3332] Sequential element (inst/LFSR_v1_0_S00_AXI_inst/slv_reg0_reg[4]__0) is unused and will be removed from module bram_test_LFSR_0_0.
CRITICAL WARNING: [Synth 8-3352] multi-driven net Q with 1st driver pin 'inst/LFSR_v1_0_S00_AXI_inst/slv_reg0_reg[4]__0/Q' [/home/ecelrc/students/agroszewski/arch18/vivado/lab1/lab1.srcs/sources_1/bd/bram_test/ipshared/a734/hdl/LFSR_v1_0_S00_AXI.v:224]
CRITICAL WARNING: [Synth 8-3352] multi-driven net Q with 2nd driver pin 'VCC' [/home/ecelrc/students/agroszewski/arch18/vivado/lab1/lab1.srcs/sources_1/bd/bram_test/ipshared/a734/hdl/LFSR_v1_0_S00_AXI.v:224]
CRITICAL WARNING: [Synth 8-5559] multi-driven net Q is connected to constant driver, other driver is ignored [/home/ecelrc/students/agroszewski/arch18/vivado/lab1/lab1.srcs/sources_1/bd/bram_test/ipshared/a734/hdl/LFSR_v1_0_S00_AXI.v:224]
INFO: [Synth 8-3332] Sequential element (inst/LFSR_v1_0_S00_AXI_inst/slv_reg0_reg[3]__0) is unused and will be removed from module bram_test_LFSR_0_0.
CRITICAL WARNING: [Synth 8-3352] multi-driven net Q with 1st driver pin 'inst/LFSR_v1_0_S00_AXI_inst/slv_reg0_reg[3]__0/Q' [/home/ecelrc/students/agroszewski/arch18/vivado/lab1/lab1.srcs/sources_1/bd/bram_test/ipshared/a734/hdl/LFSR_v1_0_S00_AXI.v:224]
CRITICAL WARNING: [Synth 8-3352] multi-driven net Q with 2nd driver pin 'VCC' [/home/ecelrc/students/agroszewski/arch18/vivado/lab1/lab1.srcs/sources_1/bd/bram_test/ipshared/a734/hdl/LFSR_v1_0_S00_AXI.v:224]
CRITICAL WARNING: [Synth 8-5559] multi-driven net Q is connected to constant driver, other driver is ignored [/home/ecelrc/students/agroszewski/arch18/vivado/lab1/lab1.srcs/sources_1/bd/bram_test/ipshared/a734/hdl/LFSR_v1_0_S00_AXI.v:224]
INFO: [Synth 8-3332] Sequential element (inst/LFSR_v1_0_S00_AXI_inst/slv_reg0_reg[2]__0) is unused and will be removed from module bram_test_LFSR_0_0.
CRITICAL WARNING: [Synth 8-3352] multi-driven net Q with 1st driver pin 'inst/LFSR_v1_0_S00_AXI_inst/slv_reg0_reg[2]__0/Q' [/home/ecelrc/students/agroszewski/arch18/vivado/lab1/lab1.srcs/sources_1/bd/bram_test/ipshared/a734/hdl/LFSR_v1_0_S00_AXI.v:224]
CRITICAL WARNING: [Synth 8-3352] multi-driven net Q with 2nd driver pin 'VCC' [/home/ecelrc/students/agroszewski/arch18/vivado/lab1/lab1.srcs/sources_1/bd/bram_test/ipshared/a734/hdl/LFSR_v1_0_S00_AXI.v:224]
CRITICAL WARNING: [Synth 8-5559] multi-driven net Q is connected to constant driver, other driver is ignored [/home/ecelrc/students/agroszewski/arch18/vivado/lab1/lab1.srcs/sources_1/bd/bram_test/ipshared/a734/hdl/LFSR_v1_0_S00_AXI.v:224]
INFO: [Synth 8-3332] Sequential element (inst/LFSR_v1_0_S00_AXI_inst/slv_reg0_reg[1]__0) is unused and will be removed from module bram_test_LFSR_0_0.
CRITICAL WARNING: [Synth 8-3352] multi-driven net Q with 1st driver pin 'inst/LFSR_v1_0_S00_AXI_inst/slv_reg0_reg[1]__0/Q' [/home/ecelrc/students/agroszewski/arch18/vivado/lab1/lab1.srcs/sources_1/bd/bram_test/ipshared/a734/hdl/LFSR_v1_0_S00_AXI.v:224]
CRITICAL WARNING: [Synth 8-3352] multi-driven net Q with 2nd driver pin 'VCC' [/home/ecelrc/students/agroszewski/arch18/vivado/lab1/lab1.srcs/sources_1/bd/bram_test/ipshared/a734/hdl/LFSR_v1_0_S00_AXI.v:224]
CRITICAL WARNING: [Synth 8-5559] multi-driven net Q is connected to constant driver, other driver is ignored [/home/ecelrc/students/agroszewski/arch18/vivado/lab1/lab1.srcs/sources_1/bd/bram_test/ipshared/a734/hdl/LFSR_v1_0_S00_AXI.v:224]
---------------------------------------------------------------------------------
Finished Cross Boundary and Area Optimization : Time (s): cpu = 00:00:41 ; elapsed = 00:01:19 . Memory (MB): peak = 1821.191 ; gain = 513.680 ; free physical = 62890 ; free virtual = 80388
---------------------------------------------------------------------------------

Report RTL Partitions: 
+-+--------------+------------+----------+
| |RTL Partition |Replication |Instances |
+-+--------------+------------+----------+
+-+--------------+------------+----------+
---------------------------------------------------------------------------------
Start Applying XDC Timing Constraints
---------------------------------------------------------------------------------
---------------------------------------------------------------------------------
Finished Applying XDC Timing Constraints : Time (s): cpu = 00:00:50 ; elapsed = 00:01:35 . Memory (MB): peak = 1821.191 ; gain = 513.680 ; free physical = 62763 ; free virtual = 80261
---------------------------------------------------------------------------------
---------------------------------------------------------------------------------
Start Timing Optimization
---------------------------------------------------------------------------------
---------------------------------------------------------------------------------
Finished Timing Optimization : Time (s): cpu = 00:00:50 ; elapsed = 00:01:35 . Memory (MB): peak = 1821.191 ; gain = 513.680 ; free physical = 62762 ; free virtual = 80260
---------------------------------------------------------------------------------

Report RTL Partitions: 
+-+--------------+------------+----------+
| |RTL Partition |Replication |Instances |
+-+--------------+------------+----------+
+-+--------------+------------+----------+
---------------------------------------------------------------------------------
Start Technology Mapping
---------------------------------------------------------------------------------
---------------------------------------------------------------------------------
Finished Technology Mapping : Time (s): cpu = 00:00:50 ; elapsed = 00:01:35 . Memory (MB): peak = 1821.191 ; gain = 513.680 ; free physical = 62763 ; free virtual = 80261
---------------------------------------------------------------------------------

Report RTL Partitions: 
+-+--------------+------------+----------+
| |RTL Partition |Replication |Instances |
+-+--------------+------------+----------+
+-+--------------+------------+----------+
---------------------------------------------------------------------------------
Start IO Insertion
---------------------------------------------------------------------------------
---------------------------------------------------------------------------------
Start Flattening Before IO Insertion
---------------------------------------------------------------------------------
---------------------------------------------------------------------------------
Finished Flattening Before IO Insertion
---------------------------------------------------------------------------------
---------------------------------------------------------------------------------
Start Final Netlist Cleanup
---------------------------------------------------------------------------------
---------------------------------------------------------------------------------
Finished Final Netlist Cleanup
---------------------------------------------------------------------------------
---------------------------------------------------------------------------------
Finished IO Insertion : Time (s): cpu = 00:00:51 ; elapsed = 00:01:36 . Memory (MB): peak = 1821.191 ; gain = 513.680 ; free physical = 62761 ; free virtual = 80259
---------------------------------------------------------------------------------

Report Check Netlist: 
+------+------------------+-------+---------+-------+------------------+
|      |Item              |Errors |Warnings |Status |Description       |
+------+------------------+-------+---------+-------+------------------+
|1     |multi_driven_nets |      0|        0|Passed |Multi driven nets |
+------+------------------+-------+---------+-------+------------------+
---------------------------------------------------------------------------------
Start Renaming Generated Instances
---------------------------------------------------------------------------------
---------------------------------------------------------------------------------
Finished Renaming Generated Instances : Time (s): cpu = 00:00:51 ; elapsed = 00:01:36 . Memory (MB): peak = 1821.191 ; gain = 513.680 ; free physical = 62761 ; free virtual = 80259
---------------------------------------------------------------------------------

Report RTL Partitions: 
+-+--------------+------------+----------+
| |RTL Partition |Replication |Instances |
+-+--------------+------------+----------+
+-+--------------+------------+----------+
---------------------------------------------------------------------------------
Start Rebuilding User Hierarchy
---------------------------------------------------------------------------------
---------------------------------------------------------------------------------
Finished Rebuilding User Hierarchy : Time (s): cpu = 00:00:51 ; elapsed = 00:01:36 . Memory (MB): peak = 1821.191 ; gain = 513.680 ; free physical = 62761 ; free virtual = 80259
---------------------------------------------------------------------------------
---------------------------------------------------------------------------------
Start Renaming Generated Ports
---------------------------------------------------------------------------------
---------------------------------------------------------------------------------
Finished Renaming Generated Ports : Time (s): cpu = 00:00:51 ; elapsed = 00:01:36 . Memory (MB): peak = 1821.191 ; gain = 513.680 ; free physical = 62761 ; free virtual = 80259
---------------------------------------------------------------------------------
---------------------------------------------------------------------------------
Start Handling Custom Attributes
---------------------------------------------------------------------------------
---------------------------------------------------------------------------------
Finished Handling Custom Attributes : Time (s): cpu = 00:00:51 ; elapsed = 00:01:36 . Memory (MB): peak = 1821.191 ; gain = 513.680 ; free physical = 62760 ; free virtual = 80258
---------------------------------------------------------------------------------
---------------------------------------------------------------------------------
Start Renaming Generated Nets
---------------------------------------------------------------------------------
---------------------------------------------------------------------------------
Finished Renaming Generated Nets : Time (s): cpu = 00:00:51 ; elapsed = 00:01:36 . Memory (MB): peak = 1821.191 ; gain = 513.680 ; free physical = 62760 ; free virtual = 80258
---------------------------------------------------------------------------------
---------------------------------------------------------------------------------
Start Writing Synthesis Report
---------------------------------------------------------------------------------

Report BlackBoxes: 
+-+--------------+----------+
| |BlackBox name |Instances |
+-+--------------+----------+
+-+--------------+----------+

Report Cell Usage: 
+------+-----+------+
|      |Cell |Count |
+------+-----+------+
|1     |LUT1 |     1|
|2     |LUT2 |     1|
|3     |LUT3 |     1|
|4     |LUT4 |    46|
|5     |LUT6 |     4|
|6     |FDRE |   105|
|7     |FDSE |     1|
+------+-----+------+

Report Instance Areas: 
+------+---------------------------+------------------+------+
|      |Instance                   |Module            |Cells |
+------+---------------------------+------------------+------+
|1     |top                        |                  |   159|
|2     |  inst                     |LFSR_v1_0         |   159|
|3     |    LFSR_v1_0_S00_AXI_inst |LFSR_v1_0_S00_AXI |   159|
+------+---------------------------+------------------+------+
---------------------------------------------------------------------------------
Finished Writing Synthesis Report : Time (s): cpu = 00:00:51 ; elapsed = 00:01:36 . Memory (MB): peak = 1821.191 ; gain = 513.680 ; free physical = 62760 ; free virtual = 80258
---------------------------------------------------------------------------------
Synthesis finished with 0 errors, 123 critical warnings and 6 warnings.
Synthesis Optimization Runtime : Time (s): cpu = 00:00:37 ; elapsed = 00:00:47 . Memory (MB): peak = 1821.191 ; gain = 124.539 ; free physical = 62817 ; free virtual = 80315
Synthesis Optimization Complete : Time (s): cpu = 00:00:51 ; elapsed = 00:01:36 . Memory (MB): peak = 1821.191 ; gain = 513.680 ; free physical = 62823 ; free virtual = 80322
INFO: [Project 1-571] Translating synthesized netlist
INFO: [Project 1-570] Preparing netlist for logic optimization
INFO: [Opt 31-138] Pushed 0 inverter(s) to 0 load pin(s).
INFO: [Project 1-111] Unisim Transformation Summary:
No Unisim elements were transformed.

INFO: [Common 17-83] Releasing license: Synthesis
134 Infos, 12 Warnings, 123 Critical Warnings and 0 Errors encountered.
synth_design completed successfully
synth_design: Time (s): cpu = 00:00:53 ; elapsed = 00:01:37 . Memory (MB): peak = 1821.191 ; gain = 538.504 ; free physical = 62815 ; free virtual = 80313
INFO: [Common 17-1381] The checkpoint '/home/ecelrc/students/agroszewski/arch18/vivado/lab1/lab1.runs/bram_test_LFSR_0_0_synth_1/bram_test_LFSR_0_0.dcp' has been generated.
