#-----------------------------------------------------------
# Vivado v2017.3 (64-bit)
# SW Build 2018833 on Wed Oct  4 19:58:07 MDT 2017
# IP Build 2016188 on Wed Oct  4 21:52:56 MDT 2017
# Start of session at: Tue Jan 16 20:28:31 2018
# Process ID: 10688
# Current directory: /home/ecelrc/students/agroszewski/arch18/vivado/tutorial1
# Command line: vivado
# Log file: /home/ecelrc/students/agroszewski/arch18/vivado/tutorial1/vivado.log
# Journal file: /home/ecelrc/students/agroszewski/arch18/vivado/tutorial1/vivado.jou
#-----------------------------------------------------------
start_gui
open_project /home/ecelrc/students/agroszewski/arch18/vivado/tutorial1/tutorial1.xpr
Scanning sources...
Finished scanning sources
INFO: [IP_Flow 19-234] Refreshing IP repositories
INFO: [IP_Flow 19-1704] No user IP repositories specified
INFO: [IP_Flow 19-2313] Loaded Vivado IP repository '/usr/local/packages/xilinx_2017/Vivado/2017.3/data/ip'.
open_project: Time (s): cpu = 00:00:14 ; elapsed = 00:00:07 . Memory (MB): peak = 6216.977 ; gain = 39.129 ; free physical = 86707 ; free virtual = 95547
update_compile_order -fileset sources_1
exit
INFO: [Common 17-206] Exiting Vivado at Wed Jan 17 21:50:38 2018...
