# Preference setting overrides
gui_create_pref_key -category {Globals} -key {load_detail_for_funcov} -value_type {bool} -value {false}

# State setting overrides
gui_state_default_create -off -ini
gui_set_state_value -category Globals -key recent_databases -value {{gui_open_db -file /home/ecelrc/students/agroszewski/arch18/verilog/lfsr_axi_v2/lfsr_axi_tb.dump -design V1} {gui_open_db -file /home/ecelrc/students/agroszewski/arch18/verilog/lfsr_axi_v2/lfsr_tb.dump -design V1} {gui_open_db -file /home/ecelrc/students/agroszewski/arch18/verilog/lfsr_axi/lfsr_axi_tb.dump -design V5} {gui_open_db -file /home/ecelrc/students/agroszewski/arch18/verilog/lfsr_axi/lfsr_axi_tb.dump -design V4} {gui_open_db -file /home/ecelrc/students/agroszewski/arch18/verilog/lfsr_axi/lfsr_axi_tb.dump -design V3}}
gui_set_state_value -category Layout -key child_console_size_x -value 1417
gui_set_state_value -category Layout -key child_console_size_y -value 136
gui_set_state_value -category Layout -key child_data_size_x -value 244
gui_set_state_value -category Layout -key child_data_size_y -value 456
gui_set_state_value -category Layout -key child_hier_col3 -value {-1}
gui_set_state_value -category Layout -key child_hier_colpd -value 0
gui_set_state_value -category Layout -key child_hier_size_x -value 131
gui_set_state_value -category Layout -key child_hier_size_y -value 456
gui_set_state_value -category Layout -key child_source_docknewline -value false
gui_set_state_value -category Layout -key child_source_pos_x -value {-2}
gui_set_state_value -category Layout -key child_source_pos_y -value {-15}
gui_set_state_value -category Layout -key child_source_size_x -value 1045
gui_set_state_value -category Layout -key child_source_size_y -value 451
gui_set_state_value -category Layout -key child_wave_colname -value 206
gui_set_state_value -category Layout -key child_wave_colvalue -value 206
gui_set_state_value -category Layout -key child_wave_left -value 417
gui_set_state_value -category Layout -key child_wave_right -value 1017
gui_set_state_value -category Layout -key main_pos_x -value 2
gui_set_state_value -category Layout -key main_pos_y -value 73
gui_set_state_value -category Layout -key main_size_x -value 1419
gui_set_state_value -category Layout -key main_size_y -value 760
gui_set_state_value -category Layout -key stand_source_child_docknewline -value false
gui_set_state_value -category Layout -key stand_source_child_pos_x -value {-2}
gui_set_state_value -category Layout -key stand_source_child_pos_y -value {-15}
gui_set_state_value -category Layout -key stand_source_child_size_x -value 1077
gui_set_state_value -category Layout -key stand_source_child_size_y -value 447
gui_set_state_value -category Layout -key stand_wave_child_docknewline -value false
gui_set_state_value -category Layout -key stand_wave_child_pos_x -value {-2}
gui_set_state_value -category Layout -key stand_wave_child_pos_y -value {-15}
gui_set_state_value -category Layout -key stand_wave_child_size_x -value 1444
gui_set_state_value -category Layout -key stand_wave_child_size_y -value 611
gui_set_state_value -category Layout -key stand_wave_top_pos_x -value 0
gui_set_state_value -category Layout -key stand_wave_top_pos_y -value 53
gui_set_state_value -category Layout -key stand_wave_top_size_x -value 1439
gui_set_state_value -category Layout -key stand_wave_top_size_y -value 764
gui_create_state_key -category FindDialog -key m_pMatchCase -value_type bool -value false
gui_create_state_key -category FindDialog -key m_pMatchWord -value_type bool -value false
gui_create_state_key -category FindDialog -key m_pUseCombo -value_type string -value {}
gui_create_state_key -category FindDialog -key m_pWrapAround -value_type bool -value true
gui_state_default_create -off

# Begin command logging
gui_open_db -file /home/ecelrc/students/agroszewski/arch18/verilog/lfsr_axi_v2/lfsr_axi_tb.dump -design V1
gui_list_select -id Hier.1 -current_item_name lfsr_axi_tb -current_item_type Scope  -selected  { lfsr_axi_tb   }
gui_list_select -id Data.1 -selected  { lfsr_axi_tb.clk_50   }
gui_list_select -id Data.1 -selected  { lfsr_axi_tb.clk_50  lfsr_axi_tb.rstn   }
gui_list_select -id Hier.1 -current_item_name lfsr_axi_tb -current_item_type Scope  -selected  {  }
gui_list_expand -id  Hier.1   lfsr_axi_tb
gui_list_select -id Hier.1 -current_item_name lfsr_axi_tb.my_axi_lfsr -current_item_type Scope  -selected  { lfsr_axi_tb.my_axi_lfsr   }
gui_list_expand -id  Hier.1   lfsr_axi_tb.my_axi_lfsr
gui_list_select -id Hier.1 -current_item_name lfsr_axi_tb.my_axi_lfsr.LFSR_v1_0_S00_AXI_inst -current_item_type Scope  -selected  { lfsr_axi_tb.my_axi_lfsr.LFSR_v1_0_S00_AXI_inst   }
gui_list_select -id Data.1 -selected  { lfsr_axi_tb.my_axi_lfsr.LFSR_v1_0_S00_AXI_inst.S_AXI_ACLK   }
gui_list_select -id Data.1 -selected  { lfsr_axi_tb.my_axi_lfsr.LFSR_v1_0_S00_AXI_inst.S_AXI_ACLK  lfsr_axi_tb.my_axi_lfsr.LFSR_v1_0_S00_AXI_inst.S_AXI_ARESETN   }
gui_list_select -id Data.1 -selected  { lfsr_axi_tb.my_axi_lfsr.LFSR_v1_0_S00_AXI_inst.S_AXI_ACLK  lfsr_axi_tb.my_axi_lfsr.LFSR_v1_0_S00_AXI_inst.S_AXI_ARESETN  lfsr_axi_tb.my_axi_lfsr.LFSR_v1_0_S00_AXI_inst.S_AXI_ARVALID   }
gui_list_select -id Data.1 -selected  { lfsr_axi_tb.my_axi_lfsr.LFSR_v1_0_S00_AXI_inst.S_AXI_ACLK  lfsr_axi_tb.my_axi_lfsr.LFSR_v1_0_S00_AXI_inst.S_AXI_ARESETN  lfsr_axi_tb.my_axi_lfsr.LFSR_v1_0_S00_AXI_inst.S_AXI_ARVALID  {lfsr_axi_tb.my_axi_lfsr.LFSR_v1_0_S00_AXI_inst.S_AXI_RDATA[31:0]}   }
gui_open_window Wave
gui_list_add -id Wave.1 -from Data.1 { lfsr_axi_tb.my_axi_lfsr.LFSR_v1_0_S00_AXI_inst.S_AXI_ACLK lfsr_axi_tb.my_axi_lfsr.LFSR_v1_0_S00_AXI_inst.S_AXI_ARESETN lfsr_axi_tb.my_axi_lfsr.LFSR_v1_0_S00_AXI_inst.S_AXI_ARVALID {lfsr_axi_tb.my_axi_lfsr.LFSR_v1_0_S00_AXI_inst.S_AXI_RDATA[31:0]} } -insertionbar
gui_list_expand -id  Hier.1   lfsr_axi_tb.my_axi_lfsr.LFSR_v1_0_S00_AXI_inst
gui_list_select -id Hier.1 -current_item_name lfsr_axi_tb.my_axi_lfsr.LFSR_v1_0_S00_AXI_inst.prn_generator -current_item_type Scope  -selected  { lfsr_axi_tb.my_axi_lfsr.LFSR_v1_0_S00_AXI_inst.prn_generator   }
gui_list_select -id Data.1 -selected  { {lfsr_axi_tb.my_axi_lfsr.LFSR_v1_0_S00_AXI_inst.prn_generator.lfsr_data[31:0]}   }
gui_list_expand -id  Hier.1   lfsr_axi_tb.my_axi_lfsr.LFSR_v1_0_S00_AXI_inst.prn_generator
gui_list_select -id Hier.1 -current_item_name lfsr_axi_tb.my_axi_lfsr.LFSR_v1_0_S00_AXI_inst.prn_generator.addr_lfsr -current_item_type Scope  -selected  { lfsr_axi_tb.my_axi_lfsr.LFSR_v1_0_S00_AXI_inst.prn_generator.addr_lfsr   }
gui_list_select -id Data.1 -selected  { {lfsr_axi_tb.my_axi_lfsr.LFSR_v1_0_S00_AXI_inst.prn_generator.addr_lfsr.lfsr_out[9:0]}   }
gui_list_select -id Data.1 -selected  { {lfsr_axi_tb.my_axi_lfsr.LFSR_v1_0_S00_AXI_inst.prn_generator.addr_lfsr.lfsr_out[9:0]}  lfsr_axi_tb.my_axi_lfsr.LFSR_v1_0_S00_AXI_inst.prn_generator.addr_lfsr.clk  lfsr_axi_tb.my_axi_lfsr.LFSR_v1_0_S00_AXI_inst.prn_generator.addr_lfsr.rstn  lfsr_axi_tb.my_axi_lfsr.LFSR_v1_0_S00_AXI_inst.prn_generator.addr_lfsr.en  {lfsr_axi_tb.my_axi_lfsr.LFSR_v1_0_S00_AXI_inst.prn_generator.addr_lfsr.lfsr[9:0]}  lfsr_axi_tb.my_axi_lfsr.LFSR_v1_0_S00_AXI_inst.prn_generator.addr_lfsr.linear_feedback   }
gui_list_add -id Wave.1 -from Data.1 { {lfsr_axi_tb.my_axi_lfsr.LFSR_v1_0_S00_AXI_inst.prn_generator.addr_lfsr.lfsr_out[9:0]} lfsr_axi_tb.my_axi_lfsr.LFSR_v1_0_S00_AXI_inst.prn_generator.addr_lfsr.clk lfsr_axi_tb.my_axi_lfsr.LFSR_v1_0_S00_AXI_inst.prn_generator.addr_lfsr.rstn lfsr_axi_tb.my_axi_lfsr.LFSR_v1_0_S00_AXI_inst.prn_generator.addr_lfsr.en {lfsr_axi_tb.my_axi_lfsr.LFSR_v1_0_S00_AXI_inst.prn_generator.addr_lfsr.lfsr[9:0]} lfsr_axi_tb.my_axi_lfsr.LFSR_v1_0_S00_AXI_inst.prn_generator.addr_lfsr.linear_feedback } -insertionbar
gui_list_select -id Hier.1 -current_item_name lfsr_axi_tb.my_axi_lfsr.LFSR_v1_0_S00_AXI_inst.prn_generator.data_lfsr -current_item_type Scope  -selected  { lfsr_axi_tb.my_axi_lfsr.LFSR_v1_0_S00_AXI_inst.prn_generator.data_lfsr   }
gui_list_select -id Data.1 -selected  { {lfsr_axi_tb.my_axi_lfsr.LFSR_v1_0_S00_AXI_inst.prn_generator.data_lfsr.lfsr_out[31:0]}   }
gui_list_select -id Data.1 -selected  { {lfsr_axi_tb.my_axi_lfsr.LFSR_v1_0_S00_AXI_inst.prn_generator.data_lfsr.lfsr_out[31:0]}  lfsr_axi_tb.my_axi_lfsr.LFSR_v1_0_S00_AXI_inst.prn_generator.data_lfsr.clk  lfsr_axi_tb.my_axi_lfsr.LFSR_v1_0_S00_AXI_inst.prn_generator.data_lfsr.rstn  lfsr_axi_tb.my_axi_lfsr.LFSR_v1_0_S00_AXI_inst.prn_generator.data_lfsr.en  {lfsr_axi_tb.my_axi_lfsr.LFSR_v1_0_S00_AXI_inst.prn_generator.data_lfsr.lfsr[31:0]}   }
gui_list_select -id Data.1 -selected  { {lfsr_axi_tb.my_axi_lfsr.LFSR_v1_0_S00_AXI_inst.prn_generator.data_lfsr.lfsr_out[31:0]}  lfsr_axi_tb.my_axi_lfsr.LFSR_v1_0_S00_AXI_inst.prn_generator.data_lfsr.clk  lfsr_axi_tb.my_axi_lfsr.LFSR_v1_0_S00_AXI_inst.prn_generator.data_lfsr.rstn  lfsr_axi_tb.my_axi_lfsr.LFSR_v1_0_S00_AXI_inst.prn_generator.data_lfsr.en  {lfsr_axi_tb.my_axi_lfsr.LFSR_v1_0_S00_AXI_inst.prn_generator.data_lfsr.lfsr[31:0]}  lfsr_axi_tb.my_axi_lfsr.LFSR_v1_0_S00_AXI_inst.prn_generator.data_lfsr.linear_feedback   }
gui_list_add -id Wave.1 -from Data.1 { {lfsr_axi_tb.my_axi_lfsr.LFSR_v1_0_S00_AXI_inst.prn_generator.data_lfsr.lfsr_out[31:0]} lfsr_axi_tb.my_axi_lfsr.LFSR_v1_0_S00_AXI_inst.prn_generator.data_lfsr.clk lfsr_axi_tb.my_axi_lfsr.LFSR_v1_0_S00_AXI_inst.prn_generator.data_lfsr.rstn lfsr_axi_tb.my_axi_lfsr.LFSR_v1_0_S00_AXI_inst.prn_generator.data_lfsr.en {lfsr_axi_tb.my_axi_lfsr.LFSR_v1_0_S00_AXI_inst.prn_generator.data_lfsr.lfsr[31:0]} lfsr_axi_tb.my_axi_lfsr.LFSR_v1_0_S00_AXI_inst.prn_generator.data_lfsr.linear_feedback } -insertionbar
gui_wv_scroll_hslidermove -id  Wave.1 0
gui_zoom -window Wave.1 -factor 0.5
gui_zoom -window Wave.1 -factor 0.5
gui_zoom -window Wave.1 -factor 0.5
gui_zoom -window Wave.1 -factor 0.5
gui_zoom -window Wave.1 -factor 0.5
gui_zoom -window Wave.1 -factor 0.5
gui_zoom -window Wave.1 -factor 0.5
gui_zoom -window Wave.1 -factor 0.5
gui_zoom -window Wave.1 -factor 0.5
gui_zoom -window Wave.1 -factor 0.5
gui_zoom -window Wave.1 -factor 0.5
gui_wv_scroll_hslidermove -id  Wave.1 0
gui_list_select -id Wave.1 -selected  { {lfsr_axi_tb.my_axi_lfsr.LFSR_v1_0_S00_AXI_inst.S_AXI_RDATA[31:0]}   }
gui_list_select -id Hier.1 -current_item_name lfsr_axi_tb.my_axi_lfsr.LFSR_v1_0_S00_AXI_inst.prn_generator.addr_lfsr -current_item_type Scope  -selected  { lfsr_axi_tb.my_axi_lfsr.LFSR_v1_0_S00_AXI_inst.prn_generator.addr_lfsr   }
gui_list_select -id Hier.1 -current_item_name lfsr_axi_tb.my_axi_lfsr.LFSR_v1_0_S00_AXI_inst.prn_generator -current_item_type Scope  -selected  { lfsr_axi_tb.my_axi_lfsr.LFSR_v1_0_S00_AXI_inst.prn_generator   }
gui_list_select -id Hier.1 -current_item_name lfsr_axi_tb.my_axi_lfsr.LFSR_v1_0_S00_AXI_inst -current_item_type Scope  -selected  { lfsr_axi_tb.my_axi_lfsr.LFSR_v1_0_S00_AXI_inst   }
gui_list_select -id Data.1 -selected  { lfsr_axi_tb.my_axi_lfsr.LFSR_v1_0_S00_AXI_inst.addr_enable   }
gui_list_select -id Data.1 -selected  { lfsr_axi_tb.my_axi_lfsr.LFSR_v1_0_S00_AXI_inst.addr_enable  lfsr_axi_tb.my_axi_lfsr.LFSR_v1_0_S00_AXI_inst.data_enable   }
gui_list_add -id Wave.1 -from Data.1 { lfsr_axi_tb.my_axi_lfsr.LFSR_v1_0_S00_AXI_inst.addr_enable lfsr_axi_tb.my_axi_lfsr.LFSR_v1_0_S00_AXI_inst.data_enable } -insertionbar
gui_wv_scroll_hslidermove -id  Wave.1 0
gui_wv_scroll_hslidermove -id  Wave.1 0
gui_wv_scroll_hslidermove -id  Wave.1 39
gui_wv_scroll_hslidermove -id  Wave.1 0
gui_wv_scroll_hslidermove -id  Wave.1 400
gui_wv_scroll_hslidermove -id  Wave.1 612
gui_wv_scroll_hslidermove -id  Wave.1 203
gui_wv_scroll_hslidermove -id  Wave.1 0
gui_marker_move -id  Wave.1 C1 334507
gui_wv_scroll_hslidermove -id  Wave.1 152
gui_wv_scroll_hslidermove -id  Wave.1 746
gui_wv_scroll_hslidermove -id  Wave.1 182
gui_list_select -id Wave.1 -selected  { lfsr_axi_tb.my_axi_lfsr.LFSR_v1_0_S00_AXI_inst.prn_generator.addr_lfsr.clk   }
gui_list_select -id Wave.1 -selected  { lfsr_axi_tb.my_axi_lfsr.LFSR_v1_0_S00_AXI_inst.prn_generator.addr_lfsr.clk  lfsr_axi_tb.my_axi_lfsr.LFSR_v1_0_S00_AXI_inst.prn_generator.addr_lfsr.rstn   }
gui_delete_selected -id  Wave.1
gui_list_select -id Wave.1 -selected  { lfsr_axi_tb.my_axi_lfsr.LFSR_v1_0_S00_AXI_inst.prn_generator.data_lfsr.clk   }
gui_list_select -id Wave.1 -selected  { lfsr_axi_tb.my_axi_lfsr.LFSR_v1_0_S00_AXI_inst.prn_generator.data_lfsr.clk  lfsr_axi_tb.my_axi_lfsr.LFSR_v1_0_S00_AXI_inst.prn_generator.data_lfsr.rstn   }
gui_delete_selected -id  Wave.1
gui_wv_scroll_hslidermove -id  Wave.1 0
gui_wv_scroll_hslidermove -id  Wave.1 33
gui_wv_scroll_hslidermove -id  Wave.1 0
gui_zoom -window Wave.1 -factor 0.5
gui_wv_zoom_timerange -id  Wave.1 0 1302528
gui_wv_zoom_timerange -id  Wave.1 0 1302528
gui_close_window -window TopLevel.2
