
*** Running vivado
    with args -log system_auto_pc_0.vds -m64 -product Vivado -mode batch -messageDb vivado.pb -notrace -source system_auto_pc_0.tcl


****** Vivado v2017.3 (64-bit)
  **** SW Build 2018833 on Wed Oct  4 19:58:07 MDT 2017
  **** IP Build 2016188 on Wed Oct  4 21:52:56 MDT 2017
    ** Copyright 1986-2017 Xilinx, Inc. All Rights Reserved.

source system_auto_pc_0.tcl -notrace
Starting RTL Elaboration : Time (s): cpu = 00:00:18 ; elapsed = 00:00:37 . Memory (MB): peak = 1396.504 ; gain = 88.996 ; free physical = 84730 ; free virtual = 93529
INFO: [Synth 8-638] synthesizing module 'system_auto_pc_0' [/home/ecelrc/students/agroszewski/arch18/vivado/LED_Controller/LED_Controller.srcs/sources_1/bd/system/ip/system_auto_pc_0/synth/system_auto_pc_0.v:58]
INFO: [Synth 8-638] synthesizing module 'axi_protocol_converter_v2_1_14_axi_protocol_converter' [/home/ecelrc/students/agroszewski/arch18/vivado/LED_Controller/LED_Controller.srcs/sources_1/bd/system/ipshared/33cc/hdl/axi_protocol_converter_v2_1_vl_rfs.v:4811]
INFO: [Synth 8-638] synthesizing module 'axi_protocol_converter_v2_1_14_b2s' [/home/ecelrc/students/agroszewski/arch18/vivado/LED_Controller/LED_Controller.srcs/sources_1/bd/system/ipshared/33cc/hdl/axi_protocol_converter_v2_1_vl_rfs.v:4229]
INFO: [Synth 8-638] synthesizing module 'axi_protocol_converter_v2_1_14_b2s_aw_channel' [/home/ecelrc/students/agroszewski/arch18/vivado/LED_Controller/LED_Controller.srcs/sources_1/bd/system/ipshared/33cc/hdl/axi_protocol_converter_v2_1_vl_rfs.v:3974]
INFO: [Synth 8-638] synthesizing module 'axi_protocol_converter_v2_1_14_b2s_cmd_translator' [/home/ecelrc/students/agroszewski/arch18/vivado/LED_Controller/LED_Controller.srcs/sources_1/bd/system/ipshared/33cc/hdl/axi_protocol_converter_v2_1_vl_rfs.v:3467]
INFO: [Synth 8-638] synthesizing module 'axi_protocol_converter_v2_1_14_b2s_incr_cmd' [/home/ecelrc/students/agroszewski/arch18/vivado/LED_Controller/LED_Controller.srcs/sources_1/bd/system/ipshared/33cc/hdl/axi_protocol_converter_v2_1_vl_rfs.v:3093]
INFO: [Synth 8-256] done synthesizing module 'axi_protocol_converter_v2_1_14_b2s_incr_cmd' (1#1) [/home/ecelrc/students/agroszewski/arch18/vivado/LED_Controller/LED_Controller.srcs/sources_1/bd/system/ipshared/33cc/hdl/axi_protocol_converter_v2_1_vl_rfs.v:3093]
INFO: [Synth 8-638] synthesizing module 'axi_protocol_converter_v2_1_14_b2s_wrap_cmd' [/home/ecelrc/students/agroszewski/arch18/vivado/LED_Controller/LED_Controller.srcs/sources_1/bd/system/ipshared/33cc/hdl/axi_protocol_converter_v2_1_vl_rfs.v:2903]
INFO: [Synth 8-256] done synthesizing module 'axi_protocol_converter_v2_1_14_b2s_wrap_cmd' (2#1) [/home/ecelrc/students/agroszewski/arch18/vivado/LED_Controller/LED_Controller.srcs/sources_1/bd/system/ipshared/33cc/hdl/axi_protocol_converter_v2_1_vl_rfs.v:2903]
INFO: [Synth 8-256] done synthesizing module 'axi_protocol_converter_v2_1_14_b2s_cmd_translator' (3#1) [/home/ecelrc/students/agroszewski/arch18/vivado/LED_Controller/LED_Controller.srcs/sources_1/bd/system/ipshared/33cc/hdl/axi_protocol_converter_v2_1_vl_rfs.v:3467]
INFO: [Synth 8-638] synthesizing module 'axi_protocol_converter_v2_1_14_b2s_wr_cmd_fsm' [/home/ecelrc/students/agroszewski/arch18/vivado/LED_Controller/LED_Controller.srcs/sources_1/bd/system/ipshared/33cc/hdl/axi_protocol_converter_v2_1_vl_rfs.v:3225]
INFO: [Synth 8-256] done synthesizing module 'axi_protocol_converter_v2_1_14_b2s_wr_cmd_fsm' (4#1) [/home/ecelrc/students/agroszewski/arch18/vivado/LED_Controller/LED_Controller.srcs/sources_1/bd/system/ipshared/33cc/hdl/axi_protocol_converter_v2_1_vl_rfs.v:3225]
INFO: [Synth 8-256] done synthesizing module 'axi_protocol_converter_v2_1_14_b2s_aw_channel' (5#1) [/home/ecelrc/students/agroszewski/arch18/vivado/LED_Controller/LED_Controller.srcs/sources_1/bd/system/ipshared/33cc/hdl/axi_protocol_converter_v2_1_vl_rfs.v:3974]
INFO: [Synth 8-638] synthesizing module 'axi_protocol_converter_v2_1_14_b2s_b_channel' [/home/ecelrc/students/agroszewski/arch18/vivado/LED_Controller/LED_Controller.srcs/sources_1/bd/system/ipshared/33cc/hdl/axi_protocol_converter_v2_1_vl_rfs.v:3609]
INFO: [Synth 8-638] synthesizing module 'axi_protocol_converter_v2_1_14_b2s_simple_fifo' [/home/ecelrc/students/agroszewski/arch18/vivado/LED_Controller/LED_Controller.srcs/sources_1/bd/system/ipshared/33cc/hdl/axi_protocol_converter_v2_1_vl_rfs.v:2816]
INFO: [Synth 8-256] done synthesizing module 'axi_protocol_converter_v2_1_14_b2s_simple_fifo' (6#1) [/home/ecelrc/students/agroszewski/arch18/vivado/LED_Controller/LED_Controller.srcs/sources_1/bd/system/ipshared/33cc/hdl/axi_protocol_converter_v2_1_vl_rfs.v:2816]
INFO: [Synth 8-638] synthesizing module 'axi_protocol_converter_v2_1_14_b2s_simple_fifo__parameterized0' [/home/ecelrc/students/agroszewski/arch18/vivado/LED_Controller/LED_Controller.srcs/sources_1/bd/system/ipshared/33cc/hdl/axi_protocol_converter_v2_1_vl_rfs.v:2816]
INFO: [Synth 8-256] done synthesizing module 'axi_protocol_converter_v2_1_14_b2s_simple_fifo__parameterized0' (6#1) [/home/ecelrc/students/agroszewski/arch18/vivado/LED_Controller/LED_Controller.srcs/sources_1/bd/system/ipshared/33cc/hdl/axi_protocol_converter_v2_1_vl_rfs.v:2816]
INFO: [Synth 8-256] done synthesizing module 'axi_protocol_converter_v2_1_14_b2s_b_channel' (7#1) [/home/ecelrc/students/agroszewski/arch18/vivado/LED_Controller/LED_Controller.srcs/sources_1/bd/system/ipshared/33cc/hdl/axi_protocol_converter_v2_1_vl_rfs.v:3609]
INFO: [Synth 8-638] synthesizing module 'axi_protocol_converter_v2_1_14_b2s_ar_channel' [/home/ecelrc/students/agroszewski/arch18/vivado/LED_Controller/LED_Controller.srcs/sources_1/bd/system/ipshared/33cc/hdl/axi_protocol_converter_v2_1_vl_rfs.v:4085]
INFO: [Synth 8-638] synthesizing module 'axi_protocol_converter_v2_1_14_b2s_rd_cmd_fsm' [/home/ecelrc/students/agroszewski/arch18/vivado/LED_Controller/LED_Controller.srcs/sources_1/bd/system/ipshared/33cc/hdl/axi_protocol_converter_v2_1_vl_rfs.v:3336]
INFO: [Synth 8-256] done synthesizing module 'axi_protocol_converter_v2_1_14_b2s_rd_cmd_fsm' (8#1) [/home/ecelrc/students/agroszewski/arch18/vivado/LED_Controller/LED_Controller.srcs/sources_1/bd/system/ipshared/33cc/hdl/axi_protocol_converter_v2_1_vl_rfs.v:3336]
INFO: [Synth 8-256] done synthesizing module 'axi_protocol_converter_v2_1_14_b2s_ar_channel' (9#1) [/home/ecelrc/students/agroszewski/arch18/vivado/LED_Controller/LED_Controller.srcs/sources_1/bd/system/ipshared/33cc/hdl/axi_protocol_converter_v2_1_vl_rfs.v:4085]
INFO: [Synth 8-638] synthesizing module 'axi_protocol_converter_v2_1_14_b2s_r_channel' [/home/ecelrc/students/agroszewski/arch18/vivado/LED_Controller/LED_Controller.srcs/sources_1/bd/system/ipshared/33cc/hdl/axi_protocol_converter_v2_1_vl_rfs.v:3814]
INFO: [Synth 8-638] synthesizing module 'axi_protocol_converter_v2_1_14_b2s_simple_fifo__parameterized1' [/home/ecelrc/students/agroszewski/arch18/vivado/LED_Controller/LED_Controller.srcs/sources_1/bd/system/ipshared/33cc/hdl/axi_protocol_converter_v2_1_vl_rfs.v:2816]
INFO: [Synth 8-256] done synthesizing module 'axi_protocol_converter_v2_1_14_b2s_simple_fifo__parameterized1' (9#1) [/home/ecelrc/students/agroszewski/arch18/vivado/LED_Controller/LED_Controller.srcs/sources_1/bd/system/ipshared/33cc/hdl/axi_protocol_converter_v2_1_vl_rfs.v:2816]
INFO: [Synth 8-638] synthesizing module 'axi_protocol_converter_v2_1_14_b2s_simple_fifo__parameterized2' [/home/ecelrc/students/agroszewski/arch18/vivado/LED_Controller/LED_Controller.srcs/sources_1/bd/system/ipshared/33cc/hdl/axi_protocol_converter_v2_1_vl_rfs.v:2816]
INFO: [Synth 8-256] done synthesizing module 'axi_protocol_converter_v2_1_14_b2s_simple_fifo__parameterized2' (9#1) [/home/ecelrc/students/agroszewski/arch18/vivado/LED_Controller/LED_Controller.srcs/sources_1/bd/system/ipshared/33cc/hdl/axi_protocol_converter_v2_1_vl_rfs.v:2816]
INFO: [Synth 8-256] done synthesizing module 'axi_protocol_converter_v2_1_14_b2s_r_channel' (10#1) [/home/ecelrc/students/agroszewski/arch18/vivado/LED_Controller/LED_Controller.srcs/sources_1/bd/system/ipshared/33cc/hdl/axi_protocol_converter_v2_1_vl_rfs.v:3814]
INFO: [Synth 8-638] synthesizing module 'axi_register_slice_v2_1_14_axi_register_slice' [/home/ecelrc/students/agroszewski/arch18/vivado/LED_Controller/LED_Controller.srcs/sources_1/bd/system/ipshared/a259/hdl/axi_register_slice_v2_1_vl_rfs.v:1284]
INFO: [Synth 8-638] synthesizing module 'axi_register_slice_v2_1_14_axic_register_slice' [/home/ecelrc/students/agroszewski/arch18/vivado/LED_Controller/LED_Controller.srcs/sources_1/bd/system/ipshared/a259/hdl/axi_register_slice_v2_1_vl_rfs.v:189]
INFO: [Synth 8-256] done synthesizing module 'axi_register_slice_v2_1_14_axic_register_slice' (11#1) [/home/ecelrc/students/agroszewski/arch18/vivado/LED_Controller/LED_Controller.srcs/sources_1/bd/system/ipshared/a259/hdl/axi_register_slice_v2_1_vl_rfs.v:189]
INFO: [Synth 8-638] synthesizing module 'axi_register_slice_v2_1_14_axic_register_slice__parameterized0' [/home/ecelrc/students/agroszewski/arch18/vivado/LED_Controller/LED_Controller.srcs/sources_1/bd/system/ipshared/a259/hdl/axi_register_slice_v2_1_vl_rfs.v:189]
INFO: [Synth 8-256] done synthesizing module 'axi_register_slice_v2_1_14_axic_register_slice__parameterized0' (11#1) [/home/ecelrc/students/agroszewski/arch18/vivado/LED_Controller/LED_Controller.srcs/sources_1/bd/system/ipshared/a259/hdl/axi_register_slice_v2_1_vl_rfs.v:189]
INFO: [Synth 8-638] synthesizing module 'axi_register_slice_v2_1_14_axic_register_slice__parameterized1' [/home/ecelrc/students/agroszewski/arch18/vivado/LED_Controller/LED_Controller.srcs/sources_1/bd/system/ipshared/a259/hdl/axi_register_slice_v2_1_vl_rfs.v:189]
INFO: [Synth 8-256] done synthesizing module 'axi_register_slice_v2_1_14_axic_register_slice__parameterized1' (11#1) [/home/ecelrc/students/agroszewski/arch18/vivado/LED_Controller/LED_Controller.srcs/sources_1/bd/system/ipshared/a259/hdl/axi_register_slice_v2_1_vl_rfs.v:189]
INFO: [Synth 8-638] synthesizing module 'axi_register_slice_v2_1_14_axic_register_slice__parameterized2' [/home/ecelrc/students/agroszewski/arch18/vivado/LED_Controller/LED_Controller.srcs/sources_1/bd/system/ipshared/a259/hdl/axi_register_slice_v2_1_vl_rfs.v:189]
INFO: [Synth 8-256] done synthesizing module 'axi_register_slice_v2_1_14_axic_register_slice__parameterized2' (11#1) [/home/ecelrc/students/agroszewski/arch18/vivado/LED_Controller/LED_Controller.srcs/sources_1/bd/system/ipshared/a259/hdl/axi_register_slice_v2_1_vl_rfs.v:189]
INFO: [Synth 8-638] synthesizing module 'axi_infrastructure_v1_1_0_axi2vector' [/home/ecelrc/students/agroszewski/arch18/vivado/LED_Controller/LED_Controller.srcs/sources_1/bd/system/ipshared/ec67/hdl/axi_infrastructure_v1_1_vl_rfs.v:60]
INFO: [Synth 8-256] done synthesizing module 'axi_infrastructure_v1_1_0_axi2vector' (12#1) [/home/ecelrc/students/agroszewski/arch18/vivado/LED_Controller/LED_Controller.srcs/sources_1/bd/system/ipshared/ec67/hdl/axi_infrastructure_v1_1_vl_rfs.v:60]
INFO: [Synth 8-638] synthesizing module 'axi_infrastructure_v1_1_0_vector2axi' [/home/ecelrc/students/agroszewski/arch18/vivado/LED_Controller/LED_Controller.srcs/sources_1/bd/system/ipshared/ec67/hdl/axi_infrastructure_v1_1_vl_rfs.v:474]
INFO: [Synth 8-256] done synthesizing module 'axi_infrastructure_v1_1_0_vector2axi' (13#1) [/home/ecelrc/students/agroszewski/arch18/vivado/LED_Controller/LED_Controller.srcs/sources_1/bd/system/ipshared/ec67/hdl/axi_infrastructure_v1_1_vl_rfs.v:474]
INFO: [Synth 8-256] done synthesizing module 'axi_register_slice_v2_1_14_axi_register_slice' (14#1) [/home/ecelrc/students/agroszewski/arch18/vivado/LED_Controller/LED_Controller.srcs/sources_1/bd/system/ipshared/a259/hdl/axi_register_slice_v2_1_vl_rfs.v:1284]
INFO: [Synth 8-638] synthesizing module 'axi_register_slice_v2_1_14_axi_register_slice__parameterized0' [/home/ecelrc/students/agroszewski/arch18/vivado/LED_Controller/LED_Controller.srcs/sources_1/bd/system/ipshared/a259/hdl/axi_register_slice_v2_1_vl_rfs.v:1284]
INFO: [Synth 8-638] synthesizing module 'axi_register_slice_v2_1_14_axic_register_slice__parameterized3' [/home/ecelrc/students/agroszewski/arch18/vivado/LED_Controller/LED_Controller.srcs/sources_1/bd/system/ipshared/a259/hdl/axi_register_slice_v2_1_vl_rfs.v:189]
INFO: [Synth 8-256] done synthesizing module 'axi_register_slice_v2_1_14_axic_register_slice__parameterized3' (14#1) [/home/ecelrc/students/agroszewski/arch18/vivado/LED_Controller/LED_Controller.srcs/sources_1/bd/system/ipshared/a259/hdl/axi_register_slice_v2_1_vl_rfs.v:189]
INFO: [Synth 8-638] synthesizing module 'axi_register_slice_v2_1_14_axic_register_slice__parameterized4' [/home/ecelrc/students/agroszewski/arch18/vivado/LED_Controller/LED_Controller.srcs/sources_1/bd/system/ipshared/a259/hdl/axi_register_slice_v2_1_vl_rfs.v:189]
INFO: [Synth 8-256] done synthesizing module 'axi_register_slice_v2_1_14_axic_register_slice__parameterized4' (14#1) [/home/ecelrc/students/agroszewski/arch18/vivado/LED_Controller/LED_Controller.srcs/sources_1/bd/system/ipshared/a259/hdl/axi_register_slice_v2_1_vl_rfs.v:189]
INFO: [Synth 8-638] synthesizing module 'axi_register_slice_v2_1_14_axic_register_slice__parameterized5' [/home/ecelrc/students/agroszewski/arch18/vivado/LED_Controller/LED_Controller.srcs/sources_1/bd/system/ipshared/a259/hdl/axi_register_slice_v2_1_vl_rfs.v:189]
INFO: [Synth 8-256] done synthesizing module 'axi_register_slice_v2_1_14_axic_register_slice__parameterized5' (14#1) [/home/ecelrc/students/agroszewski/arch18/vivado/LED_Controller/LED_Controller.srcs/sources_1/bd/system/ipshared/a259/hdl/axi_register_slice_v2_1_vl_rfs.v:189]
INFO: [Synth 8-638] synthesizing module 'axi_register_slice_v2_1_14_axic_register_slice__parameterized6' [/home/ecelrc/students/agroszewski/arch18/vivado/LED_Controller/LED_Controller.srcs/sources_1/bd/system/ipshared/a259/hdl/axi_register_slice_v2_1_vl_rfs.v:189]
INFO: [Synth 8-256] done synthesizing module 'axi_register_slice_v2_1_14_axic_register_slice__parameterized6' (14#1) [/home/ecelrc/students/agroszewski/arch18/vivado/LED_Controller/LED_Controller.srcs/sources_1/bd/system/ipshared/a259/hdl/axi_register_slice_v2_1_vl_rfs.v:189]
INFO: [Synth 8-638] synthesizing module 'axi_infrastructure_v1_1_0_axi2vector__parameterized0' [/home/ecelrc/students/agroszewski/arch18/vivado/LED_Controller/LED_Controller.srcs/sources_1/bd/system/ipshared/ec67/hdl/axi_infrastructure_v1_1_vl_rfs.v:60]
INFO: [Synth 8-256] done synthesizing module 'axi_infrastructure_v1_1_0_axi2vector__parameterized0' (14#1) [/home/ecelrc/students/agroszewski/arch18/vivado/LED_Controller/LED_Controller.srcs/sources_1/bd/system/ipshared/ec67/hdl/axi_infrastructure_v1_1_vl_rfs.v:60]
INFO: [Synth 8-638] synthesizing module 'axi_infrastructure_v1_1_0_vector2axi__parameterized0' [/home/ecelrc/students/agroszewski/arch18/vivado/LED_Controller/LED_Controller.srcs/sources_1/bd/system/ipshared/ec67/hdl/axi_infrastructure_v1_1_vl_rfs.v:474]
INFO: [Synth 8-256] done synthesizing module 'axi_infrastructure_v1_1_0_vector2axi__parameterized0' (14#1) [/home/ecelrc/students/agroszewski/arch18/vivado/LED_Controller/LED_Controller.srcs/sources_1/bd/system/ipshared/ec67/hdl/axi_infrastructure_v1_1_vl_rfs.v:474]
INFO: [Synth 8-256] done synthesizing module 'axi_register_slice_v2_1_14_axi_register_slice__parameterized0' (14#1) [/home/ecelrc/students/agroszewski/arch18/vivado/LED_Controller/LED_Controller.srcs/sources_1/bd/system/ipshared/a259/hdl/axi_register_slice_v2_1_vl_rfs.v:1284]
INFO: [Synth 8-256] done synthesizing module 'axi_protocol_converter_v2_1_14_b2s' (15#1) [/home/ecelrc/students/agroszewski/arch18/vivado/LED_Controller/LED_Controller.srcs/sources_1/bd/system/ipshared/33cc/hdl/axi_protocol_converter_v2_1_vl_rfs.v:4229]
INFO: [Synth 8-256] done synthesizing module 'axi_protocol_converter_v2_1_14_axi_protocol_converter' (16#1) [/home/ecelrc/students/agroszewski/arch18/vivado/LED_Controller/LED_Controller.srcs/sources_1/bd/system/ipshared/33cc/hdl/axi_protocol_converter_v2_1_vl_rfs.v:4811]
INFO: [Synth 8-256] done synthesizing module 'system_auto_pc_0' (17#1) [/home/ecelrc/students/agroszewski/arch18/vivado/LED_Controller/LED_Controller.srcs/sources_1/bd/system/ip/system_auto_pc_0/synth/system_auto_pc_0.v:58]
Finished RTL Elaboration : Time (s): cpu = 00:00:47 ; elapsed = 00:01:25 . Memory (MB): peak = 1519.047 ; gain = 211.539 ; free physical = 84474 ; free virtual = 93275
Finished RTL Optimization Phase 1 : Time (s): cpu = 00:00:47 ; elapsed = 00:01:26 . Memory (MB): peak = 1519.047 ; gain = 211.539 ; free physical = 84466 ; free virtual = 93266
INFO: [Device 21-403] Loading part xc7z020clg484-1
Constraint Validation Runtime : Time (s): cpu = 00:00:00.13 ; elapsed = 00:00:00.06 . Memory (MB): peak = 1846.773 ; gain = 0.008 ; free physical = 85746 ; free virtual = 94549
Finished Constraint Validation : Time (s): cpu = 00:01:14 ; elapsed = 00:02:29 . Memory (MB): peak = 1846.773 ; gain = 539.266 ; free physical = 85879 ; free virtual = 94682
Finished Loading Part and Timing Information : Time (s): cpu = 00:01:14 ; elapsed = 00:02:29 . Memory (MB): peak = 1846.773 ; gain = 539.266 ; free physical = 85879 ; free virtual = 94682
Finished applying 'set_property' XDC Constraints : Time (s): cpu = 00:01:14 ; elapsed = 00:02:29 . Memory (MB): peak = 1846.773 ; gain = 539.266 ; free physical = 85879 ; free virtual = 94682
Finished RTL Optimization Phase 2 : Time (s): cpu = 00:01:15 ; elapsed = 00:02:29 . Memory (MB): peak = 1846.773 ; gain = 539.266 ; free physical = 85871 ; free virtual = 94675
Finished Cross Boundary and Area Optimization : Time (s): cpu = 00:01:16 ; elapsed = 00:02:31 . Memory (MB): peak = 1846.773 ; gain = 539.266 ; free physical = 85847 ; free virtual = 94650
Finished Applying XDC Timing Constraints : Time (s): cpu = 00:01:25 ; elapsed = 00:02:47 . Memory (MB): peak = 1846.773 ; gain = 539.266 ; free physical = 85721 ; free virtual = 94524
Finished Timing Optimization : Time (s): cpu = 00:01:27 ; elapsed = 00:02:49 . Memory (MB): peak = 1846.773 ; gain = 539.266 ; free physical = 85693 ; free virtual = 94496
Finished Technology Mapping : Time (s): cpu = 00:01:27 ; elapsed = 00:02:49 . Memory (MB): peak = 1846.773 ; gain = 539.266 ; free physical = 85694 ; free virtual = 94497
Finished IO Insertion : Time (s): cpu = 00:01:28 ; elapsed = 00:02:50 . Memory (MB): peak = 1846.773 ; gain = 539.266 ; free physical = 85694 ; free virtual = 94497
Finished Renaming Generated Instances : Time (s): cpu = 00:01:28 ; elapsed = 00:02:50 . Memory (MB): peak = 1846.773 ; gain = 539.266 ; free physical = 85693 ; free virtual = 94496
Finished Rebuilding User Hierarchy : Time (s): cpu = 00:01:28 ; elapsed = 00:02:50 . Memory (MB): peak = 1846.773 ; gain = 539.266 ; free physical = 85692 ; free virtual = 94495
Finished Renaming Generated Ports : Time (s): cpu = 00:01:28 ; elapsed = 00:02:50 . Memory (MB): peak = 1846.773 ; gain = 539.266 ; free physical = 85692 ; free virtual = 94495
Finished Handling Custom Attributes : Time (s): cpu = 00:01:28 ; elapsed = 00:02:50 . Memory (MB): peak = 1846.773 ; gain = 539.266 ; free physical = 85689 ; free virtual = 94492
Finished Renaming Generated Nets : Time (s): cpu = 00:01:28 ; elapsed = 00:02:50 . Memory (MB): peak = 1846.773 ; gain = 539.266 ; free physical = 85689 ; free virtual = 94492

Report Cell Usage: 
+------+--------+------+
|      |Cell    |Count |
+------+--------+------+
|1     |CARRY4  |    18|
|2     |LUT1    |     6|
|3     |LUT2    |    19|
|4     |LUT3    |   243|
|5     |LUT4    |    47|
|6     |LUT5    |    66|
|7     |LUT6    |   104|
|8     |SRL16E  |    18|
|9     |SRLC32E |    47|
|10    |FDRE    |   552|
|11    |FDSE    |    49|
+------+--------+------+
Finished Writing Synthesis Report : Time (s): cpu = 00:01:28 ; elapsed = 00:02:50 . Memory (MB): peak = 1846.773 ; gain = 539.266 ; free physical = 85688 ; free virtual = 94492
synth_design: Time (s): cpu = 00:01:31 ; elapsed = 00:02:52 . Memory (MB): peak = 1878.852 ; gain = 596.168 ; free physical = 85764 ; free virtual = 94567
