
*** Running vivado
    with args -log bram_test_LFSR_0_0.vds -m64 -product Vivado -mode batch -messageDb vivado.pb -notrace -source bram_test_LFSR_0_0.tcl


****** Vivado v2017.3 (64-bit)
  **** SW Build 2018833 on Wed Oct  4 19:58:07 MDT 2017
  **** IP Build 2016188 on Wed Oct  4 21:52:56 MDT 2017
    ** Copyright 1986-2017 Xilinx, Inc. All Rights Reserved.

source bram_test_LFSR_0_0.tcl -notrace
Command: synth_design -top bram_test_LFSR_0_0 -part xc7z020clg484-1 -mode out_of_context
Starting synth_design
Attempting to get a license for feature 'Synthesis' and/or device 'xc7z020'
INFO: [Common 17-349] Got license for feature 'Synthesis' and/or device 'xc7z020'
INFO: Launching helper process for spawning children vivado processes
INFO: Helper process launched with PID 10749 
---------------------------------------------------------------------------------
Starting RTL Elaboration : Time (s): cpu = 00:00:12 ; elapsed = 00:00:14 . Memory (MB): peak = 1390.504 ; gain = 82.992 ; free physical = 61692 ; free virtual = 81456
---------------------------------------------------------------------------------
INFO: [Synth 8-638] synthesizing module 'bram_test_LFSR_0_0' [/home/ecelrc/students/agroszewski/arch18/vivado/lab1/lab1.srcs/sources_1/bd/bram_test/ip/bram_test_LFSR_0_0/synth/bram_test_LFSR_0_0.v:56]
INFO: [Synth 8-638] synthesizing module 'LFSR_v1_0' [/home/ecelrc/students/agroszewski/arch18/vivado/lab1/lab1.srcs/sources_1/bd/bram_test/ipshared/d8a6/hdl/LFSR_v1_0.v:4]
	Parameter C_S00_AXI_DATA_WIDTH bound to: 32 - type: integer 
	Parameter C_S00_AXI_ADDR_WIDTH bound to: 4 - type: integer 
INFO: [Synth 8-638] synthesizing module 'LFSR_v1_0_S00_AXI' [/home/ecelrc/students/agroszewski/arch18/vivado/lab1/lab1.srcs/sources_1/bd/bram_test/ipshared/d8a6/hdl/LFSR_v1_0_S00_AXI.v:4]
	Parameter C_S_AXI_DATA_WIDTH bound to: 32 - type: integer 
	Parameter C_S_AXI_ADDR_WIDTH bound to: 4 - type: integer 
	Parameter ADDR_LSB bound to: 2 - type: integer 
	Parameter OPT_MEM_ADDR_BITS bound to: 1 - type: integer 
INFO: [Synth 8-226] default block is never used [/home/ecelrc/students/agroszewski/arch18/vivado/lab1/lab1.srcs/sources_1/bd/bram_test/ipshared/d8a6/hdl/LFSR_v1_0_S00_AXI.v:236]
INFO: [Synth 8-226] default block is never used [/home/ecelrc/students/agroszewski/arch18/vivado/lab1/lab1.srcs/sources_1/bd/bram_test/ipshared/d8a6/hdl/LFSR_v1_0_S00_AXI.v:377]
INFO: [Synth 8-638] synthesizing module 'lfsr' [/home/ecelrc/students/agroszewski/arch18/vivado/lab1/lab1.srcs/sources_1/bd/bram_test/ipshared/d8a6/src/lfsr.v:4]
INFO: [Synth 8-638] synthesizing module 'lfsr_32bit' [/home/ecelrc/students/agroszewski/arch18/vivado/lab1/lab1.srcs/sources_1/bd/bram_test/ipshared/d8a6/src/lfsr.v:30]
WARNING: [Synth 8-5788] Register lfsr_reg in module lfsr_32bit is has both Set and reset with same priority. This may cause simulation mismatches. Consider rewriting code  [/home/ecelrc/students/agroszewski/arch18/vivado/lab1/lab1.srcs/sources_1/bd/bram_test/ipshared/d8a6/src/lfsr.v:67]
INFO: [Synth 8-256] done synthesizing module 'lfsr_32bit' (1#1) [/home/ecelrc/students/agroszewski/arch18/vivado/lab1/lab1.srcs/sources_1/bd/bram_test/ipshared/d8a6/src/lfsr.v:30]
INFO: [Synth 8-638] synthesizing module 'lfsr_10bit' [/home/ecelrc/students/agroszewski/arch18/vivado/lab1/lab1.srcs/sources_1/bd/bram_test/ipshared/d8a6/src/lfsr.v:111]
WARNING: [Synth 8-5788] Register lfsr_reg in module lfsr_10bit is has both Set and reset with same priority. This may cause simulation mismatches. Consider rewriting code  [/home/ecelrc/students/agroszewski/arch18/vivado/lab1/lab1.srcs/sources_1/bd/bram_test/ipshared/d8a6/src/lfsr.v:152]
INFO: [Synth 8-256] done synthesizing module 'lfsr_10bit' (2#1) [/home/ecelrc/students/agroszewski/arch18/vivado/lab1/lab1.srcs/sources_1/bd/bram_test/ipshared/d8a6/src/lfsr.v:111]
INFO: [Synth 8-256] done synthesizing module 'lfsr' (3#1) [/home/ecelrc/students/agroszewski/arch18/vivado/lab1/lab1.srcs/sources_1/bd/bram_test/ipshared/d8a6/src/lfsr.v:4]
WARNING: [Synth 8-6014] Unused sequential element slv_reg0_reg was removed.  [/home/ecelrc/students/agroszewski/arch18/vivado/lab1/lab1.srcs/sources_1/bd/bram_test/ipshared/d8a6/hdl/LFSR_v1_0_S00_AXI.v:228]
WARNING: [Synth 8-6014] Unused sequential element slv_reg1_reg was removed.  [/home/ecelrc/students/agroszewski/arch18/vivado/lab1/lab1.srcs/sources_1/bd/bram_test/ipshared/d8a6/hdl/LFSR_v1_0_S00_AXI.v:229]
INFO: [Synth 8-256] done synthesizing module 'LFSR_v1_0_S00_AXI' (4#1) [/home/ecelrc/students/agroszewski/arch18/vivado/lab1/lab1.srcs/sources_1/bd/bram_test/ipshared/d8a6/hdl/LFSR_v1_0_S00_AXI.v:4]
INFO: [Synth 8-256] done synthesizing module 'LFSR_v1_0' (5#1) [/home/ecelrc/students/agroszewski/arch18/vivado/lab1/lab1.srcs/sources_1/bd/bram_test/ipshared/d8a6/hdl/LFSR_v1_0.v:4]
INFO: [Synth 8-256] done synthesizing module 'bram_test_LFSR_0_0' (6#1) [/home/ecelrc/students/agroszewski/arch18/vivado/lab1/lab1.srcs/sources_1/bd/bram_test/ip/bram_test_LFSR_0_0/synth/bram_test_LFSR_0_0.v:56]
WARNING: [Synth 8-3331] design LFSR_v1_0_S00_AXI has unconnected port S_AXI_AWPROT[2]
WARNING: [Synth 8-3331] design LFSR_v1_0_S00_AXI has unconnected port S_AXI_AWPROT[1]
WARNING: [Synth 8-3331] design LFSR_v1_0_S00_AXI has unconnected port S_AXI_AWPROT[0]
WARNING: [Synth 8-3331] design LFSR_v1_0_S00_AXI has unconnected port S_AXI_ARPROT[2]
WARNING: [Synth 8-3331] design LFSR_v1_0_S00_AXI has unconnected port S_AXI_ARPROT[1]
WARNING: [Synth 8-3331] design LFSR_v1_0_S00_AXI has unconnected port S_AXI_ARPROT[0]
---------------------------------------------------------------------------------
Finished RTL Elaboration : Time (s): cpu = 00:00:13 ; elapsed = 00:00:15 . Memory (MB): peak = 1432.051 ; gain = 124.539 ; free physical = 61704 ; free virtual = 81468
---------------------------------------------------------------------------------

Report Check Netlist: 
+------+------------------+-------+---------+-------+------------------+
|      |Item              |Errors |Warnings |Status |Description       |
+------+------------------+-------+---------+-------+------------------+
|1     |multi_driven_nets |      0|        0|Passed |Multi driven nets |
+------+------------------+-------+---------+-------+------------------+
---------------------------------------------------------------------------------
Finished RTL Optimization Phase 1 : Time (s): cpu = 00:00:14 ; elapsed = 00:00:16 . Memory (MB): peak = 1432.051 ; gain = 124.539 ; free physical = 61703 ; free virtual = 81467
---------------------------------------------------------------------------------
INFO: [Device 21-403] Loading part xc7z020clg484-1
INFO: [Project 1-570] Preparing netlist for logic optimization

Processing XDC Constraints
Initializing timing engine
Completed Processing XDC Constraints

INFO: [Project 1-111] Unisim Transformation Summary:
No Unisim elements were transformed.

Constraint Validation Runtime : Time (s): cpu = 00:00:00.03 ; elapsed = 00:00:00.02 . Memory (MB): peak = 1821.191 ; gain = 0.000 ; free physical = 61369 ; free virtual = 81133
---------------------------------------------------------------------------------
Finished Constraint Validation : Time (s): cpu = 00:00:40 ; elapsed = 00:01:18 . Memory (MB): peak = 1821.191 ; gain = 513.680 ; free physical = 61507 ; free virtual = 81271
---------------------------------------------------------------------------------
---------------------------------------------------------------------------------
Start Loading Part and Timing Information
---------------------------------------------------------------------------------
Loading part: xc7z020clg484-1
---------------------------------------------------------------------------------
Finished Loading Part and Timing Information : Time (s): cpu = 00:00:40 ; elapsed = 00:01:18 . Memory (MB): peak = 1821.191 ; gain = 513.680 ; free physical = 61507 ; free virtual = 81271
---------------------------------------------------------------------------------
---------------------------------------------------------------------------------
Start Applying 'set_property' XDC Constraints
---------------------------------------------------------------------------------
---------------------------------------------------------------------------------
Finished applying 'set_property' XDC Constraints : Time (s): cpu = 00:00:40 ; elapsed = 00:01:18 . Memory (MB): peak = 1821.191 ; gain = 513.680 ; free physical = 61515 ; free virtual = 81279
---------------------------------------------------------------------------------
---------------------------------------------------------------------------------
Finished RTL Optimization Phase 2 : Time (s): cpu = 00:00:40 ; elapsed = 00:01:18 . Memory (MB): peak = 1821.191 ; gain = 513.680 ; free physical = 61509 ; free virtual = 81273
---------------------------------------------------------------------------------

Report RTL Partitions: 
+-+--------------+------------+----------+
| |RTL Partition |Replication |Instances |
+-+--------------+------------+----------+
+-+--------------+------------+----------+
---------------------------------------------------------------------------------
Start RTL Component Statistics 
---------------------------------------------------------------------------------
Detailed RTL Component Info : 
+---XORs : 
	   2 Input      1 Bit         XORs := 4     
+---Registers : 
	               32 Bit    Registers := 4     
	               10 Bit    Registers := 1     
	                4 Bit    Registers := 2     
	                2 Bit    Registers := 2     
	                1 Bit    Registers := 6     
+---Muxes : 
	   2 Input     32 Bit        Muxes := 4     
	   4 Input     32 Bit        Muxes := 3     
	   2 Input     10 Bit        Muxes := 2     
	   2 Input      1 Bit        Muxes := 5     
---------------------------------------------------------------------------------
Finished RTL Component Statistics 
---------------------------------------------------------------------------------
---------------------------------------------------------------------------------
Start RTL Hierarchical Component Statistics 
---------------------------------------------------------------------------------
Hierarchical RTL Component report 
Module lfsr_32bit 
Detailed RTL Component Info : 
+---XORs : 
	   2 Input      1 Bit         XORs := 3     
+---Registers : 
	               32 Bit    Registers := 1     
+---Muxes : 
	   2 Input     32 Bit        Muxes := 2     
Module lfsr_10bit 
Detailed RTL Component Info : 
+---XORs : 
	   2 Input      1 Bit         XORs := 1     
+---Registers : 
	               10 Bit    Registers := 1     
+---Muxes : 
	   2 Input     10 Bit        Muxes := 2     
Module LFSR_v1_0_S00_AXI 
Detailed RTL Component Info : 
+---Registers : 
	               32 Bit    Registers := 3     
	                4 Bit    Registers := 2     
	                2 Bit    Registers := 2     
	                1 Bit    Registers := 6     
+---Muxes : 
	   2 Input     32 Bit        Muxes := 2     
	   4 Input     32 Bit        Muxes := 3     
	   2 Input      1 Bit        Muxes := 5     
---------------------------------------------------------------------------------
Finished RTL Hierarchical Component Statistics
---------------------------------------------------------------------------------
---------------------------------------------------------------------------------
Start Part Resource Summary
---------------------------------------------------------------------------------
Part Resources:
DSPs: 220 (col length:60)
BRAMs: 280 (col length: RAMB18 60 RAMB36 30)
---------------------------------------------------------------------------------
Finished Part Resource Summary
---------------------------------------------------------------------------------
---------------------------------------------------------------------------------
Start Cross Boundary and Area Optimization
---------------------------------------------------------------------------------
WARNING: [Synth 8-3331] design bram_test_LFSR_0_0 has unconnected port s00_axi_awprot[2]
WARNING: [Synth 8-3331] design bram_test_LFSR_0_0 has unconnected port s00_axi_awprot[1]
WARNING: [Synth 8-3331] design bram_test_LFSR_0_0 has unconnected port s00_axi_awprot[0]
WARNING: [Synth 8-3331] design bram_test_LFSR_0_0 has unconnected port s00_axi_arprot[2]
WARNING: [Synth 8-3331] design bram_test_LFSR_0_0 has unconnected port s00_axi_arprot[1]
WARNING: [Synth 8-3331] design bram_test_LFSR_0_0 has unconnected port s00_axi_arprot[0]
INFO: [Synth 8-3886] merging instance 'inst/LFSR_v1_0_S00_AXI_inst/prn_generator/data_lfsr/lfsr_reg[0]' (FDP_1) to 'inst/LFSR_v1_0_S00_AXI_inst/prn_generator/addr_lfsr/lfsr_reg[9]'
INFO: [Synth 8-3886] merging instance 'inst/LFSR_v1_0_S00_AXI_inst/prn_generator/addr_lfsr/lfsr_reg[0]' (FDP_1) to 'inst/LFSR_v1_0_S00_AXI_inst/prn_generator/addr_lfsr/lfsr_reg[9]'
INFO: [Synth 8-3886] merging instance 'inst/LFSR_v1_0_S00_AXI_inst/prn_generator/addr_lfsr/lfsr_reg[1]' (FDP_1) to 'inst/LFSR_v1_0_S00_AXI_inst/prn_generator/addr_lfsr/lfsr_reg[9]'
INFO: [Synth 8-3886] merging instance 'inst/LFSR_v1_0_S00_AXI_inst/prn_generator/addr_lfsr/lfsr_reg[2]' (FDP_1) to 'inst/LFSR_v1_0_S00_AXI_inst/prn_generator/addr_lfsr/lfsr_reg[9]'
INFO: [Synth 8-3886] merging instance 'inst/LFSR_v1_0_S00_AXI_inst/prn_generator/data_lfsr/lfsr_reg[3]' (FDP_1) to 'inst/LFSR_v1_0_S00_AXI_inst/prn_generator/addr_lfsr/lfsr_reg[9]'
INFO: [Synth 8-3886] merging instance 'inst/LFSR_v1_0_S00_AXI_inst/prn_generator/data_lfsr/lfsr_reg[4]' (FDP_1) to 'inst/LFSR_v1_0_S00_AXI_inst/prn_generator/addr_lfsr/lfsr_reg[9]'
INFO: [Synth 8-3886] merging instance 'inst/LFSR_v1_0_S00_AXI_inst/prn_generator/addr_lfsr/lfsr_reg[4]' (FDP_1) to 'inst/LFSR_v1_0_S00_AXI_inst/prn_generator/addr_lfsr/lfsr_reg[9]'
INFO: [Synth 8-3886] merging instance 'inst/LFSR_v1_0_S00_AXI_inst/prn_generator/data_lfsr/lfsr_reg[5]' (FDP_1) to 'inst/LFSR_v1_0_S00_AXI_inst/prn_generator/addr_lfsr/lfsr_reg[9]'
INFO: [Synth 8-3886] merging instance 'inst/LFSR_v1_0_S00_AXI_inst/prn_generator/addr_lfsr/lfsr_reg[5]' (FDP_1) to 'inst/LFSR_v1_0_S00_AXI_inst/prn_generator/addr_lfsr/lfsr_reg[9]'
INFO: [Synth 8-3886] merging instance 'inst/LFSR_v1_0_S00_AXI_inst/prn_generator/data_lfsr/lfsr_reg[6]' (FDP_1) to 'inst/LFSR_v1_0_S00_AXI_inst/prn_generator/addr_lfsr/lfsr_reg[9]'
INFO: [Synth 8-3886] merging instance 'inst/LFSR_v1_0_S00_AXI_inst/prn_generator/addr_lfsr/lfsr_reg[6]' (FDP_1) to 'inst/LFSR_v1_0_S00_AXI_inst/prn_generator/addr_lfsr/lfsr_reg[9]'
INFO: [Synth 8-3886] merging instance 'inst/LFSR_v1_0_S00_AXI_inst/prn_generator/data_lfsr/lfsr_reg[7]' (FDP_1) to 'inst/LFSR_v1_0_S00_AXI_inst/prn_generator/addr_lfsr/lfsr_reg[9]'
INFO: [Synth 8-3886] merging instance 'inst/LFSR_v1_0_S00_AXI_inst/prn_generator/addr_lfsr/lfsr_reg[7]' (FDP_1) to 'inst/LFSR_v1_0_S00_AXI_inst/prn_generator/addr_lfsr/lfsr_reg[9]'
INFO: [Synth 8-3886] merging instance 'inst/LFSR_v1_0_S00_AXI_inst/prn_generator/data_lfsr/lfsr_reg[8]' (FDP_1) to 'inst/LFSR_v1_0_S00_AXI_inst/prn_generator/addr_lfsr/lfsr_reg[9]'
INFO: [Synth 8-3886] merging instance 'inst/LFSR_v1_0_S00_AXI_inst/prn_generator/addr_lfsr/lfsr_reg[8]' (FDP_1) to 'inst/LFSR_v1_0_S00_AXI_inst/prn_generator/addr_lfsr/lfsr_reg[9]'
INFO: [Synth 8-3886] merging instance 'inst/LFSR_v1_0_S00_AXI_inst/prn_generator/data_lfsr/lfsr_reg[9]' (FDP_1) to 'inst/LFSR_v1_0_S00_AXI_inst/prn_generator/addr_lfsr/lfsr_reg[9]'
INFO: [Synth 8-3886] merging instance 'inst/LFSR_v1_0_S00_AXI_inst/prn_generator/addr_lfsr/lfsr_reg[9]' (FDP_1) to 'inst/LFSR_v1_0_S00_AXI_inst/prn_generator/data_lfsr/lfsr_reg[10]'
INFO: [Synth 8-3886] merging instance 'inst/LFSR_v1_0_S00_AXI_inst/prn_generator/data_lfsr/lfsr_reg[10]' (FDP_1) to 'inst/LFSR_v1_0_S00_AXI_inst/prn_generator/data_lfsr/lfsr_reg[11]'
INFO: [Synth 8-3886] merging instance 'inst/LFSR_v1_0_S00_AXI_inst/prn_generator/data_lfsr/lfsr_reg[11]' (FDP_1) to 'inst/LFSR_v1_0_S00_AXI_inst/prn_generator/data_lfsr/lfsr_reg[12]'
INFO: [Synth 8-3886] merging instance 'inst/LFSR_v1_0_S00_AXI_inst/prn_generator/data_lfsr/lfsr_reg[12]' (FDP_1) to 'inst/LFSR_v1_0_S00_AXI_inst/prn_generator/data_lfsr/lfsr_reg[13]'
INFO: [Synth 8-3886] merging instance 'inst/LFSR_v1_0_S00_AXI_inst/prn_generator/data_lfsr/lfsr_reg[13]' (FDP_1) to 'inst/LFSR_v1_0_S00_AXI_inst/prn_generator/data_lfsr/lfsr_reg[14]'
INFO: [Synth 8-3886] merging instance 'inst/LFSR_v1_0_S00_AXI_inst/prn_generator/data_lfsr/lfsr_reg[14]' (FDP_1) to 'inst/LFSR_v1_0_S00_AXI_inst/prn_generator/data_lfsr/lfsr_reg[15]'
INFO: [Synth 8-3886] merging instance 'inst/LFSR_v1_0_S00_AXI_inst/prn_generator/data_lfsr/lfsr_reg[15]' (FDP_1) to 'inst/LFSR_v1_0_S00_AXI_inst/prn_generator/data_lfsr/lfsr_reg[16]'
INFO: [Synth 8-3886] merging instance 'inst/LFSR_v1_0_S00_AXI_inst/prn_generator/data_lfsr/lfsr_reg[16]' (FDP_1) to 'inst/LFSR_v1_0_S00_AXI_inst/prn_generator/data_lfsr/lfsr_reg[17]'
INFO: [Synth 8-3886] merging instance 'inst/LFSR_v1_0_S00_AXI_inst/prn_generator/data_lfsr/lfsr_reg[17]' (FDP_1) to 'inst/LFSR_v1_0_S00_AXI_inst/prn_generator/data_lfsr/lfsr_reg[18]'
INFO: [Synth 8-3886] merging instance 'inst/LFSR_v1_0_S00_AXI_inst/prn_generator/data_lfsr/lfsr_reg[18]' (FDP_1) to 'inst/LFSR_v1_0_S00_AXI_inst/prn_generator/data_lfsr/lfsr_reg[19]'
INFO: [Synth 8-3886] merging instance 'inst/LFSR_v1_0_S00_AXI_inst/prn_generator/data_lfsr/lfsr_reg[19]' (FDP_1) to 'inst/LFSR_v1_0_S00_AXI_inst/prn_generator/data_lfsr/lfsr_reg[20]'
INFO: [Synth 8-3886] merging instance 'inst/LFSR_v1_0_S00_AXI_inst/prn_generator/data_lfsr/lfsr_reg[20]' (FDP_1) to 'inst/LFSR_v1_0_S00_AXI_inst/prn_generator/data_lfsr/lfsr_reg[21]'
INFO: [Synth 8-3886] merging instance 'inst/LFSR_v1_0_S00_AXI_inst/prn_generator/data_lfsr/lfsr_reg[21]' (FDP_1) to 'inst/LFSR_v1_0_S00_AXI_inst/prn_generator/data_lfsr/lfsr_reg[23]'
INFO: [Synth 8-3886] merging instance 'inst/LFSR_v1_0_S00_AXI_inst/prn_generator/data_lfsr/lfsr_reg[23]' (FDP_1) to 'inst/LFSR_v1_0_S00_AXI_inst/prn_generator/data_lfsr/lfsr_reg[24]'
INFO: [Synth 8-3886] merging instance 'inst/LFSR_v1_0_S00_AXI_inst/prn_generator/data_lfsr/lfsr_reg[24]' (FDP_1) to 'inst/LFSR_v1_0_S00_AXI_inst/prn_generator/data_lfsr/lfsr_reg[25]'
INFO: [Synth 8-3886] merging instance 'inst/LFSR_v1_0_S00_AXI_inst/prn_generator/data_lfsr/lfsr_reg[25]' (FDP_1) to 'inst/LFSR_v1_0_S00_AXI_inst/prn_generator/data_lfsr/lfsr_reg[26]'
INFO: [Synth 8-3886] merging instance 'inst/LFSR_v1_0_S00_AXI_inst/prn_generator/data_lfsr/lfsr_reg[26]' (FDP_1) to 'inst/LFSR_v1_0_S00_AXI_inst/prn_generator/data_lfsr/lfsr_reg[27]'
INFO: [Synth 8-3886] merging instance 'inst/LFSR_v1_0_S00_AXI_inst/prn_generator/data_lfsr/lfsr_reg[27]' (FDP_1) to 'inst/LFSR_v1_0_S00_AXI_inst/prn_generator/data_lfsr/lfsr_reg[28]'
INFO: [Synth 8-3886] merging instance 'inst/LFSR_v1_0_S00_AXI_inst/prn_generator/data_lfsr/lfsr_reg[28]' (FDP_1) to 'inst/LFSR_v1_0_S00_AXI_inst/prn_generator/data_lfsr/lfsr_reg[29]'
INFO: [Synth 8-3886] merging instance 'inst/LFSR_v1_0_S00_AXI_inst/prn_generator/data_lfsr/lfsr_reg[29]' (FDP_1) to 'inst/LFSR_v1_0_S00_AXI_inst/prn_generator/data_lfsr/lfsr_reg[30]'
INFO: [Synth 8-3886] merging instance 'inst/LFSR_v1_0_S00_AXI_inst/prn_generator/data_lfsr/lfsr_reg[30]' (FDP_1) to 'inst/LFSR_v1_0_S00_AXI_inst/prn_generator/data_lfsr/lfsr_reg[31]'
INFO: [Synth 8-3333] propagating constant 1 across sequential element (\inst/LFSR_v1_0_S00_AXI_inst/prn_generator/data_lfsr/lfsr_reg[31] )
INFO: [Synth 8-3886] merging instance 'inst/LFSR_v1_0_S00_AXI_inst/prn_generator/data_lfsr/lfsr_out_reg[0]' (FDE) to 'inst/LFSR_v1_0_S00_AXI_inst/prn_generator/data_lfsr/lfsr_out_reg[3]'
INFO: [Synth 8-3886] merging instance 'inst/LFSR_v1_0_S00_AXI_inst/prn_generator/addr_lfsr/lfsr_out_reg[0]' (FDE) to 'inst/LFSR_v1_0_S00_AXI_inst/prn_generator/data_lfsr/lfsr_out_reg[3]'
INFO: [Synth 8-3886] merging instance 'inst/LFSR_v1_0_S00_AXI_inst/prn_generator/addr_lfsr/lfsr_out_reg[1]' (FDE) to 'inst/LFSR_v1_0_S00_AXI_inst/prn_generator/data_lfsr/lfsr_out_reg[3]'
INFO: [Synth 8-3886] merging instance 'inst/LFSR_v1_0_S00_AXI_inst/prn_generator/addr_lfsr/lfsr_out_reg[2]' (FDE) to 'inst/LFSR_v1_0_S00_AXI_inst/prn_generator/data_lfsr/lfsr_out_reg[3]'
INFO: [Synth 8-3886] merging instance 'inst/LFSR_v1_0_S00_AXI_inst/prn_generator/data_lfsr/lfsr_out_reg[3]' (FDE) to 'inst/LFSR_v1_0_S00_AXI_inst/prn_generator/data_lfsr/lfsr_out_reg[4]'
INFO: [Synth 8-3886] merging instance 'inst/LFSR_v1_0_S00_AXI_inst/prn_generator/data_lfsr/lfsr_out_reg[4]' (FDE) to 'inst/LFSR_v1_0_S00_AXI_inst/prn_generator/data_lfsr/lfsr_out_reg[5]'
INFO: [Synth 8-3886] merging instance 'inst/LFSR_v1_0_S00_AXI_inst/prn_generator/addr_lfsr/lfsr_out_reg[4]' (FDE) to 'inst/LFSR_v1_0_S00_AXI_inst/prn_generator/data_lfsr/lfsr_out_reg[5]'
INFO: [Synth 8-3886] merging instance 'inst/LFSR_v1_0_S00_AXI_inst/prn_generator/data_lfsr/lfsr_out_reg[5]' (FDE) to 'inst/LFSR_v1_0_S00_AXI_inst/prn_generator/data_lfsr/lfsr_out_reg[6]'
INFO: [Synth 8-3886] merging instance 'inst/LFSR_v1_0_S00_AXI_inst/prn_generator/addr_lfsr/lfsr_out_reg[5]' (FDE) to 'inst/LFSR_v1_0_S00_AXI_inst/prn_generator/data_lfsr/lfsr_out_reg[6]'
INFO: [Synth 8-3886] merging instance 'inst/LFSR_v1_0_S00_AXI_inst/prn_generator/data_lfsr/lfsr_out_reg[6]' (FDE) to 'inst/LFSR_v1_0_S00_AXI_inst/prn_generator/data_lfsr/lfsr_out_reg[7]'
INFO: [Synth 8-3886] merging instance 'inst/LFSR_v1_0_S00_AXI_inst/prn_generator/addr_lfsr/lfsr_out_reg[6]' (FDE) to 'inst/LFSR_v1_0_S00_AXI_inst/prn_generator/data_lfsr/lfsr_out_reg[7]'
INFO: [Synth 8-3886] merging instance 'inst/LFSR_v1_0_S00_AXI_inst/prn_generator/data_lfsr/lfsr_out_reg[7]' (FDE) to 'inst/LFSR_v1_0_S00_AXI_inst/prn_generator/data_lfsr/lfsr_out_reg[8]'
INFO: [Synth 8-3886] merging instance 'inst/LFSR_v1_0_S00_AXI_inst/prn_generator/addr_lfsr/lfsr_out_reg[7]' (FDE) to 'inst/LFSR_v1_0_S00_AXI_inst/prn_generator/data_lfsr/lfsr_out_reg[8]'
INFO: [Synth 8-3886] merging instance 'inst/LFSR_v1_0_S00_AXI_inst/prn_generator/data_lfsr/lfsr_out_reg[8]' (FDE) to 'inst/LFSR_v1_0_S00_AXI_inst/prn_generator/data_lfsr/lfsr_out_reg[9]'
INFO: [Synth 8-3886] merging instance 'inst/LFSR_v1_0_S00_AXI_inst/prn_generator/addr_lfsr/lfsr_out_reg[8]' (FDE) to 'inst/LFSR_v1_0_S00_AXI_inst/prn_generator/data_lfsr/lfsr_out_reg[9]'
INFO: [Synth 8-3886] merging instance 'inst/LFSR_v1_0_S00_AXI_inst/prn_generator/data_lfsr/lfsr_out_reg[9]' (FDE) to 'inst/LFSR_v1_0_S00_AXI_inst/prn_generator/data_lfsr/lfsr_out_reg[10]'
INFO: [Synth 8-3886] merging instance 'inst/LFSR_v1_0_S00_AXI_inst/prn_generator/addr_lfsr/lfsr_out_reg[9]' (FDE) to 'inst/LFSR_v1_0_S00_AXI_inst/prn_generator/data_lfsr/lfsr_out_reg[10]'
INFO: [Synth 8-3886] merging instance 'inst/LFSR_v1_0_S00_AXI_inst/prn_generator/data_lfsr/lfsr_out_reg[10]' (FDE) to 'inst/LFSR_v1_0_S00_AXI_inst/prn_generator/data_lfsr/lfsr_out_reg[11]'
INFO: [Synth 8-3886] merging instance 'inst/LFSR_v1_0_S00_AXI_inst/prn_generator/data_lfsr/lfsr_out_reg[11]' (FDE) to 'inst/LFSR_v1_0_S00_AXI_inst/prn_generator/data_lfsr/lfsr_out_reg[12]'
INFO: [Synth 8-3886] merging instance 'inst/LFSR_v1_0_S00_AXI_inst/prn_generator/data_lfsr/lfsr_out_reg[12]' (FDE) to 'inst/LFSR_v1_0_S00_AXI_inst/prn_generator/data_lfsr/lfsr_out_reg[13]'
INFO: [Synth 8-3886] merging instance 'inst/LFSR_v1_0_S00_AXI_inst/prn_generator/data_lfsr/lfsr_out_reg[13]' (FDE) to 'inst/LFSR_v1_0_S00_AXI_inst/prn_generator/data_lfsr/lfsr_out_reg[14]'
INFO: [Synth 8-3886] merging instance 'inst/LFSR_v1_0_S00_AXI_inst/prn_generator/data_lfsr/lfsr_out_reg[14]' (FDE) to 'inst/LFSR_v1_0_S00_AXI_inst/prn_generator/data_lfsr/lfsr_out_reg[15]'
INFO: [Synth 8-3886] merging instance 'inst/LFSR_v1_0_S00_AXI_inst/prn_generator/data_lfsr/lfsr_out_reg[15]' (FDE) to 'inst/LFSR_v1_0_S00_AXI_inst/prn_generator/data_lfsr/lfsr_out_reg[16]'
INFO: [Synth 8-3886] merging instance 'inst/LFSR_v1_0_S00_AXI_inst/prn_generator/data_lfsr/lfsr_out_reg[16]' (FDE) to 'inst/LFSR_v1_0_S00_AXI_inst/prn_generator/data_lfsr/lfsr_out_reg[17]'
INFO: [Synth 8-3886] merging instance 'inst/LFSR_v1_0_S00_AXI_inst/prn_generator/data_lfsr/lfsr_out_reg[17]' (FDE) to 'inst/LFSR_v1_0_S00_AXI_inst/prn_generator/data_lfsr/lfsr_out_reg[18]'
INFO: [Synth 8-3886] merging instance 'inst/LFSR_v1_0_S00_AXI_inst/prn_generator/data_lfsr/lfsr_out_reg[18]' (FDE) to 'inst/LFSR_v1_0_S00_AXI_inst/prn_generator/data_lfsr/lfsr_out_reg[19]'
INFO: [Synth 8-3886] merging instance 'inst/LFSR_v1_0_S00_AXI_inst/prn_generator/data_lfsr/lfsr_out_reg[19]' (FDE) to 'inst/LFSR_v1_0_S00_AXI_inst/prn_generator/data_lfsr/lfsr_out_reg[20]'
INFO: [Synth 8-3886] merging instance 'inst/LFSR_v1_0_S00_AXI_inst/prn_generator/data_lfsr/lfsr_out_reg[20]' (FDE) to 'inst/LFSR_v1_0_S00_AXI_inst/prn_generator/data_lfsr/lfsr_out_reg[21]'
INFO: [Synth 8-3886] merging instance 'inst/LFSR_v1_0_S00_AXI_inst/prn_generator/data_lfsr/lfsr_out_reg[21]' (FDE) to 'inst/LFSR_v1_0_S00_AXI_inst/prn_generator/data_lfsr/lfsr_out_reg[23]'
INFO: [Synth 8-3886] merging instance 'inst/LFSR_v1_0_S00_AXI_inst/prn_generator/data_lfsr/lfsr_out_reg[23]' (FDE) to 'inst/LFSR_v1_0_S00_AXI_inst/prn_generator/data_lfsr/lfsr_out_reg[24]'
INFO: [Synth 8-3886] merging instance 'inst/LFSR_v1_0_S00_AXI_inst/prn_generator/data_lfsr/lfsr_out_reg[24]' (FDE) to 'inst/LFSR_v1_0_S00_AXI_inst/prn_generator/data_lfsr/lfsr_out_reg[25]'
INFO: [Synth 8-3886] merging instance 'inst/LFSR_v1_0_S00_AXI_inst/prn_generator/data_lfsr/lfsr_out_reg[25]' (FDE) to 'inst/LFSR_v1_0_S00_AXI_inst/prn_generator/data_lfsr/lfsr_out_reg[26]'
INFO: [Synth 8-3886] merging instance 'inst/LFSR_v1_0_S00_AXI_inst/prn_generator/data_lfsr/lfsr_out_reg[26]' (FDE) to 'inst/LFSR_v1_0_S00_AXI_inst/prn_generator/data_lfsr/lfsr_out_reg[27]'
INFO: [Synth 8-3886] merging instance 'inst/LFSR_v1_0_S00_AXI_inst/prn_generator/data_lfsr/lfsr_out_reg[27]' (FDE) to 'inst/LFSR_v1_0_S00_AXI_inst/prn_generator/data_lfsr/lfsr_out_reg[28]'
INFO: [Synth 8-3886] merging instance 'inst/LFSR_v1_0_S00_AXI_inst/prn_generator/data_lfsr/lfsr_out_reg[28]' (FDE) to 'inst/LFSR_v1_0_S00_AXI_inst/prn_generator/data_lfsr/lfsr_out_reg[29]'
INFO: [Synth 8-3886] merging instance 'inst/LFSR_v1_0_S00_AXI_inst/prn_generator/data_lfsr/lfsr_out_reg[29]' (FDE) to 'inst/LFSR_v1_0_S00_AXI_inst/prn_generator/data_lfsr/lfsr_out_reg[30]'
INFO: [Synth 8-3886] merging instance 'inst/LFSR_v1_0_S00_AXI_inst/prn_generator/data_lfsr/lfsr_out_reg[30]' (FDE) to 'inst/LFSR_v1_0_S00_AXI_inst/prn_generator/data_lfsr/lfsr_out_reg[31]'
INFO: [Synth 8-3886] merging instance 'inst/LFSR_v1_0_S00_AXI_inst/axi_rresp_reg[0]' (FDRE) to 'inst/LFSR_v1_0_S00_AXI_inst/axi_rresp_reg[1]'
INFO: [Synth 8-3333] propagating constant 0 across sequential element (\inst/LFSR_v1_0_S00_AXI_inst/axi_rresp_reg[1] )
INFO: [Synth 8-3886] merging instance 'inst/LFSR_v1_0_S00_AXI_inst/axi_bresp_reg[0]' (FDRE) to 'inst/LFSR_v1_0_S00_AXI_inst/axi_bresp_reg[1]'
INFO: [Synth 8-3333] propagating constant 0 across sequential element (\inst/LFSR_v1_0_S00_AXI_inst/axi_bresp_reg[1] )
INFO: [Synth 8-3886] merging instance 'inst/LFSR_v1_0_S00_AXI_inst/prn_generator/data_lfsr/lfsr_reg[1]' (FDCP_1) to 'inst/LFSR_v1_0_S00_AXI_inst/prn_generator/addr_lfsr/lfsr_reg[3]'
INFO: [Synth 8-3886] merging instance 'inst/LFSR_v1_0_S00_AXI_inst/prn_generator/addr_lfsr/lfsr_reg[3]' (FDCP_1) to 'inst/LFSR_v1_0_S00_AXI_inst/prn_generator/data_lfsr/lfsr_reg[22]'
INFO: [Synth 8-3886] merging instance 'inst/LFSR_v1_0_S00_AXI_inst/prn_generator/data_lfsr/lfsr_out_reg[1]' (FDE) to 'inst/LFSR_v1_0_S00_AXI_inst/prn_generator/data_lfsr/lfsr_out_reg[22]'
INFO: [Synth 8-3886] merging instance 'inst/LFSR_v1_0_S00_AXI_inst/prn_generator/addr_lfsr/lfsr_out_reg[3]' (FDE) to 'inst/LFSR_v1_0_S00_AXI_inst/prn_generator/data_lfsr/lfsr_out_reg[22]'
INFO: [Synth 8-3333] propagating constant 1 across sequential element (\inst/LFSR_v1_0_S00_AXI_inst/prn_generator/data_lfsr/lfsr_out_reg[31] )
INFO: [Synth 8-3332] Sequential element (inst/LFSR_v1_0_S00_AXI_inst/axi_bresp_reg[1]) is unused and will be removed from module bram_test_LFSR_0_0.
INFO: [Synth 8-3332] Sequential element (inst/LFSR_v1_0_S00_AXI_inst/axi_araddr_reg[1]) is unused and will be removed from module bram_test_LFSR_0_0.
INFO: [Synth 8-3332] Sequential element (inst/LFSR_v1_0_S00_AXI_inst/axi_araddr_reg[0]) is unused and will be removed from module bram_test_LFSR_0_0.
INFO: [Synth 8-3332] Sequential element (inst/LFSR_v1_0_S00_AXI_inst/axi_awaddr_reg[1]) is unused and will be removed from module bram_test_LFSR_0_0.
INFO: [Synth 8-3332] Sequential element (inst/LFSR_v1_0_S00_AXI_inst/axi_awaddr_reg[0]) is unused and will be removed from module bram_test_LFSR_0_0.
INFO: [Synth 8-3332] Sequential element (inst/LFSR_v1_0_S00_AXI_inst/axi_rresp_reg[1]) is unused and will be removed from module bram_test_LFSR_0_0.
INFO: [Synth 8-3332] Sequential element (inst/LFSR_v1_0_S00_AXI_inst/prn_generator/data_lfsr/lfsr_out_reg[31]) is unused and will be removed from module bram_test_LFSR_0_0.
INFO: [Synth 8-3332] Sequential element (inst/LFSR_v1_0_S00_AXI_inst/prn_generator/data_lfsr/lfsr_reg[31]) is unused and will be removed from module bram_test_LFSR_0_0.
INFO: [Synth 8-3333] propagating constant 1 across sequential element (\inst/LFSR_v1_0_S00_AXI_inst/prn_generator/data_lfsr/lfsr_reg[2]_P )
INFO: [Synth 8-3332] Sequential element (inst/LFSR_v1_0_S00_AXI_inst/prn_generator/data_lfsr/lfsr_reg[2]_P) is unused and will be removed from module bram_test_LFSR_0_0.
---------------------------------------------------------------------------------
Finished Cross Boundary and Area Optimization : Time (s): cpu = 00:00:40 ; elapsed = 00:01:19 . Memory (MB): peak = 1821.191 ; gain = 513.680 ; free physical = 61497 ; free virtual = 81261
---------------------------------------------------------------------------------

Report RTL Partitions: 
+-+--------------+------------+----------+
| |RTL Partition |Replication |Instances |
+-+--------------+------------+----------+
+-+--------------+------------+----------+
---------------------------------------------------------------------------------
Start Applying XDC Timing Constraints
---------------------------------------------------------------------------------
---------------------------------------------------------------------------------
Finished Applying XDC Timing Constraints : Time (s): cpu = 00:00:50 ; elapsed = 00:01:35 . Memory (MB): peak = 1821.191 ; gain = 513.680 ; free physical = 61370 ; free virtual = 81134
---------------------------------------------------------------------------------
---------------------------------------------------------------------------------
Start Timing Optimization
---------------------------------------------------------------------------------
---------------------------------------------------------------------------------
Finished Timing Optimization : Time (s): cpu = 00:00:50 ; elapsed = 00:01:35 . Memory (MB): peak = 1821.191 ; gain = 513.680 ; free physical = 61370 ; free virtual = 81134
---------------------------------------------------------------------------------

Report RTL Partitions: 
+-+--------------+------------+----------+
| |RTL Partition |Replication |Instances |
+-+--------------+------------+----------+
+-+--------------+------------+----------+
---------------------------------------------------------------------------------
Start Technology Mapping
---------------------------------------------------------------------------------
---------------------------------------------------------------------------------
Finished Technology Mapping : Time (s): cpu = 00:00:50 ; elapsed = 00:01:35 . Memory (MB): peak = 1821.191 ; gain = 513.680 ; free physical = 61370 ; free virtual = 81134
---------------------------------------------------------------------------------

Report RTL Partitions: 
+-+--------------+------------+----------+
| |RTL Partition |Replication |Instances |
+-+--------------+------------+----------+
+-+--------------+------------+----------+
---------------------------------------------------------------------------------
Start IO Insertion
---------------------------------------------------------------------------------
---------------------------------------------------------------------------------
Start Flattening Before IO Insertion
---------------------------------------------------------------------------------
---------------------------------------------------------------------------------
Finished Flattening Before IO Insertion
---------------------------------------------------------------------------------
---------------------------------------------------------------------------------
Start Final Netlist Cleanup
---------------------------------------------------------------------------------
---------------------------------------------------------------------------------
Finished Final Netlist Cleanup
---------------------------------------------------------------------------------
---------------------------------------------------------------------------------
Finished IO Insertion : Time (s): cpu = 00:00:51 ; elapsed = 00:01:36 . Memory (MB): peak = 1821.191 ; gain = 513.680 ; free physical = 61370 ; free virtual = 81134
---------------------------------------------------------------------------------

Report Check Netlist: 
+------+------------------+-------+---------+-------+------------------+
|      |Item              |Errors |Warnings |Status |Description       |
+------+------------------+-------+---------+-------+------------------+
|1     |multi_driven_nets |      0|        0|Passed |Multi driven nets |
+------+------------------+-------+---------+-------+------------------+
---------------------------------------------------------------------------------
Start Renaming Generated Instances
---------------------------------------------------------------------------------
---------------------------------------------------------------------------------
Finished Renaming Generated Instances : Time (s): cpu = 00:00:51 ; elapsed = 00:01:36 . Memory (MB): peak = 1821.191 ; gain = 513.680 ; free physical = 61370 ; free virtual = 81134
---------------------------------------------------------------------------------

Report RTL Partitions: 
+-+--------------+------------+----------+
| |RTL Partition |Replication |Instances |
+-+--------------+------------+----------+
+-+--------------+------------+----------+
---------------------------------------------------------------------------------
Start Rebuilding User Hierarchy
---------------------------------------------------------------------------------
---------------------------------------------------------------------------------
Finished Rebuilding User Hierarchy : Time (s): cpu = 00:00:51 ; elapsed = 00:01:36 . Memory (MB): peak = 1821.191 ; gain = 513.680 ; free physical = 61370 ; free virtual = 81134
---------------------------------------------------------------------------------
---------------------------------------------------------------------------------
Start Renaming Generated Ports
---------------------------------------------------------------------------------
---------------------------------------------------------------------------------
Finished Renaming Generated Ports : Time (s): cpu = 00:00:51 ; elapsed = 00:01:36 . Memory (MB): peak = 1821.191 ; gain = 513.680 ; free physical = 61370 ; free virtual = 81134
---------------------------------------------------------------------------------
---------------------------------------------------------------------------------
Start Handling Custom Attributes
---------------------------------------------------------------------------------
---------------------------------------------------------------------------------
Finished Handling Custom Attributes : Time (s): cpu = 00:00:51 ; elapsed = 00:01:36 . Memory (MB): peak = 1821.191 ; gain = 513.680 ; free physical = 61370 ; free virtual = 81134
---------------------------------------------------------------------------------
---------------------------------------------------------------------------------
Start Renaming Generated Nets
---------------------------------------------------------------------------------
---------------------------------------------------------------------------------
Finished Renaming Generated Nets : Time (s): cpu = 00:00:51 ; elapsed = 00:01:36 . Memory (MB): peak = 1821.191 ; gain = 513.680 ; free physical = 61370 ; free virtual = 81134
---------------------------------------------------------------------------------
---------------------------------------------------------------------------------
Start Writing Synthesis Report
---------------------------------------------------------------------------------

Report BlackBoxes: 
+-+--------------+----------+
| |BlackBox name |Instances |
+-+--------------+----------+
+-+--------------+----------+

Report Cell Usage: 
+------+-----+------+
|      |Cell |Count |
+------+-----+------+
|1     |LUT1 |     1|
|2     |LUT2 |     3|
|3     |LUT3 |     2|
|4     |LUT4 |    43|
|5     |LUT5 |     4|
|6     |LUT6 |     4|
|7     |FDCE |     2|
|8     |FDRE |   107|
|9     |FDSE |     1|
|10    |LDC  |     1|
+------+-----+------+

Report Instance Areas: 
+------+---------------------------+------------------+------+
|      |Instance                   |Module            |Cells |
+------+---------------------------+------------------+------+
|1     |top                        |                  |   168|
|2     |  inst                     |LFSR_v1_0         |   168|
|3     |    LFSR_v1_0_S00_AXI_inst |LFSR_v1_0_S00_AXI |   168|
|4     |      prn_generator        |lfsr              |     9|
|5     |        data_lfsr          |lfsr_32bit        |     9|
+------+---------------------------+------------------+------+
---------------------------------------------------------------------------------
Finished Writing Synthesis Report : Time (s): cpu = 00:00:51 ; elapsed = 00:01:36 . Memory (MB): peak = 1821.191 ; gain = 513.680 ; free physical = 61370 ; free virtual = 81134
---------------------------------------------------------------------------------
Synthesis finished with 0 errors, 0 critical warnings and 6 warnings.
Synthesis Optimization Runtime : Time (s): cpu = 00:00:37 ; elapsed = 00:00:47 . Memory (MB): peak = 1821.191 ; gain = 124.539 ; free physical = 61422 ; free virtual = 81187
Synthesis Optimization Complete : Time (s): cpu = 00:00:51 ; elapsed = 00:01:36 . Memory (MB): peak = 1821.191 ; gain = 513.680 ; free physical = 61429 ; free virtual = 81193
INFO: [Project 1-571] Translating synthesized netlist
INFO: [Netlist 29-17] Analyzing 1 Unisim elements for replacement
INFO: [Netlist 29-28] Unisim Transformation completed in 0 CPU seconds
INFO: [Project 1-570] Preparing netlist for logic optimization
INFO: [Opt 31-138] Pushed 0 inverter(s) to 0 load pin(s).
INFO: [Project 1-111] Unisim Transformation Summary:
  A total of 1 instances were transformed.
  LDC => LDCE: 1 instances

INFO: [Common 17-83] Releasing license: Synthesis
119 Infos, 16 Warnings, 0 Critical Warnings and 0 Errors encountered.
synth_design completed successfully
synth_design: Time (s): cpu = 00:00:53 ; elapsed = 00:01:38 . Memory (MB): peak = 1821.191 ; gain = 538.504 ; free physical = 61413 ; free virtual = 81177
INFO: [Common 17-1381] The checkpoint '/home/ecelrc/students/agroszewski/arch18/vivado/lab1/lab1.runs/bram_test_LFSR_0_0_synth_1/bram_test_LFSR_0_0.dcp' has been generated.
