#-----------------------------------------------------------
# Webtalk v2017.3 (64-bit)
# SW Build 2018833 on Wed Oct  4 19:58:07 MDT 2017
# 
# Start of session at: Thu Jan 18 22:24:17 2018
# Process ID: 17890
# Current directory: /home/ecelrc/students/agroszewski/arch18/vivado/LED_Controller/workspace/webtalk
# Command line: wbtcv -mode batch -source sdk_webtalk.tcl
# Log file: /home/ecelrc/students/agroszewski/arch18/vivado/LED_Controller/workspace/webtalk/webtalk.log
# Journal file: /home/ecelrc/students/agroszewski/arch18/vivado/LED_Controller/workspace/webtalk/webtalk.jou
#-----------------------------------------------------------
source sdk_webtalk.tcl
# webtalk_init -webtalk_dir /home/ecelrc/students/agroszewski/arch18/vivado/LED_Controller/workspace/webtalk
# webtalk_register_client -client project
# webtalk_add_data -client project -key date_generated -value "2018-01-18 22:24:16" -context "software_version_and_target_device"
# webtalk_add_data -client project -key product_version -value "SDK v2017.3" -context "software_version_and_target_device"
# webtalk_add_data -client project -key build_version -value "2017.3" -context "software_version_and_target_device"
# webtalk_add_data -client project -key os_platform -value "amd64" -context "software_version_and_target_device"
# webtalk_add_data -client project -key registration_id -value "210777625_1777494353_210565950_607" -context "software_version_and_target_device"
# webtalk_add_data -client project -key tool_flow -value "SDK" -context "software_version_and_target_device"
# webtalk_add_data -client project -key beta -value "false" -context "software_version_and_target_device"
# webtalk_add_data -client project -key route_design -value "NA" -context "software_version_and_target_device"
# webtalk_add_data -client project -key target_family -value "NA" -context "software_version_and_target_device"
# webtalk_add_data -client project -key target_device -value "NA" -context "software_version_and_target_device"
# webtalk_add_data -client project -key target_package -value "NA" -context "software_version_and_target_device"
# webtalk_add_data -client project -key target_speed -value "NA" -context "software_version_and_target_device"
# webtalk_add_data -client project -key random_id -value "a6squ440fqtvr87bmijai1oh2s" -context "software_version_and_target_device"
# webtalk_add_data -client project -key project_id -value "2017.3_5" -context "software_version_and_target_device"
# webtalk_add_data -client project -key project_iteration -value "5" -context "software_version_and_target_device"
# webtalk_add_data -client project -key os_name -value "CentOS" -context "user_environment"
# webtalk_add_data -client project -key os_release -value "CentOS release 6.9 (Final)" -context "user_environment"
# webtalk_add_data -client project -key cpu_name -value "Intel(R) Xeon(R) CPU           X5660  @ 2.80GHz" -context "user_environment"
# webtalk_add_data -client project -key cpu_speed -value "1600.000 MHz" -context "user_environment"
# webtalk_add_data -client project -key total_processors -value "2" -context "user_environment"
# webtalk_add_data -client project -key system_ram -value "101.433 GB" -context "user_environment"
# webtalk_register_client -client sdk
# webtalk_add_data -client sdk -key uid -value "1516252972000" -context "sdk\\\\application/1516252972000"
# webtalk_add_data -client sdk -key hwid -value "1516146525000" -context "sdk\\\\application/1516252972000"
# webtalk_add_data -client sdk -key bspid -value "1516146545000" -context "sdk\\\\application/1516252972000"
# webtalk_add_data -client sdk -key newbsp -value "false" -context "sdk\\\\application/1516252972000"
# webtalk_add_data -client sdk -key os -value "standalone" -context "sdk\\\\application/1516252972000"
# webtalk_add_data -client sdk -key apptemplate -value "empty_application" -context "sdk\\\\application/1516252972000"
# webtalk_add_data -client sdk -key RecordType -value "APPCreation" -context "sdk\\\\application/1516252972000"
# webtalk_add_data -client sdk -key LangUsed -value "C" -context "sdk\\\\application/1516252972000"
# webtalk_add_data -client sdk -key Procused -value "ps7_cortexa9" -context "sdk\\\\application/1516252972000"
# webtalk_add_data -client sdk -key projSize -value "317.3984375" -context "sdk\\\\application/1516252972000"
# webtalk_add_data -client sdk -key uid -value "NA" -context "sdk\\\\bsp/1516335856928"
# webtalk_add_data -client sdk -key RecordType -value "ToolUsage" -context "sdk\\\\bsp/1516335856928"
# webtalk_add_data -client sdk -key BootgenCount -value "0" -context "sdk\\\\bsp/1516335856928"
# webtalk_add_data -client sdk -key DebugCount -value "0" -context "sdk\\\\bsp/1516335856928"
# webtalk_add_data -client sdk -key PerfCount -value "0" -context "sdk\\\\bsp/1516335856928"
# webtalk_add_data -client sdk -key FlashCount -value "0" -context "sdk\\\\bsp/1516335856928"
# webtalk_add_data -client sdk -key CrossTriggCount -value "0" -context "sdk\\\\bsp/1516335856928"
# webtalk_add_data -client sdk -key QemuDebugCount -value "0" -context "sdk\\\\bsp/1516335856928"
# webtalk_transmit -clientid 3951438460 -regid "210777625_1777494353_210565950_607" -xml /home/ecelrc/students/agroszewski/arch18/vivado/LED_Controller/workspace/webtalk/usage_statistics_ext_sdk.xml -html /home/ecelrc/students/agroszewski/arch18/vivado/LED_Controller/workspace/webtalk/usage_statistics_ext_sdk.html -wdm /home/ecelrc/students/agroszewski/arch18/vivado/LED_Controller/workspace/webtalk/sdk_webtalk.wdm -intro "<H3>SDK Usage Report</H3><BR>"
# webtalk_terminate
INFO: [Common 17-206] Exiting Webtalk at Thu Jan 18 22:24:18 2018...
