# Preference setting overrides
gui_create_pref_key -category {Globals} -key {load_detail_for_funcov} -value_type {bool} -value {false}

# State setting overrides
gui_state_default_create -off -ini
gui_set_state_value -category Globals -key recent_databases -value {{gui_open_db -file /home/ecelrc/students/agroszewski/arch18/verilog/lfsr_axi_v2/lfsr_axi_tb.dump -design V1} {gui_open_db -file /home/ecelrc/students/agroszewski/arch18/verilog/lfsr_axi_v2/lfsr_tb.dump -design V1} {gui_open_db -file /home/ecelrc/students/agroszewski/arch18/verilog/lfsr_axi/lfsr_axi_tb.dump -design V5} {gui_open_db -file /home/ecelrc/students/agroszewski/arch18/verilog/lfsr_axi/lfsr_axi_tb.dump -design V4} {gui_open_db -file /home/ecelrc/students/agroszewski/arch18/verilog/lfsr_axi/lfsr_axi_tb.dump -design V3}}
gui_set_state_value -category Layout -key child_console_size_x -value 1416
gui_set_state_value -category Layout -key child_console_size_y -value 135
gui_set_state_value -category Layout -key child_data_size_x -value 243
gui_set_state_value -category Layout -key child_data_size_y -value 456
gui_set_state_value -category Layout -key child_hier_col3 -value {-1}
gui_set_state_value -category Layout -key child_hier_colpd -value 0
gui_set_state_value -category Layout -key child_hier_size_x -value 130
gui_set_state_value -category Layout -key child_hier_size_y -value 456
gui_set_state_value -category Layout -key child_source_docknewline -value false
gui_set_state_value -category Layout -key child_source_pos_x -value {-2}
gui_set_state_value -category Layout -key child_source_pos_y -value {-15}
gui_set_state_value -category Layout -key child_source_size_x -value 1046
gui_set_state_value -category Layout -key child_source_size_y -value 451
gui_set_state_value -category Layout -key child_wave_colname -value 198
gui_set_state_value -category Layout -key child_wave_colvalue -value 198
gui_set_state_value -category Layout -key child_wave_left -value 400
gui_set_state_value -category Layout -key child_wave_right -value 974
gui_set_state_value -category Layout -key main_pos_x -value 3
gui_set_state_value -category Layout -key main_pos_y -value 74
gui_set_state_value -category Layout -key main_size_x -value 1419
gui_set_state_value -category Layout -key main_size_y -value 760
gui_set_state_value -category Layout -key stand_source_child_docknewline -value false
gui_set_state_value -category Layout -key stand_source_child_pos_x -value {-2}
gui_set_state_value -category Layout -key stand_source_child_pos_y -value {-15}
gui_set_state_value -category Layout -key stand_source_child_size_x -value 1077
gui_set_state_value -category Layout -key stand_source_child_size_y -value 447
gui_set_state_value -category Layout -key stand_wave_child_docknewline -value false
gui_set_state_value -category Layout -key stand_wave_child_pos_x -value {-2}
gui_set_state_value -category Layout -key stand_wave_child_pos_y -value {-15}
gui_set_state_value -category Layout -key stand_wave_child_size_x -value 1384
gui_set_state_value -category Layout -key stand_wave_child_size_y -value 607
gui_set_state_value -category Layout -key stand_wave_top_pos_x -value 1
gui_set_state_value -category Layout -key stand_wave_top_pos_y -value 53
gui_set_state_value -category Layout -key stand_wave_top_size_x -value 1380
gui_set_state_value -category Layout -key stand_wave_top_size_y -value 760
gui_create_state_key -category FindDialog -key m_pMatchCase -value_type bool -value false
gui_create_state_key -category FindDialog -key m_pMatchWord -value_type bool -value false
gui_create_state_key -category FindDialog -key m_pUseCombo -value_type string -value {}
gui_create_state_key -category FindDialog -key m_pWrapAround -value_type bool -value true
gui_state_default_create -off

# Begin command logging
gui_paste_clipboard -id Source.1
gui_open_db -file /home/ecelrc/students/agroszewski/arch18/verilog/lfsr_no_hier/lfsr_axi_tb.dump -design V1
gui_list_select -id Hier.1 -current_item_name lfsr_axi_tb -current_item_type Scope  -selected  { lfsr_axi_tb   }
gui_list_select -id Data.1 -selected  { lfsr_axi_tb.clk_50   }
gui_list_select -id Data.1 { lfsr_axi_tb.rstn  {lfsr_axi_tb.s00_axi_awaddr[3:0]}  {lfsr_axi_tb.s00_axi_awprot[2:0]}  lfsr_axi_tb.s00_axi_awvalid  {lfsr_axi_tb.s00_axi_wdata[31:0]}  {lfsr_axi_tb.s00_axi_wstrb[3:0]}  lfsr_axi_tb.s00_axi_wvalid  lfsr_axi_tb.s00_axi_bready  {lfsr_axi_tb.s00_axi_araddr[3:0]}  {lfsr_axi_tb.s00_axi_arprot[2:0]}  lfsr_axi_tb.s00_axi_arvalid  lfsr_axi_tb.s00_axi_rready  lfsr_axi_tb.s00_axi_awready  lfsr_axi_tb.s00_axi_wready  {lfsr_axi_tb.s00_axi_bresp[1:0]}  lfsr_axi_tb.s00_axi_bvalid  lfsr_axi_tb.s00_axi_arready  {lfsr_axi_tb.s00_axi_rdata[31:0]}  {lfsr_axi_tb.s00_axi_rresp[1:0]}  lfsr_axi_tb.s00_axi_rvalid   }
gui_open_window Wave
gui_list_add -id Wave.1 -from Data.1 { lfsr_axi_tb.clk_50 lfsr_axi_tb.rstn {lfsr_axi_tb.s00_axi_awaddr[3:0]} {lfsr_axi_tb.s00_axi_awprot[2:0]} lfsr_axi_tb.s00_axi_awvalid {lfsr_axi_tb.s00_axi_wdata[31:0]} {lfsr_axi_tb.s00_axi_wstrb[3:0]} lfsr_axi_tb.s00_axi_wvalid lfsr_axi_tb.s00_axi_bready {lfsr_axi_tb.s00_axi_araddr[3:0]} {lfsr_axi_tb.s00_axi_arprot[2:0]} lfsr_axi_tb.s00_axi_arvalid lfsr_axi_tb.s00_axi_rready lfsr_axi_tb.s00_axi_awready lfsr_axi_tb.s00_axi_wready {lfsr_axi_tb.s00_axi_bresp[1:0]} lfsr_axi_tb.s00_axi_bvalid lfsr_axi_tb.s00_axi_arready {lfsr_axi_tb.s00_axi_rdata[31:0]} {lfsr_axi_tb.s00_axi_rresp[1:0]} lfsr_axi_tb.s00_axi_rvalid } -insertionbar
gui_list_expand -id  Hier.1   lfsr_axi_tb
gui_list_select -id Hier.1 -current_item_name lfsr_axi_tb.my_axi_lfsr -current_item_type Scope  -selected  { lfsr_axi_tb.my_axi_lfsr   }
gui_list_expand -id  Hier.1   lfsr_axi_tb.my_axi_lfsr
gui_list_select -id Hier.1 -current_item_name lfsr_axi_tb.my_axi_lfsr.LFSR_v1_0_S00_AXI_inst -current_item_type Scope  -selected  { lfsr_axi_tb.my_axi_lfsr.LFSR_v1_0_S00_AXI_inst   }
gui_list_select -id Data.1 -selected  { lfsr_axi_tb.my_axi_lfsr.LFSR_v1_0_S00_AXI_inst.axi_rvalid   }
gui_list_select -id Data.1 -selected  { {lfsr_axi_tb.my_axi_lfsr.LFSR_v1_0_S00_AXI_inst.slv_reg0[31:0]}   }
gui_list_select -id Data.1 -selected  { {lfsr_axi_tb.my_axi_lfsr.LFSR_v1_0_S00_AXI_inst.slv_reg0[31:0]}  {lfsr_axi_tb.my_axi_lfsr.LFSR_v1_0_S00_AXI_inst.slv_reg1[31:0]}   }
gui_list_add -id Wave.1 -from Data.1 { {lfsr_axi_tb.my_axi_lfsr.LFSR_v1_0_S00_AXI_inst.slv_reg0[31:0]} {lfsr_axi_tb.my_axi_lfsr.LFSR_v1_0_S00_AXI_inst.slv_reg1[31:0]} } -insertionbar
gui_list_select -id Data.1 -selected  { {lfsr_axi_tb.my_axi_lfsr.LFSR_v1_0_S00_AXI_inst.reg_data_out[31:0]}   }
gui_list_add -id Wave.1 -from Data.1 { {lfsr_axi_tb.my_axi_lfsr.LFSR_v1_0_S00_AXI_inst.reg_data_out[31:0]} } -insertionbar
gui_wv_zoom_timerange -id  Wave.1 0 332
gui_zoom -window Wave.1 -factor 0.5
gui_zoom -window Wave.1 -factor 0.5
gui_zoom -window Wave.1 -factor 0.5
gui_zoom -window Wave.1 -factor 0.5
gui_zoom -window Wave.1 -factor 0.5
gui_zoom -window Wave.1 -factor 0.5
gui_zoom -window Wave.1 -factor 0.5
gui_zoom -window Wave.1 -factor 0.5
gui_zoom -window Wave.1 -factor 0.5
gui_zoom -window Wave.1 -factor 0.5
gui_zoom -window Wave.1 -factor 0.5
gui_list_select -id Wave.1 -selected  { {lfsr_axi_tb.s00_axi_awaddr[3:0]}   }
gui_list_select -id Wave.1 -selected  { {lfsr_axi_tb.s00_axi_awaddr[3:0]}  {lfsr_axi_tb.s00_axi_awprot[2:0]}  lfsr_axi_tb.s00_axi_awvalid  {lfsr_axi_tb.s00_axi_wdata[31:0]}  {lfsr_axi_tb.s00_axi_wstrb[3:0]}  lfsr_axi_tb.s00_axi_wvalid   }
gui_delete_selected -id  Wave.1
gui_list_select -id Wave.1 -selected  { lfsr_axi_tb.s00_axi_awready   }
gui_list_select -id Wave.1 -selected  { lfsr_axi_tb.s00_axi_awready  lfsr_axi_tb.s00_axi_wready  {lfsr_axi_tb.s00_axi_bresp[1:0]}   }
gui_delete_selected -id  Wave.1
gui_wv_scroll_hslidermove -id  Wave.1 0
gui_wv_scroll_hslidermove -id  Wave.1 0
gui_list_select -id Data.1 -selected  { {lfsr_axi_tb.my_axi_lfsr.LFSR_v1_0_S00_AXI_inst.axi_araddr[3:0]}   }
gui_list_add -id Wave.1 -from Data.1 { {lfsr_axi_tb.my_axi_lfsr.LFSR_v1_0_S00_AXI_inst.axi_araddr[3:0]} } -insertionbar
gui_marker_move -id  Wave.1 C1 530000
gui_wv_zoom_timerange -id  Wave.1 0 650611
gui_scroll -window Wave.1 -hrel .2
gui_scroll -window Wave.1 -hrel .2
gui_scroll -window Wave.1 -hrel .2
gui_scroll -window Wave.1 -hrel .2
gui_scroll -window Wave.1 -hrel .2
gui_scroll -window Wave.1 -hrel .2
gui_scroll -window Wave.1 -hrel .2
gui_scroll -window Wave.1 -hrel .2
gui_scroll -window Wave.1 -hrel .2
gui_scroll -window Wave.1 -hrel .2
gui_scroll -window Wave.1 -hrel .2
gui_scroll -window Wave.1 -hrel .2
gui_scroll -window Wave.1 -hrel .2
gui_scroll -window Wave.1 -hrel .2
gui_scroll -window Wave.1 -hrel .2
gui_scroll -window Wave.1 -hrel .2
gui_scroll -window Wave.1 -hrel .2
gui_scroll -window Wave.1 -hrel .2
gui_scroll -window Wave.1 -hrel .2
gui_scroll -window Wave.1 -hrel .2
gui_scroll -window Wave.1 -hrel .2
gui_wv_scroll_hslidermove -id  Wave.1 1175
gui_wv_scroll_hslidermove -id  Wave.1 936
