
*** Running vivado
    with args -log design_1_auto_pc_0.vds -m64 -product Vivado -mode batch -messageDb vivado.pb -notrace -source design_1_auto_pc_0.tcl


****** Vivado v2017.3 (64-bit)
  **** SW Build 2018833 on Wed Oct  4 19:58:07 MDT 2017
  **** IP Build 2016188 on Wed Oct  4 21:52:56 MDT 2017
    ** Copyright 1986-2017 Xilinx, Inc. All Rights Reserved.

source design_1_auto_pc_0.tcl -notrace
Starting RTL Elaboration : Time (s): cpu = 00:00:18 ; elapsed = 00:00:39 . Memory (MB): peak = 1395.508 ; gain = 88.996 ; free physical = 82120 ; free virtual = 91240
INFO: [Synth 8-638] synthesizing module 'design_1_auto_pc_0' [/home/ecelrc/students/agroszewski/arch18/vivado/zynq_design_1/zynq_design_1.srcs/sources_1/bd/design_1/ip/design_1_auto_pc_0/synth/design_1_auto_pc_0.v:58]
INFO: [Synth 8-638] synthesizing module 'axi_protocol_converter_v2_1_14_axi_protocol_converter' [/home/ecelrc/students/agroszewski/arch18/vivado/zynq_design_1/zynq_design_1.srcs/sources_1/bd/design_1/ipshared/33cc/hdl/axi_protocol_converter_v2_1_vl_rfs.v:4811]
INFO: [Synth 8-638] synthesizing module 'axi_protocol_converter_v2_1_14_b2s' [/home/ecelrc/students/agroszewski/arch18/vivado/zynq_design_1/zynq_design_1.srcs/sources_1/bd/design_1/ipshared/33cc/hdl/axi_protocol_converter_v2_1_vl_rfs.v:4229]
INFO: [Synth 8-638] synthesizing module 'axi_protocol_converter_v2_1_14_b2s_aw_channel' [/home/ecelrc/students/agroszewski/arch18/vivado/zynq_design_1/zynq_design_1.srcs/sources_1/bd/design_1/ipshared/33cc/hdl/axi_protocol_converter_v2_1_vl_rfs.v:3974]
INFO: [Synth 8-638] synthesizing module 'axi_protocol_converter_v2_1_14_b2s_cmd_translator' [/home/ecelrc/students/agroszewski/arch18/vivado/zynq_design_1/zynq_design_1.srcs/sources_1/bd/design_1/ipshared/33cc/hdl/axi_protocol_converter_v2_1_vl_rfs.v:3467]
INFO: [Synth 8-638] synthesizing module 'axi_protocol_converter_v2_1_14_b2s_incr_cmd' [/home/ecelrc/students/agroszewski/arch18/vivado/zynq_design_1/zynq_design_1.srcs/sources_1/bd/design_1/ipshared/33cc/hdl/axi_protocol_converter_v2_1_vl_rfs.v:3093]
INFO: [Synth 8-256] done synthesizing module 'axi_protocol_converter_v2_1_14_b2s_incr_cmd' (1#1) [/home/ecelrc/students/agroszewski/arch18/vivado/zynq_design_1/zynq_design_1.srcs/sources_1/bd/design_1/ipshared/33cc/hdl/axi_protocol_converter_v2_1_vl_rfs.v:3093]
INFO: [Synth 8-638] synthesizing module 'axi_protocol_converter_v2_1_14_b2s_wrap_cmd' [/home/ecelrc/students/agroszewski/arch18/vivado/zynq_design_1/zynq_design_1.srcs/sources_1/bd/design_1/ipshared/33cc/hdl/axi_protocol_converter_v2_1_vl_rfs.v:2903]
INFO: [Synth 8-256] done synthesizing module 'axi_protocol_converter_v2_1_14_b2s_wrap_cmd' (2#1) [/home/ecelrc/students/agroszewski/arch18/vivado/zynq_design_1/zynq_design_1.srcs/sources_1/bd/design_1/ipshared/33cc/hdl/axi_protocol_converter_v2_1_vl_rfs.v:2903]
INFO: [Synth 8-256] done synthesizing module 'axi_protocol_converter_v2_1_14_b2s_cmd_translator' (3#1) [/home/ecelrc/students/agroszewski/arch18/vivado/zynq_design_1/zynq_design_1.srcs/sources_1/bd/design_1/ipshared/33cc/hdl/axi_protocol_converter_v2_1_vl_rfs.v:3467]
INFO: [Synth 8-638] synthesizing module 'axi_protocol_converter_v2_1_14_b2s_wr_cmd_fsm' [/home/ecelrc/students/agroszewski/arch18/vivado/zynq_design_1/zynq_design_1.srcs/sources_1/bd/design_1/ipshared/33cc/hdl/axi_protocol_converter_v2_1_vl_rfs.v:3225]
INFO: [Synth 8-256] done synthesizing module 'axi_protocol_converter_v2_1_14_b2s_wr_cmd_fsm' (4#1) [/home/ecelrc/students/agroszewski/arch18/vivado/zynq_design_1/zynq_design_1.srcs/sources_1/bd/design_1/ipshared/33cc/hdl/axi_protocol_converter_v2_1_vl_rfs.v:3225]
INFO: [Synth 8-256] done synthesizing module 'axi_protocol_converter_v2_1_14_b2s_aw_channel' (5#1) [/home/ecelrc/students/agroszewski/arch18/vivado/zynq_design_1/zynq_design_1.srcs/sources_1/bd/design_1/ipshared/33cc/hdl/axi_protocol_converter_v2_1_vl_rfs.v:3974]
INFO: [Synth 8-638] synthesizing module 'axi_protocol_converter_v2_1_14_b2s_b_channel' [/home/ecelrc/students/agroszewski/arch18/vivado/zynq_design_1/zynq_design_1.srcs/sources_1/bd/design_1/ipshared/33cc/hdl/axi_protocol_converter_v2_1_vl_rfs.v:3609]
INFO: [Synth 8-638] synthesizing module 'axi_protocol_converter_v2_1_14_b2s_simple_fifo' [/home/ecelrc/students/agroszewski/arch18/vivado/zynq_design_1/zynq_design_1.srcs/sources_1/bd/design_1/ipshared/33cc/hdl/axi_protocol_converter_v2_1_vl_rfs.v:2816]
INFO: [Synth 8-256] done synthesizing module 'axi_protocol_converter_v2_1_14_b2s_simple_fifo' (6#1) [/home/ecelrc/students/agroszewski/arch18/vivado/zynq_design_1/zynq_design_1.srcs/sources_1/bd/design_1/ipshared/33cc/hdl/axi_protocol_converter_v2_1_vl_rfs.v:2816]
INFO: [Synth 8-638] synthesizing module 'axi_protocol_converter_v2_1_14_b2s_simple_fifo__parameterized0' [/home/ecelrc/students/agroszewski/arch18/vivado/zynq_design_1/zynq_design_1.srcs/sources_1/bd/design_1/ipshared/33cc/hdl/axi_protocol_converter_v2_1_vl_rfs.v:2816]
INFO: [Synth 8-256] done synthesizing module 'axi_protocol_converter_v2_1_14_b2s_simple_fifo__parameterized0' (6#1) [/home/ecelrc/students/agroszewski/arch18/vivado/zynq_design_1/zynq_design_1.srcs/sources_1/bd/design_1/ipshared/33cc/hdl/axi_protocol_converter_v2_1_vl_rfs.v:2816]
INFO: [Synth 8-256] done synthesizing module 'axi_protocol_converter_v2_1_14_b2s_b_channel' (7#1) [/home/ecelrc/students/agroszewski/arch18/vivado/zynq_design_1/zynq_design_1.srcs/sources_1/bd/design_1/ipshared/33cc/hdl/axi_protocol_converter_v2_1_vl_rfs.v:3609]
INFO: [Synth 8-638] synthesizing module 'axi_protocol_converter_v2_1_14_b2s_ar_channel' [/home/ecelrc/students/agroszewski/arch18/vivado/zynq_design_1/zynq_design_1.srcs/sources_1/bd/design_1/ipshared/33cc/hdl/axi_protocol_converter_v2_1_vl_rfs.v:4085]
INFO: [Synth 8-638] synthesizing module 'axi_protocol_converter_v2_1_14_b2s_rd_cmd_fsm' [/home/ecelrc/students/agroszewski/arch18/vivado/zynq_design_1/zynq_design_1.srcs/sources_1/bd/design_1/ipshared/33cc/hdl/axi_protocol_converter_v2_1_vl_rfs.v:3336]
INFO: [Synth 8-256] done synthesizing module 'axi_protocol_converter_v2_1_14_b2s_rd_cmd_fsm' (8#1) [/home/ecelrc/students/agroszewski/arch18/vivado/zynq_design_1/zynq_design_1.srcs/sources_1/bd/design_1/ipshared/33cc/hdl/axi_protocol_converter_v2_1_vl_rfs.v:3336]
INFO: [Synth 8-256] done synthesizing module 'axi_protocol_converter_v2_1_14_b2s_ar_channel' (9#1) [/home/ecelrc/students/agroszewski/arch18/vivado/zynq_design_1/zynq_design_1.srcs/sources_1/bd/design_1/ipshared/33cc/hdl/axi_protocol_converter_v2_1_vl_rfs.v:4085]
INFO: [Synth 8-638] synthesizing module 'axi_protocol_converter_v2_1_14_b2s_r_channel' [/home/ecelrc/students/agroszewski/arch18/vivado/zynq_design_1/zynq_design_1.srcs/sources_1/bd/design_1/ipshared/33cc/hdl/axi_protocol_converter_v2_1_vl_rfs.v:3814]
INFO: [Synth 8-638] synthesizing module 'axi_protocol_converter_v2_1_14_b2s_simple_fifo__parameterized1' [/home/ecelrc/students/agroszewski/arch18/vivado/zynq_design_1/zynq_design_1.srcs/sources_1/bd/design_1/ipshared/33cc/hdl/axi_protocol_converter_v2_1_vl_rfs.v:2816]
INFO: [Synth 8-256] done synthesizing module 'axi_protocol_converter_v2_1_14_b2s_simple_fifo__parameterized1' (9#1) [/home/ecelrc/students/agroszewski/arch18/vivado/zynq_design_1/zynq_design_1.srcs/sources_1/bd/design_1/ipshared/33cc/hdl/axi_protocol_converter_v2_1_vl_rfs.v:2816]
INFO: [Synth 8-638] synthesizing module 'axi_protocol_converter_v2_1_14_b2s_simple_fifo__parameterized2' [/home/ecelrc/students/agroszewski/arch18/vivado/zynq_design_1/zynq_design_1.srcs/sources_1/bd/design_1/ipshared/33cc/hdl/axi_protocol_converter_v2_1_vl_rfs.v:2816]
INFO: [Synth 8-256] done synthesizing module 'axi_protocol_converter_v2_1_14_b2s_simple_fifo__parameterized2' (9#1) [/home/ecelrc/students/agroszewski/arch18/vivado/zynq_design_1/zynq_design_1.srcs/sources_1/bd/design_1/ipshared/33cc/hdl/axi_protocol_converter_v2_1_vl_rfs.v:2816]
INFO: [Synth 8-256] done synthesizing module 'axi_protocol_converter_v2_1_14_b2s_r_channel' (10#1) [/home/ecelrc/students/agroszewski/arch18/vivado/zynq_design_1/zynq_design_1.srcs/sources_1/bd/design_1/ipshared/33cc/hdl/axi_protocol_converter_v2_1_vl_rfs.v:3814]
INFO: [Synth 8-638] synthesizing module 'axi_register_slice_v2_1_14_axi_register_slice' [/home/ecelrc/students/agroszewski/arch18/vivado/zynq_design_1/zynq_design_1.srcs/sources_1/bd/design_1/ipshared/a259/hdl/axi_register_slice_v2_1_vl_rfs.v:1284]
INFO: [Synth 8-638] synthesizing module 'axi_register_slice_v2_1_14_axic_register_slice' [/home/ecelrc/students/agroszewski/arch18/vivado/zynq_design_1/zynq_design_1.srcs/sources_1/bd/design_1/ipshared/a259/hdl/axi_register_slice_v2_1_vl_rfs.v:189]
INFO: [Synth 8-256] done synthesizing module 'axi_register_slice_v2_1_14_axic_register_slice' (11#1) [/home/ecelrc/students/agroszewski/arch18/vivado/zynq_design_1/zynq_design_1.srcs/sources_1/bd/design_1/ipshared/a259/hdl/axi_register_slice_v2_1_vl_rfs.v:189]
INFO: [Synth 8-638] synthesizing module 'axi_register_slice_v2_1_14_axic_register_slice__parameterized0' [/home/ecelrc/students/agroszewski/arch18/vivado/zynq_design_1/zynq_design_1.srcs/sources_1/bd/design_1/ipshared/a259/hdl/axi_register_slice_v2_1_vl_rfs.v:189]
INFO: [Synth 8-256] done synthesizing module 'axi_register_slice_v2_1_14_axic_register_slice__parameterized0' (11#1) [/home/ecelrc/students/agroszewski/arch18/vivado/zynq_design_1/zynq_design_1.srcs/sources_1/bd/design_1/ipshared/a259/hdl/axi_register_slice_v2_1_vl_rfs.v:189]
INFO: [Synth 8-638] synthesizing module 'axi_register_slice_v2_1_14_axic_register_slice__parameterized1' [/home/ecelrc/students/agroszewski/arch18/vivado/zynq_design_1/zynq_design_1.srcs/sources_1/bd/design_1/ipshared/a259/hdl/axi_register_slice_v2_1_vl_rfs.v:189]
INFO: [Synth 8-256] done synthesizing module 'axi_register_slice_v2_1_14_axic_register_slice__parameterized1' (11#1) [/home/ecelrc/students/agroszewski/arch18/vivado/zynq_design_1/zynq_design_1.srcs/sources_1/bd/design_1/ipshared/a259/hdl/axi_register_slice_v2_1_vl_rfs.v:189]
INFO: [Synth 8-638] synthesizing module 'axi_register_slice_v2_1_14_axic_register_slice__parameterized2' [/home/ecelrc/students/agroszewski/arch18/vivado/zynq_design_1/zynq_design_1.srcs/sources_1/bd/design_1/ipshared/a259/hdl/axi_register_slice_v2_1_vl_rfs.v:189]
INFO: [Synth 8-256] done synthesizing module 'axi_register_slice_v2_1_14_axic_register_slice__parameterized2' (11#1) [/home/ecelrc/students/agroszewski/arch18/vivado/zynq_design_1/zynq_design_1.srcs/sources_1/bd/design_1/ipshared/a259/hdl/axi_register_slice_v2_1_vl_rfs.v:189]
INFO: [Synth 8-638] synthesizing module 'axi_infrastructure_v1_1_0_axi2vector' [/home/ecelrc/students/agroszewski/arch18/vivado/zynq_design_1/zynq_design_1.srcs/sources_1/bd/design_1/ipshared/ec67/hdl/axi_infrastructure_v1_1_vl_rfs.v:60]
INFO: [Synth 8-256] done synthesizing module 'axi_infrastructure_v1_1_0_axi2vector' (12#1) [/home/ecelrc/students/agroszewski/arch18/vivado/zynq_design_1/zynq_design_1.srcs/sources_1/bd/design_1/ipshared/ec67/hdl/axi_infrastructure_v1_1_vl_rfs.v:60]
INFO: [Synth 8-638] synthesizing module 'axi_infrastructure_v1_1_0_vector2axi' [/home/ecelrc/students/agroszewski/arch18/vivado/zynq_design_1/zynq_design_1.srcs/sources_1/bd/design_1/ipshared/ec67/hdl/axi_infrastructure_v1_1_vl_rfs.v:474]
INFO: [Synth 8-256] done synthesizing module 'axi_infrastructure_v1_1_0_vector2axi' (13#1) [/home/ecelrc/students/agroszewski/arch18/vivado/zynq_design_1/zynq_design_1.srcs/sources_1/bd/design_1/ipshared/ec67/hdl/axi_infrastructure_v1_1_vl_rfs.v:474]
INFO: [Synth 8-256] done synthesizing module 'axi_register_slice_v2_1_14_axi_register_slice' (14#1) [/home/ecelrc/students/agroszewski/arch18/vivado/zynq_design_1/zynq_design_1.srcs/sources_1/bd/design_1/ipshared/a259/hdl/axi_register_slice_v2_1_vl_rfs.v:1284]
INFO: [Synth 8-638] synthesizing module 'axi_register_slice_v2_1_14_axi_register_slice__parameterized0' [/home/ecelrc/students/agroszewski/arch18/vivado/zynq_design_1/zynq_design_1.srcs/sources_1/bd/design_1/ipshared/a259/hdl/axi_register_slice_v2_1_vl_rfs.v:1284]
INFO: [Synth 8-638] synthesizing module 'axi_register_slice_v2_1_14_axic_register_slice__parameterized3' [/home/ecelrc/students/agroszewski/arch18/vivado/zynq_design_1/zynq_design_1.srcs/sources_1/bd/design_1/ipshared/a259/hdl/axi_register_slice_v2_1_vl_rfs.v:189]
INFO: [Synth 8-256] done synthesizing module 'axi_register_slice_v2_1_14_axic_register_slice__parameterized3' (14#1) [/home/ecelrc/students/agroszewski/arch18/vivado/zynq_design_1/zynq_design_1.srcs/sources_1/bd/design_1/ipshared/a259/hdl/axi_register_slice_v2_1_vl_rfs.v:189]
INFO: [Synth 8-638] synthesizing module 'axi_register_slice_v2_1_14_axic_register_slice__parameterized4' [/home/ecelrc/students/agroszewski/arch18/vivado/zynq_design_1/zynq_design_1.srcs/sources_1/bd/design_1/ipshared/a259/hdl/axi_register_slice_v2_1_vl_rfs.v:189]
INFO: [Synth 8-256] done synthesizing module 'axi_register_slice_v2_1_14_axic_register_slice__parameterized4' (14#1) [/home/ecelrc/students/agroszewski/arch18/vivado/zynq_design_1/zynq_design_1.srcs/sources_1/bd/design_1/ipshared/a259/hdl/axi_register_slice_v2_1_vl_rfs.v:189]
INFO: [Synth 8-638] synthesizing module 'axi_register_slice_v2_1_14_axic_register_slice__parameterized5' [/home/ecelrc/students/agroszewski/arch18/vivado/zynq_design_1/zynq_design_1.srcs/sources_1/bd/design_1/ipshared/a259/hdl/axi_register_slice_v2_1_vl_rfs.v:189]
INFO: [Synth 8-256] done synthesizing module 'axi_register_slice_v2_1_14_axic_register_slice__parameterized5' (14#1) [/home/ecelrc/students/agroszewski/arch18/vivado/zynq_design_1/zynq_design_1.srcs/sources_1/bd/design_1/ipshared/a259/hdl/axi_register_slice_v2_1_vl_rfs.v:189]
INFO: [Synth 8-638] synthesizing module 'axi_register_slice_v2_1_14_axic_register_slice__parameterized6' [/home/ecelrc/students/agroszewski/arch18/vivado/zynq_design_1/zynq_design_1.srcs/sources_1/bd/design_1/ipshared/a259/hdl/axi_register_slice_v2_1_vl_rfs.v:189]
INFO: [Synth 8-256] done synthesizing module 'axi_register_slice_v2_1_14_axic_register_slice__parameterized6' (14#1) [/home/ecelrc/students/agroszewski/arch18/vivado/zynq_design_1/zynq_design_1.srcs/sources_1/bd/design_1/ipshared/a259/hdl/axi_register_slice_v2_1_vl_rfs.v:189]
INFO: [Synth 8-638] synthesizing module 'axi_infrastructure_v1_1_0_axi2vector__parameterized0' [/home/ecelrc/students/agroszewski/arch18/vivado/zynq_design_1/zynq_design_1.srcs/sources_1/bd/design_1/ipshared/ec67/hdl/axi_infrastructure_v1_1_vl_rfs.v:60]
INFO: [Synth 8-256] done synthesizing module 'axi_infrastructure_v1_1_0_axi2vector__parameterized0' (14#1) [/home/ecelrc/students/agroszewski/arch18/vivado/zynq_design_1/zynq_design_1.srcs/sources_1/bd/design_1/ipshared/ec67/hdl/axi_infrastructure_v1_1_vl_rfs.v:60]
INFO: [Synth 8-638] synthesizing module 'axi_infrastructure_v1_1_0_vector2axi__parameterized0' [/home/ecelrc/students/agroszewski/arch18/vivado/zynq_design_1/zynq_design_1.srcs/sources_1/bd/design_1/ipshared/ec67/hdl/axi_infrastructure_v1_1_vl_rfs.v:474]
INFO: [Synth 8-256] done synthesizing module 'axi_infrastructure_v1_1_0_vector2axi__parameterized0' (14#1) [/home/ecelrc/students/agroszewski/arch18/vivado/zynq_design_1/zynq_design_1.srcs/sources_1/bd/design_1/ipshared/ec67/hdl/axi_infrastructure_v1_1_vl_rfs.v:474]
INFO: [Synth 8-256] done synthesizing module 'axi_register_slice_v2_1_14_axi_register_slice__parameterized0' (14#1) [/home/ecelrc/students/agroszewski/arch18/vivado/zynq_design_1/zynq_design_1.srcs/sources_1/bd/design_1/ipshared/a259/hdl/axi_register_slice_v2_1_vl_rfs.v:1284]
INFO: [Synth 8-256] done synthesizing module 'axi_protocol_converter_v2_1_14_b2s' (15#1) [/home/ecelrc/students/agroszewski/arch18/vivado/zynq_design_1/zynq_design_1.srcs/sources_1/bd/design_1/ipshared/33cc/hdl/axi_protocol_converter_v2_1_vl_rfs.v:4229]
INFO: [Synth 8-256] done synthesizing module 'axi_protocol_converter_v2_1_14_axi_protocol_converter' (16#1) [/home/ecelrc/students/agroszewski/arch18/vivado/zynq_design_1/zynq_design_1.srcs/sources_1/bd/design_1/ipshared/33cc/hdl/axi_protocol_converter_v2_1_vl_rfs.v:4811]
INFO: [Synth 8-256] done synthesizing module 'design_1_auto_pc_0' (17#1) [/home/ecelrc/students/agroszewski/arch18/vivado/zynq_design_1/zynq_design_1.srcs/sources_1/bd/design_1/ip/design_1_auto_pc_0/synth/design_1_auto_pc_0.v:58]
Finished RTL Elaboration : Time (s): cpu = 00:00:50 ; elapsed = 00:01:30 . Memory (MB): peak = 1518.051 ; gain = 211.539 ; free physical = 81387 ; free virtual = 90509
Finished RTL Optimization Phase 1 : Time (s): cpu = 00:00:50 ; elapsed = 00:01:31 . Memory (MB): peak = 1518.051 ; gain = 211.539 ; free physical = 81501 ; free virtual = 90623
INFO: [Device 21-403] Loading part xc7z020clg484-1
Constraint Validation Runtime : Time (s): cpu = 00:00:00.13 ; elapsed = 00:00:00.04 . Memory (MB): peak = 1845.801 ; gain = 0.008 ; free physical = 82384 ; free virtual = 91507
Finished Constraint Validation : Time (s): cpu = 00:01:17 ; elapsed = 00:02:36 . Memory (MB): peak = 1845.801 ; gain = 539.289 ; free physical = 82575 ; free virtual = 91699
Finished Loading Part and Timing Information : Time (s): cpu = 00:01:17 ; elapsed = 00:02:36 . Memory (MB): peak = 1845.801 ; gain = 539.289 ; free physical = 82574 ; free virtual = 91698
Finished applying 'set_property' XDC Constraints : Time (s): cpu = 00:01:17 ; elapsed = 00:02:36 . Memory (MB): peak = 1845.801 ; gain = 539.289 ; free physical = 82575 ; free virtual = 91699
Finished RTL Optimization Phase 2 : Time (s): cpu = 00:01:18 ; elapsed = 00:02:37 . Memory (MB): peak = 1845.801 ; gain = 539.289 ; free physical = 82541 ; free virtual = 91666
Finished Cross Boundary and Area Optimization : Time (s): cpu = 00:01:20 ; elapsed = 00:02:39 . Memory (MB): peak = 1845.801 ; gain = 539.289 ; free physical = 83092 ; free virtual = 92216
Finished Applying XDC Timing Constraints : Time (s): cpu = 00:01:29 ; elapsed = 00:02:55 . Memory (MB): peak = 1845.801 ; gain = 539.289 ; free physical = 82596 ; free virtual = 91780
Finished Timing Optimization : Time (s): cpu = 00:01:31 ; elapsed = 00:02:57 . Memory (MB): peak = 1845.801 ; gain = 539.289 ; free physical = 83051 ; free virtual = 92236
Finished Technology Mapping : Time (s): cpu = 00:01:32 ; elapsed = 00:02:58 . Memory (MB): peak = 1845.801 ; gain = 539.289 ; free physical = 83092 ; free virtual = 92282
Finished IO Insertion : Time (s): cpu = 00:01:33 ; elapsed = 00:02:59 . Memory (MB): peak = 1845.801 ; gain = 539.289 ; free physical = 83083 ; free virtual = 92273
Finished Renaming Generated Instances : Time (s): cpu = 00:01:33 ; elapsed = 00:02:59 . Memory (MB): peak = 1845.801 ; gain = 539.289 ; free physical = 83081 ; free virtual = 92271
Finished Rebuilding User Hierarchy : Time (s): cpu = 00:01:33 ; elapsed = 00:02:59 . Memory (MB): peak = 1845.801 ; gain = 539.289 ; free physical = 83095 ; free virtual = 92284
Finished Renaming Generated Ports : Time (s): cpu = 00:01:33 ; elapsed = 00:02:59 . Memory (MB): peak = 1845.801 ; gain = 539.289 ; free physical = 83095 ; free virtual = 92284
Finished Handling Custom Attributes : Time (s): cpu = 00:01:33 ; elapsed = 00:02:59 . Memory (MB): peak = 1845.801 ; gain = 539.289 ; free physical = 83093 ; free virtual = 92284
Finished Renaming Generated Nets : Time (s): cpu = 00:01:33 ; elapsed = 00:02:59 . Memory (MB): peak = 1845.801 ; gain = 539.289 ; free physical = 83093 ; free virtual = 92284

Report Cell Usage: 
+------+--------+------+
|      |Cell    |Count |
+------+--------+------+
|1     |CARRY4  |    18|
|2     |LUT1    |     5|
|3     |LUT2    |    20|
|4     |LUT3    |   250|
|5     |LUT4    |    50|
|6     |LUT5    |    74|
|7     |LUT6    |   106|
|8     |SRL16E  |    22|
|9     |SRLC32E |    47|
|10    |FDRE    |   572|
|11    |FDSE    |    50|
+------+--------+------+
Finished Writing Synthesis Report : Time (s): cpu = 00:01:33 ; elapsed = 00:02:59 . Memory (MB): peak = 1845.801 ; gain = 539.289 ; free physical = 83093 ; free virtual = 92284
synth_design: Time (s): cpu = 00:01:36 ; elapsed = 00:03:01 . Memory (MB): peak = 1871.957 ; gain = 590.270 ; free physical = 83762 ; free virtual = 92955
