Copyright 1986-2017 Xilinx, Inc. All Rights Reserved.
------------------------------------------------------------------------------------
| Tool Version : Vivado v.2017.3 (lin64) Build 2018833 Wed Oct  4 19:58:07 MDT 2017
| Date         : Tue Feb 13 23:07:23 2018
| Host         : toad running 64-bit CentOS release 6.9 (Final)
| Command      : upgrade_ip
| Device       : xc7z020clg484-1
------------------------------------------------------------------------------------

Upgrade Log for IP 'bram_test_LFSR_beta_0_0'

1. Summary
----------

SUCCESS in the upgrade of bram_test_LFSR_beta_0_0 (ecelrc:user:LFSR_beta:1.0) from (Rev. 7) to (Rev. 8)






Copyright 1986-2017 Xilinx, Inc. All Rights Reserved.
------------------------------------------------------------------------------------
| Tool Version : Vivado v.2017.3 (lin64) Build 2018833 Wed Oct  4 19:58:07 MDT 2017
| Date         : Tue Feb 13 22:41:31 2018
| Host         : toad running 64-bit CentOS release 6.9 (Final)
| Command      : upgrade_ip
| Device       : xc7z020clg484-1
------------------------------------------------------------------------------------

Upgrade Log for IP 'bram_test_LFSR_beta_0_0'

1. Summary
----------

SUCCESS in the upgrade of bram_test_LFSR_beta_0_0 (ecelrc:user:LFSR_beta:1.0) from (Rev. 6) to (Rev. 7)






Copyright 1986-2017 Xilinx, Inc. All Rights Reserved.
------------------------------------------------------------------------------------
| Tool Version : Vivado v.2017.3 (lin64) Build 2018833 Wed Oct  4 19:58:07 MDT 2017
| Date         : Tue Feb 13 22:20:10 2018
| Host         : toad running 64-bit CentOS release 6.9 (Final)
| Command      : upgrade_ip
| Device       : xc7z020clg484-1
------------------------------------------------------------------------------------

Upgrade Log for IP 'bram_test_LFSR_beta_0_0'

1. Summary
----------

SUCCESS in the upgrade of bram_test_LFSR_beta_0_0 (ecelrc:user:LFSR_beta:1.0) from (Rev. 5) to (Rev. 6)






Copyright 1986-2017 Xilinx, Inc. All Rights Reserved.
------------------------------------------------------------------------------------
| Tool Version : Vivado v.2017.3 (lin64) Build 2018833 Wed Oct  4 19:58:07 MDT 2017
| Date         : Tue Feb 13 21:56:32 2018
| Host         : toad running 64-bit CentOS release 6.9 (Final)
| Command      : upgrade_ip
| Device       : xc7z020clg484-1
------------------------------------------------------------------------------------

Upgrade Log for IP 'bram_test_LFSR_beta_0_0'

1. Summary
----------

SUCCESS in the upgrade of bram_test_LFSR_beta_0_0 (ecelrc:user:LFSR_beta:1.0) from (Rev. 4) to (Rev. 5)






Copyright 1986-2017 Xilinx, Inc. All Rights Reserved.
------------------------------------------------------------------------------------
| Tool Version : Vivado v.2017.3 (lin64) Build 2018833 Wed Oct  4 19:58:07 MDT 2017
| Date         : Tue Feb 13 21:32:45 2018
| Host         : toad running 64-bit CentOS release 6.9 (Final)
| Command      : upgrade_ip
| Device       : xc7z020clg484-1
------------------------------------------------------------------------------------

Upgrade Log for IP 'bram_test_LFSR_beta_0_0'

1. Summary
----------

SUCCESS in the upgrade of bram_test_LFSR_beta_0_0 (ecelrc:user:LFSR_beta:1.0) from (Rev. 3) to (Rev. 4)






Copyright 1986-2017 Xilinx, Inc. All Rights Reserved.
------------------------------------------------------------------------------------
| Tool Version : Vivado v.2017.3 (lin64) Build 2018833 Wed Oct  4 19:58:07 MDT 2017
| Date         : Tue Feb 13 20:27:33 2018
| Host         : toad running 64-bit CentOS release 6.9 (Final)
| Command      : upgrade_ip
| Device       : xc7z020clg484-1
------------------------------------------------------------------------------------

Upgrade Log for IP 'bram_test_LFSR_beta_0_0'

1. Summary
----------

SUCCESS in the upgrade of bram_test_LFSR_beta_0_0 (ecelrc:user:LFSR_beta:1.0) from (Rev. 2) to (Rev. 3)

