# Preference setting overrides
gui_create_pref_key -category {Globals} -key {load_detail_for_funcov} -value_type {bool} -value {false}

# State setting overrides
gui_state_default_create -off -ini
gui_set_state_value -category Globals -key recent_databases -value {{gui_open_db -file /home/ecelrc/students/agroszewski/arch18/verilog/lfsr/lfsr_tb.dump -design V1} {gui_open_db -file /home/ecelrc/students/agroszewski/arch18/verilog/lfsr/project_tb.dump -design V1} {gui_open_db -file /home/ecelrc/students/agroszewski/dependable_computing/project/take2/project_tb.dump -design V1} {gui_open_db -file /home/ecelrc/students/agroszewski/dependable_computing/project/project_tb.dump -design V1} {gui_open_db -file /home/ecelrc/students/agroszewski/dependable_computing/project/rc_tb.dump -design V1}}
gui_set_state_value -category Layout -key child_console_size_x -value 1439
gui_set_state_value -category Layout -key child_console_size_y -value 159
gui_set_state_value -category Layout -key child_data_size_x -value 267
gui_set_state_value -category Layout -key child_data_size_y -value 456
gui_set_state_value -category Layout -key child_hier_col3 -value {-1}
gui_set_state_value -category Layout -key child_hier_colpd -value 0
gui_set_state_value -category Layout -key child_hier_size_x -value 154
gui_set_state_value -category Layout -key child_hier_size_y -value 456
gui_set_state_value -category Layout -key child_source_docknewline -value false
gui_set_state_value -category Layout -key child_source_pos_x -value {-2}
gui_set_state_value -category Layout -key child_source_pos_y -value {-15}
gui_set_state_value -category Layout -key child_source_size_x -value 1021
gui_set_state_value -category Layout -key child_source_size_y -value 451
gui_set_state_value -category Layout -key child_wave_colname -value 195
gui_set_state_value -category Layout -key child_wave_colvalue -value 195
gui_set_state_value -category Layout -key child_wave_left -value 395
gui_set_state_value -category Layout -key child_wave_right -value 963
gui_set_state_value -category Layout -key main_pos_x -value 0
gui_set_state_value -category Layout -key main_pos_y -value 53
gui_set_state_value -category Layout -key main_size_x -value 1439
gui_set_state_value -category Layout -key main_size_y -value 763
gui_set_state_value -category Layout -key stand_source_child_docknewline -value false
gui_set_state_value -category Layout -key stand_source_child_pos_x -value {-2}
gui_set_state_value -category Layout -key stand_source_child_pos_y -value {-15}
gui_set_state_value -category Layout -key stand_source_child_size_x -value 1077
gui_set_state_value -category Layout -key stand_source_child_size_y -value 447
gui_set_state_value -category Layout -key stand_wave_child_docknewline -value false
gui_set_state_value -category Layout -key stand_wave_child_pos_x -value {-2}
gui_set_state_value -category Layout -key stand_wave_child_pos_y -value {-15}
gui_set_state_value -category Layout -key stand_wave_child_size_x -value 1368
gui_set_state_value -category Layout -key stand_wave_child_size_y -value 580
gui_set_state_value -category Layout -key stand_wave_top_pos_x -value 26
gui_set_state_value -category Layout -key stand_wave_top_pos_y -value 79
gui_set_state_value -category Layout -key stand_wave_top_size_x -value 1389
gui_set_state_value -category Layout -key stand_wave_top_size_y -value 759
gui_create_state_key -category FindDialog -key m_pMatchCase -value_type bool -value false
gui_create_state_key -category FindDialog -key m_pMatchWord -value_type bool -value false
gui_create_state_key -category FindDialog -key m_pUseCombo -value_type string -value {}
gui_create_state_key -category FindDialog -key m_pWrapAround -value_type bool -value true
gui_state_default_create -off

# Begin command logging
gui_open_db -file /home/ecelrc/students/agroszewski/arch18/verilog/lfsr/lfsr_tb.dump -design V1
gui_list_select -id Hier.1 -current_item_name lfsr_tb -current_item_type Scope  -selected  { lfsr_tb   }
gui_list_select -id Data.1 -selected  { lfsr_tb.clk_50   }
gui_list_select -id Data.1 -selected  { lfsr_tb.clk_50  lfsr_tb.en_addr  lfsr_tb.en_data  lfsr_tb.rst  {lfsr_tb.prn_counter_data[31:0]}  {lfsr_tb.prn_counter_addr[9:0]}   }
gui_open_window Wave
gui_list_add -id Wave.1 -from Data.1 { lfsr_tb.clk_50 lfsr_tb.en_addr lfsr_tb.en_data lfsr_tb.rst {lfsr_tb.prn_counter_data[31:0]} {lfsr_tb.prn_counter_addr[9:0]} } -insertionbar
gui_zoom -window Wave.1 -factor 0.5
gui_zoom -window Wave.1 -factor 0.5
gui_zoom -window Wave.1 -factor 0.5
gui_zoom -window Wave.1 -factor 0.5
gui_marker_move -id  Wave.1 C1 0
gui_marker_move -id  Wave.1 C1 200
gui_marker_move -id  Wave.1 C1 300
gui_marker_move -id  Wave.1 C1 0
gui_list_select -id Wave.1 -selected  { lfsr_tb.clk_50   }
gui_marker_move -id  Wave.1 C1 100
gui_marker_move -id  Wave.1 C1 100
gui_seek_next -id Wave.1 -number 1 
gui_seek_next -id Wave.1 -number 1 
gui_seek_previous -id Wave.1 -number 1 
gui_seek_previous -id Wave.1 -number 1 
gui_seek_next -id Wave.1 -number 1 
gui_seek_previous -id Wave.1 -number 1 
gui_seek_next -id Wave.1 -number 1 
gui_seek_next -id Wave.1 -number 1 
gui_seek_previous -id Wave.1 -number 1 
gui_seek_previous -id Wave.1 -number 1 
gui_seek_next -id Wave.1 -number 1 
gui_seek_next -id Wave.1 -number 1 
gui_seek_next -id Wave.1 -number 1 
gui_seek_next -id Wave.1 -number 1 
gui_seek_next -id Wave.1 -number 1 
gui_seek_next -id Wave.1 -number 1 
gui_seek_next -id Wave.1 -number 1 
gui_seek_next -id Wave.1 -number 1 
gui_seek_next -id Wave.1 -number 1 
gui_seek_next -id Wave.1 -number 1 
gui_seek_next -id Wave.1 -number 1 
gui_seek_criteria -id Wave.1 "Rising" 
gui_seek_previous -id Wave.1 -number 1 
gui_seek_previous -id Wave.1 -number 1 
gui_seek_next -id Wave.1 -number 1 
gui_seek_next -id Wave.1 -number 1 
gui_seek_next -id Wave.1 -number 1 
gui_seek_next -id Wave.1 -number 1 
gui_seek_next -id Wave.1 -number 1 
gui_seek_next -id Wave.1 -number 1 
gui_seek_next -id Wave.1 -number 1 
gui_seek_next -id Wave.1 -number 1 
gui_seek_next -id Wave.1 -number 1 
gui_seek_next -id Wave.1 -number 1 
gui_seek_next -id Wave.1 -number 1 
gui_seek_next -id Wave.1 -number 1 
gui_seek_next -id Wave.1 -number 1 
gui_seek_next -id Wave.1 -number 1 
gui_wv_scroll_hslidermove -id  Wave.1 23481
gui_wv_scroll_hslidermove -id  Wave.1 37570
gui_close_window -window TopLevel.2
