
*** Running vivado
    with args -log design_1_blk_mem_gen_0_0.vds -m64 -product Vivado -mode batch -messageDb vivado.pb -notrace -source design_1_blk_mem_gen_0_0.tcl


****** Vivado v2017.3 (64-bit)
  **** SW Build 2018833 on Wed Oct  4 19:58:07 MDT 2017
  **** IP Build 2016188 on Wed Oct  4 21:52:56 MDT 2017
    ** Copyright 1986-2017 Xilinx, Inc. All Rights Reserved.

source design_1_blk_mem_gen_0_0.tcl -notrace
Starting RTL Elaboration : Time (s): cpu = 00:00:17 ; elapsed = 00:00:36 . Memory (MB): peak = 1390.512 ; gain = 82.996 ; free physical = 82177 ; free virtual = 91296
INFO: [Synth 8-638] synthesizing module 'design_1_blk_mem_gen_0_0' [/home/ecelrc/students/agroszewski/arch18/vivado/zynq_design_1/zynq_design_1.srcs/sources_1/bd/design_1/ip/design_1_blk_mem_gen_0_0/synth/design_1_blk_mem_gen_0_0.vhd:80]
INFO: [Synth 8-256] done synthesizing module 'design_1_blk_mem_gen_0_0' (11#1) [/home/ecelrc/students/agroszewski/arch18/vivado/zynq_design_1/zynq_design_1.srcs/sources_1/bd/design_1/ip/design_1_blk_mem_gen_0_0/synth/design_1_blk_mem_gen_0_0.vhd:80]
Finished RTL Elaboration : Time (s): cpu = 00:02:00 ; elapsed = 00:02:36 . Memory (MB): peak = 1594.672 ; gain = 287.156 ; free physical = 82476 ; free virtual = 91600
Finished RTL Optimization Phase 1 : Time (s): cpu = 00:02:00 ; elapsed = 00:02:36 . Memory (MB): peak = 1594.672 ; gain = 287.156 ; free physical = 82590 ; free virtual = 91714
INFO: [Device 21-403] Loading part xc7z020clg484-1
Constraint Validation Runtime : Time (s): cpu = 00:00:00.04 ; elapsed = 00:00:00.03 . Memory (MB): peak = 1846.828 ; gain = 0.008 ; free physical = 84227 ; free virtual = 93518
Finished Constraint Validation : Time (s): cpu = 00:02:28 ; elapsed = 00:03:41 . Memory (MB): peak = 1846.828 ; gain = 539.312 ; free physical = 84341 ; free virtual = 93642
Finished Loading Part and Timing Information : Time (s): cpu = 00:02:28 ; elapsed = 00:03:41 . Memory (MB): peak = 1846.828 ; gain = 539.312 ; free physical = 84341 ; free virtual = 93642
Finished applying 'set_property' XDC Constraints : Time (s): cpu = 00:02:28 ; elapsed = 00:03:41 . Memory (MB): peak = 1846.828 ; gain = 539.312 ; free physical = 84343 ; free virtual = 93644
Finished RTL Optimization Phase 2 : Time (s): cpu = 00:02:29 ; elapsed = 00:03:42 . Memory (MB): peak = 1846.828 ; gain = 539.312 ; free physical = 84334 ; free virtual = 93636
Finished Cross Boundary and Area Optimization : Time (s): cpu = 00:02:29 ; elapsed = 00:03:43 . Memory (MB): peak = 1846.828 ; gain = 539.312 ; free physical = 84321 ; free virtual = 93622
Finished Applying XDC Timing Constraints : Time (s): cpu = 00:02:39 ; elapsed = 00:03:59 . Memory (MB): peak = 1846.828 ; gain = 539.312 ; free physical = 84175 ; free virtual = 93477
Finished Timing Optimization : Time (s): cpu = 00:02:39 ; elapsed = 00:04:00 . Memory (MB): peak = 1846.828 ; gain = 539.312 ; free physical = 84175 ; free virtual = 93477
Finished Technology Mapping : Time (s): cpu = 00:02:39 ; elapsed = 00:04:00 . Memory (MB): peak = 1846.828 ; gain = 539.312 ; free physical = 84179 ; free virtual = 93481
Finished IO Insertion : Time (s): cpu = 00:02:40 ; elapsed = 00:04:00 . Memory (MB): peak = 1846.828 ; gain = 539.312 ; free physical = 84181 ; free virtual = 93482
Finished Renaming Generated Instances : Time (s): cpu = 00:02:40 ; elapsed = 00:04:00 . Memory (MB): peak = 1846.828 ; gain = 539.312 ; free physical = 84181 ; free virtual = 93482
Finished Rebuilding User Hierarchy : Time (s): cpu = 00:02:40 ; elapsed = 00:04:01 . Memory (MB): peak = 1846.828 ; gain = 539.312 ; free physical = 84181 ; free virtual = 93482
Finished Renaming Generated Ports : Time (s): cpu = 00:02:40 ; elapsed = 00:04:01 . Memory (MB): peak = 1846.828 ; gain = 539.312 ; free physical = 84181 ; free virtual = 93482
Finished Handling Custom Attributes : Time (s): cpu = 00:02:40 ; elapsed = 00:04:01 . Memory (MB): peak = 1846.828 ; gain = 539.312 ; free physical = 84181 ; free virtual = 93482
Finished Renaming Generated Nets : Time (s): cpu = 00:02:40 ; elapsed = 00:04:01 . Memory (MB): peak = 1846.828 ; gain = 539.312 ; free physical = 84181 ; free virtual = 93482

Report Cell Usage: 
+------+---------+------+
|      |Cell     |Count |
+------+---------+------+
|1     |LUT2     |     6|
|2     |LUT4     |     2|
|3     |RAMB36E1 |    16|
|4     |SRL16E   |     2|
|5     |FDRE     |    10|
|6     |FDSE     |     2|
+------+---------+------+
Finished Writing Synthesis Report : Time (s): cpu = 00:02:40 ; elapsed = 00:04:01 . Memory (MB): peak = 1846.828 ; gain = 539.312 ; free physical = 84181 ; free virtual = 93482
synth_design: Time (s): cpu = 00:02:42 ; elapsed = 00:04:02 . Memory (MB): peak = 1846.828 ; gain = 564.137 ; free physical = 84229 ; free virtual = 93530
