
*** Running vivado
    with args -log bram_test_LFSR_0_0.vds -m64 -product Vivado -mode batch -messageDb vivado.pb -notrace -source bram_test_LFSR_0_0.tcl


****** Vivado v2017.3 (64-bit)
  **** SW Build 2018833 on Wed Oct  4 19:58:07 MDT 2017
  **** IP Build 2016188 on Wed Oct  4 21:52:56 MDT 2017
    ** Copyright 1986-2017 Xilinx, Inc. All Rights Reserved.

source bram_test_LFSR_0_0.tcl -notrace
Command: synth_design -top bram_test_LFSR_0_0 -part xc7z020clg484-1 -mode out_of_context
Starting synth_design
Attempting to get a license for feature 'Synthesis' and/or device 'xc7z020'
INFO: [Common 17-349] Got license for feature 'Synthesis' and/or device 'xc7z020'
INFO: Launching helper process for spawning children vivado processes
INFO: Helper process launched with PID 17873 
---------------------------------------------------------------------------------
Starting RTL Elaboration : Time (s): cpu = 00:00:12 ; elapsed = 00:00:14 . Memory (MB): peak = 1390.500 ; gain = 82.992 ; free physical = 62477 ; free virtual = 82182
---------------------------------------------------------------------------------
INFO: [Synth 8-638] synthesizing module 'bram_test_LFSR_0_0' [/home/ecelrc/students/agroszewski/arch18/vivado/lab1/lab1.srcs/sources_1/bd/bram_test/ip/bram_test_LFSR_0_0/synth/bram_test_LFSR_0_0.v:56]
INFO: [Synth 8-638] synthesizing module 'LFSR_v1_0' [/home/ecelrc/students/agroszewski/arch18/vivado/lab1/lab1.srcs/sources_1/bd/bram_test/ipshared/6987/hdl/LFSR_v1_0.v:4]
	Parameter C_S00_AXI_DATA_WIDTH bound to: 32 - type: integer 
	Parameter C_S00_AXI_ADDR_WIDTH bound to: 4 - type: integer 
INFO: [Synth 8-638] synthesizing module 'LFSR_v1_0_S00_AXI' [/home/ecelrc/students/agroszewski/arch18/vivado/lab1/lab1.srcs/sources_1/bd/bram_test/ipshared/6987/hdl/LFSR_v1_0_S00_AXI.v:4]
	Parameter C_S_AXI_DATA_WIDTH bound to: 32 - type: integer 
	Parameter C_S_AXI_ADDR_WIDTH bound to: 4 - type: integer 
	Parameter ADDR_LSB bound to: 2 - type: integer 
	Parameter OPT_MEM_ADDR_BITS bound to: 1 - type: integer 
INFO: [Synth 8-226] default block is never used [/home/ecelrc/students/agroszewski/arch18/vivado/lab1/lab1.srcs/sources_1/bd/bram_test/ipshared/6987/hdl/LFSR_v1_0_S00_AXI.v:236]
INFO: [Synth 8-226] default block is never used [/home/ecelrc/students/agroszewski/arch18/vivado/lab1/lab1.srcs/sources_1/bd/bram_test/ipshared/6987/hdl/LFSR_v1_0_S00_AXI.v:377]
INFO: [Synth 8-638] synthesizing module 'lfsr' [/home/ecelrc/students/agroszewski/arch18/vivado/lab1/lab1.srcs/sources_1/bd/bram_test/ipshared/6987/src/lfsr.v:4]
INFO: [Synth 8-638] synthesizing module 'lfsr_32bit' [/home/ecelrc/students/agroszewski/arch18/vivado/lab1/lab1.srcs/sources_1/bd/bram_test/ipshared/6987/src/lfsr.v:30]
INFO: [Synth 8-256] done synthesizing module 'lfsr_32bit' (1#1) [/home/ecelrc/students/agroszewski/arch18/vivado/lab1/lab1.srcs/sources_1/bd/bram_test/ipshared/6987/src/lfsr.v:30]
INFO: [Synth 8-638] synthesizing module 'lfsr_10bit' [/home/ecelrc/students/agroszewski/arch18/vivado/lab1/lab1.srcs/sources_1/bd/bram_test/ipshared/6987/src/lfsr.v:107]
INFO: [Synth 8-256] done synthesizing module 'lfsr_10bit' (2#1) [/home/ecelrc/students/agroszewski/arch18/vivado/lab1/lab1.srcs/sources_1/bd/bram_test/ipshared/6987/src/lfsr.v:107]
INFO: [Synth 8-256] done synthesizing module 'lfsr' (3#1) [/home/ecelrc/students/agroszewski/arch18/vivado/lab1/lab1.srcs/sources_1/bd/bram_test/ipshared/6987/src/lfsr.v:4]
WARNING: [Synth 8-6014] Unused sequential element slv_reg0_reg was removed.  [/home/ecelrc/students/agroszewski/arch18/vivado/lab1/lab1.srcs/sources_1/bd/bram_test/ipshared/6987/hdl/LFSR_v1_0_S00_AXI.v:228]
WARNING: [Synth 8-6014] Unused sequential element slv_reg1_reg was removed.  [/home/ecelrc/students/agroszewski/arch18/vivado/lab1/lab1.srcs/sources_1/bd/bram_test/ipshared/6987/hdl/LFSR_v1_0_S00_AXI.v:229]
INFO: [Synth 8-256] done synthesizing module 'LFSR_v1_0_S00_AXI' (4#1) [/home/ecelrc/students/agroszewski/arch18/vivado/lab1/lab1.srcs/sources_1/bd/bram_test/ipshared/6987/hdl/LFSR_v1_0_S00_AXI.v:4]
INFO: [Synth 8-256] done synthesizing module 'LFSR_v1_0' (5#1) [/home/ecelrc/students/agroszewski/arch18/vivado/lab1/lab1.srcs/sources_1/bd/bram_test/ipshared/6987/hdl/LFSR_v1_0.v:4]
INFO: [Synth 8-256] done synthesizing module 'bram_test_LFSR_0_0' (6#1) [/home/ecelrc/students/agroszewski/arch18/vivado/lab1/lab1.srcs/sources_1/bd/bram_test/ip/bram_test_LFSR_0_0/synth/bram_test_LFSR_0_0.v:56]
WARNING: [Synth 8-3331] design LFSR_v1_0_S00_AXI has unconnected port S_AXI_AWPROT[2]
WARNING: [Synth 8-3331] design LFSR_v1_0_S00_AXI has unconnected port S_AXI_AWPROT[1]
WARNING: [Synth 8-3331] design LFSR_v1_0_S00_AXI has unconnected port S_AXI_AWPROT[0]
WARNING: [Synth 8-3331] design LFSR_v1_0_S00_AXI has unconnected port S_AXI_ARPROT[2]
WARNING: [Synth 8-3331] design LFSR_v1_0_S00_AXI has unconnected port S_AXI_ARPROT[1]
WARNING: [Synth 8-3331] design LFSR_v1_0_S00_AXI has unconnected port S_AXI_ARPROT[0]
---------------------------------------------------------------------------------
Finished RTL Elaboration : Time (s): cpu = 00:00:13 ; elapsed = 00:00:15 . Memory (MB): peak = 1432.047 ; gain = 124.539 ; free physical = 62497 ; free virtual = 82202
---------------------------------------------------------------------------------

Report Check Netlist: 
+------+------------------+-------+---------+-------+------------------+
|      |Item              |Errors |Warnings |Status |Description       |
+------+------------------+-------+---------+-------+------------------+
|1     |multi_driven_nets |      0|        0|Passed |Multi driven nets |
+------+------------------+-------+---------+-------+------------------+
---------------------------------------------------------------------------------
Finished RTL Optimization Phase 1 : Time (s): cpu = 00:00:14 ; elapsed = 00:00:16 . Memory (MB): peak = 1432.047 ; gain = 124.539 ; free physical = 62493 ; free virtual = 82198
---------------------------------------------------------------------------------
INFO: [Device 21-403] Loading part xc7z020clg484-1
INFO: [Project 1-570] Preparing netlist for logic optimization

Processing XDC Constraints
Initializing timing engine
Completed Processing XDC Constraints

INFO: [Project 1-111] Unisim Transformation Summary:
No Unisim elements were transformed.

Constraint Validation Runtime : Time (s): cpu = 00:00:00.02 ; elapsed = 00:00:00.02 . Memory (MB): peak = 1821.188 ; gain = 0.000 ; free physical = 62203 ; free virtual = 81908
---------------------------------------------------------------------------------
Finished Constraint Validation : Time (s): cpu = 00:00:40 ; elapsed = 00:01:18 . Memory (MB): peak = 1821.188 ; gain = 513.680 ; free physical = 62296 ; free virtual = 82001
---------------------------------------------------------------------------------
---------------------------------------------------------------------------------
Start Loading Part and Timing Information
---------------------------------------------------------------------------------
Loading part: xc7z020clg484-1
---------------------------------------------------------------------------------
Finished Loading Part and Timing Information : Time (s): cpu = 00:00:40 ; elapsed = 00:01:18 . Memory (MB): peak = 1821.188 ; gain = 513.680 ; free physical = 62296 ; free virtual = 82001
---------------------------------------------------------------------------------
---------------------------------------------------------------------------------
Start Applying 'set_property' XDC Constraints
---------------------------------------------------------------------------------
---------------------------------------------------------------------------------
Finished applying 'set_property' XDC Constraints : Time (s): cpu = 00:00:40 ; elapsed = 00:01:18 . Memory (MB): peak = 1821.188 ; gain = 513.680 ; free physical = 62298 ; free virtual = 82003
---------------------------------------------------------------------------------
---------------------------------------------------------------------------------
Finished RTL Optimization Phase 2 : Time (s): cpu = 00:00:40 ; elapsed = 00:01:18 . Memory (MB): peak = 1821.188 ; gain = 513.680 ; free physical = 62291 ; free virtual = 81996
---------------------------------------------------------------------------------

Report RTL Partitions: 
+-+--------------+------------+----------+
| |RTL Partition |Replication |Instances |
+-+--------------+------------+----------+
+-+--------------+------------+----------+
---------------------------------------------------------------------------------
Start RTL Component Statistics 
---------------------------------------------------------------------------------
Detailed RTL Component Info : 
+---XORs : 
	   2 Input      1 Bit         XORs := 4     
+---Registers : 
	               32 Bit    Registers := 4     
	               10 Bit    Registers := 1     
	                4 Bit    Registers := 2     
	                2 Bit    Registers := 2     
	                1 Bit    Registers := 6     
+---Muxes : 
	   2 Input     32 Bit        Muxes := 2     
	   4 Input     32 Bit        Muxes := 3     
	   2 Input      1 Bit        Muxes := 5     
---------------------------------------------------------------------------------
Finished RTL Component Statistics 
---------------------------------------------------------------------------------
---------------------------------------------------------------------------------
Start RTL Hierarchical Component Statistics 
---------------------------------------------------------------------------------
Hierarchical RTL Component report 
Module lfsr_32bit 
Detailed RTL Component Info : 
+---XORs : 
	   2 Input      1 Bit         XORs := 3     
+---Registers : 
	               32 Bit    Registers := 1     
Module lfsr_10bit 
Detailed RTL Component Info : 
+---XORs : 
	   2 Input      1 Bit         XORs := 1     
+---Registers : 
	               10 Bit    Registers := 1     
Module LFSR_v1_0_S00_AXI 
Detailed RTL Component Info : 
+---Registers : 
	               32 Bit    Registers := 3     
	                4 Bit    Registers := 2     
	                2 Bit    Registers := 2     
	                1 Bit    Registers := 6     
+---Muxes : 
	   2 Input     32 Bit        Muxes := 2     
	   4 Input     32 Bit        Muxes := 3     
	   2 Input      1 Bit        Muxes := 5     
---------------------------------------------------------------------------------
Finished RTL Hierarchical Component Statistics
---------------------------------------------------------------------------------
---------------------------------------------------------------------------------
Start Part Resource Summary
---------------------------------------------------------------------------------
Part Resources:
DSPs: 220 (col length:60)
BRAMs: 280 (col length: RAMB18 60 RAMB36 30)
---------------------------------------------------------------------------------
Finished Part Resource Summary
---------------------------------------------------------------------------------
---------------------------------------------------------------------------------
Start Cross Boundary and Area Optimization
---------------------------------------------------------------------------------
WARNING: [Synth 8-3331] design bram_test_LFSR_0_0 has unconnected port s00_axi_awprot[2]
WARNING: [Synth 8-3331] design bram_test_LFSR_0_0 has unconnected port s00_axi_awprot[1]
WARNING: [Synth 8-3331] design bram_test_LFSR_0_0 has unconnected port s00_axi_awprot[0]
WARNING: [Synth 8-3331] design bram_test_LFSR_0_0 has unconnected port s00_axi_arprot[2]
WARNING: [Synth 8-3331] design bram_test_LFSR_0_0 has unconnected port s00_axi_arprot[1]
WARNING: [Synth 8-3331] design bram_test_LFSR_0_0 has unconnected port s00_axi_arprot[0]
INFO: [Synth 8-3886] merging instance 'inst/LFSR_v1_0_S00_AXI_inst/axi_rresp_reg[0]' (FDRE) to 'inst/LFSR_v1_0_S00_AXI_inst/axi_rresp_reg[1]'
INFO: [Synth 8-3333] propagating constant 0 across sequential element (\inst/LFSR_v1_0_S00_AXI_inst/axi_rresp_reg[1] )
INFO: [Synth 8-3886] merging instance 'inst/LFSR_v1_0_S00_AXI_inst/axi_bresp_reg[0]' (FDRE) to 'inst/LFSR_v1_0_S00_AXI_inst/axi_bresp_reg[1]'
INFO: [Synth 8-3333] propagating constant 0 across sequential element (\inst/LFSR_v1_0_S00_AXI_inst/axi_bresp_reg[1] )
INFO: [Synth 8-3332] Sequential element (inst/LFSR_v1_0_S00_AXI_inst/axi_bresp_reg[1]) is unused and will be removed from module bram_test_LFSR_0_0.
INFO: [Synth 8-3332] Sequential element (inst/LFSR_v1_0_S00_AXI_inst/axi_awaddr_reg[1]) is unused and will be removed from module bram_test_LFSR_0_0.
INFO: [Synth 8-3332] Sequential element (inst/LFSR_v1_0_S00_AXI_inst/axi_awaddr_reg[0]) is unused and will be removed from module bram_test_LFSR_0_0.
INFO: [Synth 8-3332] Sequential element (inst/LFSR_v1_0_S00_AXI_inst/axi_rresp_reg[1]) is unused and will be removed from module bram_test_LFSR_0_0.
INFO: [Synth 8-3886] merging instance 'inst/LFSR_v1_0_S00_AXI_inst/prn_generator/data_lfsr/lfsr_out_reg[0]' (FDE) to 'inst/LFSR_v1_0_S00_AXI_inst/prn_generator/data_lfsr/lfsr_out_reg[1]'
INFO: [Synth 8-3886] merging instance 'inst/LFSR_v1_0_S00_AXI_inst/prn_generator/data_lfsr/lfsr_out_reg[1]' (FDE) to 'inst/LFSR_v1_0_S00_AXI_inst/prn_generator/data_lfsr/lfsr_out_reg[2]'
INFO: [Synth 8-3886] merging instance 'inst/LFSR_v1_0_S00_AXI_inst/prn_generator/data_lfsr/lfsr_out_reg[2]' (FDE) to 'inst/LFSR_v1_0_S00_AXI_inst/prn_generator/data_lfsr/lfsr_out_reg[3]'
INFO: [Synth 8-3886] merging instance 'inst/LFSR_v1_0_S00_AXI_inst/prn_generator/data_lfsr/lfsr_out_reg[3]' (FDE) to 'inst/LFSR_v1_0_S00_AXI_inst/prn_generator/data_lfsr/lfsr_out_reg[4]'
INFO: [Synth 8-3886] merging instance 'inst/LFSR_v1_0_S00_AXI_inst/prn_generator/data_lfsr/lfsr_out_reg[4]' (FDE) to 'inst/LFSR_v1_0_S00_AXI_inst/prn_generator/data_lfsr/lfsr_out_reg[5]'
INFO: [Synth 8-3886] merging instance 'inst/LFSR_v1_0_S00_AXI_inst/prn_generator/data_lfsr/lfsr_out_reg[5]' (FDE) to 'inst/LFSR_v1_0_S00_AXI_inst/prn_generator/data_lfsr/lfsr_out_reg[6]'
INFO: [Synth 8-3886] merging instance 'inst/LFSR_v1_0_S00_AXI_inst/prn_generator/data_lfsr/lfsr_out_reg[6]' (FDE) to 'inst/LFSR_v1_0_S00_AXI_inst/prn_generator/data_lfsr/lfsr_out_reg[7]'
INFO: [Synth 8-3886] merging instance 'inst/LFSR_v1_0_S00_AXI_inst/prn_generator/data_lfsr/lfsr_out_reg[7]' (FDE) to 'inst/LFSR_v1_0_S00_AXI_inst/prn_generator/data_lfsr/lfsr_out_reg[8]'
INFO: [Synth 8-3886] merging instance 'inst/LFSR_v1_0_S00_AXI_inst/prn_generator/data_lfsr/lfsr_out_reg[8]' (FDE) to 'inst/LFSR_v1_0_S00_AXI_inst/prn_generator/data_lfsr/lfsr_out_reg[9]'
INFO: [Synth 8-3886] merging instance 'inst/LFSR_v1_0_S00_AXI_inst/prn_generator/data_lfsr/lfsr_out_reg[9]' (FDE) to 'inst/LFSR_v1_0_S00_AXI_inst/prn_generator/data_lfsr/lfsr_out_reg[10]'
INFO: [Synth 8-3886] merging instance 'inst/LFSR_v1_0_S00_AXI_inst/prn_generator/data_lfsr/lfsr_out_reg[10]' (FDE) to 'inst/LFSR_v1_0_S00_AXI_inst/prn_generator/data_lfsr/lfsr_out_reg[11]'
INFO: [Synth 8-3886] merging instance 'inst/LFSR_v1_0_S00_AXI_inst/prn_generator/data_lfsr/lfsr_out_reg[11]' (FDE) to 'inst/LFSR_v1_0_S00_AXI_inst/prn_generator/data_lfsr/lfsr_out_reg[12]'
INFO: [Synth 8-3886] merging instance 'inst/LFSR_v1_0_S00_AXI_inst/prn_generator/data_lfsr/lfsr_out_reg[12]' (FDE) to 'inst/LFSR_v1_0_S00_AXI_inst/prn_generator/data_lfsr/lfsr_out_reg[13]'
INFO: [Synth 8-3886] merging instance 'inst/LFSR_v1_0_S00_AXI_inst/prn_generator/data_lfsr/lfsr_out_reg[13]' (FDE) to 'inst/LFSR_v1_0_S00_AXI_inst/prn_generator/data_lfsr/lfsr_out_reg[14]'
INFO: [Synth 8-3886] merging instance 'inst/LFSR_v1_0_S00_AXI_inst/prn_generator/data_lfsr/lfsr_out_reg[14]' (FDE) to 'inst/LFSR_v1_0_S00_AXI_inst/prn_generator/data_lfsr/lfsr_out_reg[15]'
INFO: [Synth 8-3886] merging instance 'inst/LFSR_v1_0_S00_AXI_inst/prn_generator/data_lfsr/lfsr_out_reg[15]' (FDE) to 'inst/LFSR_v1_0_S00_AXI_inst/prn_generator/data_lfsr/lfsr_out_reg[16]'
INFO: [Synth 8-3886] merging instance 'inst/LFSR_v1_0_S00_AXI_inst/prn_generator/data_lfsr/lfsr_out_reg[16]' (FDE) to 'inst/LFSR_v1_0_S00_AXI_inst/prn_generator/data_lfsr/lfsr_out_reg[17]'
INFO: [Synth 8-3886] merging instance 'inst/LFSR_v1_0_S00_AXI_inst/prn_generator/data_lfsr/lfsr_out_reg[17]' (FDE) to 'inst/LFSR_v1_0_S00_AXI_inst/prn_generator/data_lfsr/lfsr_out_reg[18]'
INFO: [Synth 8-3886] merging instance 'inst/LFSR_v1_0_S00_AXI_inst/prn_generator/data_lfsr/lfsr_out_reg[18]' (FDE) to 'inst/LFSR_v1_0_S00_AXI_inst/prn_generator/data_lfsr/lfsr_out_reg[19]'
INFO: [Synth 8-3886] merging instance 'inst/LFSR_v1_0_S00_AXI_inst/prn_generator/data_lfsr/lfsr_out_reg[19]' (FDE) to 'inst/LFSR_v1_0_S00_AXI_inst/prn_generator/data_lfsr/lfsr_out_reg[20]'
INFO: [Synth 8-3886] merging instance 'inst/LFSR_v1_0_S00_AXI_inst/prn_generator/data_lfsr/lfsr_out_reg[20]' (FDE) to 'inst/LFSR_v1_0_S00_AXI_inst/prn_generator/data_lfsr/lfsr_out_reg[21]'
INFO: [Synth 8-3886] merging instance 'inst/LFSR_v1_0_S00_AXI_inst/prn_generator/data_lfsr/lfsr_out_reg[21]' (FDE) to 'inst/LFSR_v1_0_S00_AXI_inst/prn_generator/data_lfsr/lfsr_out_reg[22]'
INFO: [Synth 8-3886] merging instance 'inst/LFSR_v1_0_S00_AXI_inst/prn_generator/data_lfsr/lfsr_out_reg[22]' (FDE) to 'inst/LFSR_v1_0_S00_AXI_inst/prn_generator/data_lfsr/lfsr_out_reg[23]'
INFO: [Synth 8-3886] merging instance 'inst/LFSR_v1_0_S00_AXI_inst/prn_generator/data_lfsr/lfsr_out_reg[23]' (FDE) to 'inst/LFSR_v1_0_S00_AXI_inst/prn_generator/data_lfsr/lfsr_out_reg[24]'
INFO: [Synth 8-3886] merging instance 'inst/LFSR_v1_0_S00_AXI_inst/prn_generator/data_lfsr/lfsr_out_reg[24]' (FDE) to 'inst/LFSR_v1_0_S00_AXI_inst/prn_generator/data_lfsr/lfsr_out_reg[25]'
INFO: [Synth 8-3886] merging instance 'inst/LFSR_v1_0_S00_AXI_inst/prn_generator/data_lfsr/lfsr_out_reg[25]' (FDE) to 'inst/LFSR_v1_0_S00_AXI_inst/prn_generator/data_lfsr/lfsr_out_reg[26]'
INFO: [Synth 8-3886] merging instance 'inst/LFSR_v1_0_S00_AXI_inst/prn_generator/data_lfsr/lfsr_out_reg[26]' (FDE) to 'inst/LFSR_v1_0_S00_AXI_inst/prn_generator/data_lfsr/lfsr_out_reg[27]'
INFO: [Synth 8-3886] merging instance 'inst/LFSR_v1_0_S00_AXI_inst/prn_generator/data_lfsr/lfsr_out_reg[27]' (FDE) to 'inst/LFSR_v1_0_S00_AXI_inst/prn_generator/data_lfsr/lfsr_out_reg[28]'
INFO: [Synth 8-3886] merging instance 'inst/LFSR_v1_0_S00_AXI_inst/prn_generator/data_lfsr/lfsr_out_reg[28]' (FDE) to 'inst/LFSR_v1_0_S00_AXI_inst/prn_generator/data_lfsr/lfsr_out_reg[29]'
INFO: [Synth 8-3886] merging instance 'inst/LFSR_v1_0_S00_AXI_inst/prn_generator/data_lfsr/lfsr_out_reg[29]' (FDE) to 'inst/LFSR_v1_0_S00_AXI_inst/prn_generator/data_lfsr/lfsr_out_reg[30]'
INFO: [Synth 8-3886] merging instance 'inst/LFSR_v1_0_S00_AXI_inst/prn_generator/data_lfsr/lfsr_out_reg[30]' (FDE) to 'inst/LFSR_v1_0_S00_AXI_inst/prn_generator/data_lfsr/lfsr_out_reg[31]'
INFO: [Synth 8-3333] propagating constant 1 across sequential element (\inst/LFSR_v1_0_S00_AXI_inst/prn_generator/data_lfsr/lfsr_out_reg[31] )
INFO: [Synth 8-3332] Sequential element (inst/LFSR_v1_0_S00_AXI_inst/prn_generator/data_lfsr/lfsr_reg[31]) is unused and will be removed from module bram_test_LFSR_0_0.
INFO: [Synth 8-3332] Sequential element (inst/LFSR_v1_0_S00_AXI_inst/prn_generator/data_lfsr/lfsr_reg[30]) is unused and will be removed from module bram_test_LFSR_0_0.
INFO: [Synth 8-3332] Sequential element (inst/LFSR_v1_0_S00_AXI_inst/prn_generator/data_lfsr/lfsr_reg[29]) is unused and will be removed from module bram_test_LFSR_0_0.
INFO: [Synth 8-3332] Sequential element (inst/LFSR_v1_0_S00_AXI_inst/prn_generator/data_lfsr/lfsr_reg[28]) is unused and will be removed from module bram_test_LFSR_0_0.
INFO: [Synth 8-3332] Sequential element (inst/LFSR_v1_0_S00_AXI_inst/prn_generator/data_lfsr/lfsr_reg[27]) is unused and will be removed from module bram_test_LFSR_0_0.
INFO: [Synth 8-3332] Sequential element (inst/LFSR_v1_0_S00_AXI_inst/prn_generator/data_lfsr/lfsr_reg[26]) is unused and will be removed from module bram_test_LFSR_0_0.
INFO: [Synth 8-3332] Sequential element (inst/LFSR_v1_0_S00_AXI_inst/prn_generator/data_lfsr/lfsr_reg[25]) is unused and will be removed from module bram_test_LFSR_0_0.
INFO: [Synth 8-3332] Sequential element (inst/LFSR_v1_0_S00_AXI_inst/prn_generator/data_lfsr/lfsr_reg[24]) is unused and will be removed from module bram_test_LFSR_0_0.
INFO: [Synth 8-3332] Sequential element (inst/LFSR_v1_0_S00_AXI_inst/prn_generator/data_lfsr/lfsr_reg[23]) is unused and will be removed from module bram_test_LFSR_0_0.
INFO: [Synth 8-3332] Sequential element (inst/LFSR_v1_0_S00_AXI_inst/prn_generator/data_lfsr/lfsr_reg[22]) is unused and will be removed from module bram_test_LFSR_0_0.
INFO: [Synth 8-3332] Sequential element (inst/LFSR_v1_0_S00_AXI_inst/prn_generator/data_lfsr/lfsr_reg[21]) is unused and will be removed from module bram_test_LFSR_0_0.
INFO: [Synth 8-3332] Sequential element (inst/LFSR_v1_0_S00_AXI_inst/prn_generator/data_lfsr/lfsr_reg[20]) is unused and will be removed from module bram_test_LFSR_0_0.
INFO: [Synth 8-3332] Sequential element (inst/LFSR_v1_0_S00_AXI_inst/prn_generator/data_lfsr/lfsr_reg[19]) is unused and will be removed from module bram_test_LFSR_0_0.
INFO: [Synth 8-3332] Sequential element (inst/LFSR_v1_0_S00_AXI_inst/prn_generator/data_lfsr/lfsr_reg[18]) is unused and will be removed from module bram_test_LFSR_0_0.
INFO: [Synth 8-3332] Sequential element (inst/LFSR_v1_0_S00_AXI_inst/prn_generator/data_lfsr/lfsr_reg[17]) is unused and will be removed from module bram_test_LFSR_0_0.
INFO: [Synth 8-3332] Sequential element (inst/LFSR_v1_0_S00_AXI_inst/prn_generator/data_lfsr/lfsr_reg[16]) is unused and will be removed from module bram_test_LFSR_0_0.
INFO: [Synth 8-3332] Sequential element (inst/LFSR_v1_0_S00_AXI_inst/prn_generator/data_lfsr/lfsr_reg[15]) is unused and will be removed from module bram_test_LFSR_0_0.
INFO: [Synth 8-3332] Sequential element (inst/LFSR_v1_0_S00_AXI_inst/prn_generator/data_lfsr/lfsr_reg[14]) is unused and will be removed from module bram_test_LFSR_0_0.
INFO: [Synth 8-3332] Sequential element (inst/LFSR_v1_0_S00_AXI_inst/prn_generator/data_lfsr/lfsr_reg[13]) is unused and will be removed from module bram_test_LFSR_0_0.
INFO: [Synth 8-3332] Sequential element (inst/LFSR_v1_0_S00_AXI_inst/prn_generator/data_lfsr/lfsr_reg[12]) is unused and will be removed from module bram_test_LFSR_0_0.
INFO: [Synth 8-3332] Sequential element (inst/LFSR_v1_0_S00_AXI_inst/prn_generator/data_lfsr/lfsr_reg[11]) is unused and will be removed from module bram_test_LFSR_0_0.
INFO: [Synth 8-3332] Sequential element (inst/LFSR_v1_0_S00_AXI_inst/prn_generator/data_lfsr/lfsr_reg[10]) is unused and will be removed from module bram_test_LFSR_0_0.
INFO: [Synth 8-3332] Sequential element (inst/LFSR_v1_0_S00_AXI_inst/prn_generator/data_lfsr/lfsr_reg[9]) is unused and will be removed from module bram_test_LFSR_0_0.
INFO: [Synth 8-3332] Sequential element (inst/LFSR_v1_0_S00_AXI_inst/prn_generator/data_lfsr/lfsr_reg[8]) is unused and will be removed from module bram_test_LFSR_0_0.
INFO: [Synth 8-3332] Sequential element (inst/LFSR_v1_0_S00_AXI_inst/prn_generator/data_lfsr/lfsr_reg[7]) is unused and will be removed from module bram_test_LFSR_0_0.
INFO: [Synth 8-3332] Sequential element (inst/LFSR_v1_0_S00_AXI_inst/prn_generator/data_lfsr/lfsr_reg[6]) is unused and will be removed from module bram_test_LFSR_0_0.
INFO: [Synth 8-3332] Sequential element (inst/LFSR_v1_0_S00_AXI_inst/prn_generator/data_lfsr/lfsr_reg[5]) is unused and will be removed from module bram_test_LFSR_0_0.
INFO: [Synth 8-3332] Sequential element (inst/LFSR_v1_0_S00_AXI_inst/prn_generator/data_lfsr/lfsr_reg[4]) is unused and will be removed from module bram_test_LFSR_0_0.
INFO: [Synth 8-3332] Sequential element (inst/LFSR_v1_0_S00_AXI_inst/prn_generator/data_lfsr/lfsr_reg[3]) is unused and will be removed from module bram_test_LFSR_0_0.
INFO: [Synth 8-3332] Sequential element (inst/LFSR_v1_0_S00_AXI_inst/prn_generator/data_lfsr/lfsr_reg[2]) is unused and will be removed from module bram_test_LFSR_0_0.
INFO: [Synth 8-3332] Sequential element (inst/LFSR_v1_0_S00_AXI_inst/prn_generator/data_lfsr/lfsr_reg[1]) is unused and will be removed from module bram_test_LFSR_0_0.
INFO: [Synth 8-3332] Sequential element (inst/LFSR_v1_0_S00_AXI_inst/prn_generator/data_lfsr/lfsr_reg[0]) is unused and will be removed from module bram_test_LFSR_0_0.
INFO: [Synth 8-3332] Sequential element (inst/LFSR_v1_0_S00_AXI_inst/prn_generator/data_lfsr/lfsr_reg[31]__0) is unused and will be removed from module bram_test_LFSR_0_0.
CRITICAL WARNING: [Synth 8-3352] multi-driven net Q with 1st driver pin 'inst/LFSR_v1_0_S00_AXI_inst/prn_generator/data_lfsr/lfsr_reg[31]__0/Q' [/home/ecelrc/students/agroszewski/arch18/vivado/lab1/lab1.srcs/sources_1/bd/bram_test/ipshared/6987/src/lfsr.v:46]
CRITICAL WARNING: [Synth 8-3352] multi-driven net Q with 2nd driver pin 'VCC' [/home/ecelrc/students/agroszewski/arch18/vivado/lab1/lab1.srcs/sources_1/bd/bram_test/ipshared/6987/src/lfsr.v:46]
CRITICAL WARNING: [Synth 8-5559] multi-driven net Q is connected to constant driver, other driver is ignored [/home/ecelrc/students/agroszewski/arch18/vivado/lab1/lab1.srcs/sources_1/bd/bram_test/ipshared/6987/src/lfsr.v:46]
INFO: [Synth 8-3332] Sequential element (inst/LFSR_v1_0_S00_AXI_inst/prn_generator/data_lfsr/lfsr_reg[30]__0) is unused and will be removed from module bram_test_LFSR_0_0.
CRITICAL WARNING: [Synth 8-3352] multi-driven net Q with 1st driver pin 'inst/LFSR_v1_0_S00_AXI_inst/prn_generator/data_lfsr/lfsr_reg[30]__0/Q' [/home/ecelrc/students/agroszewski/arch18/vivado/lab1/lab1.srcs/sources_1/bd/bram_test/ipshared/6987/src/lfsr.v:46]
CRITICAL WARNING: [Synth 8-3352] multi-driven net Q with 2nd driver pin 'VCC' [/home/ecelrc/students/agroszewski/arch18/vivado/lab1/lab1.srcs/sources_1/bd/bram_test/ipshared/6987/src/lfsr.v:46]
CRITICAL WARNING: [Synth 8-5559] multi-driven net Q is connected to constant driver, other driver is ignored [/home/ecelrc/students/agroszewski/arch18/vivado/lab1/lab1.srcs/sources_1/bd/bram_test/ipshared/6987/src/lfsr.v:46]
INFO: [Synth 8-3332] Sequential element (inst/LFSR_v1_0_S00_AXI_inst/prn_generator/data_lfsr/lfsr_reg[29]__0) is unused and will be removed from module bram_test_LFSR_0_0.
CRITICAL WARNING: [Synth 8-3352] multi-driven net Q with 1st driver pin 'inst/LFSR_v1_0_S00_AXI_inst/prn_generator/data_lfsr/lfsr_reg[29]__0/Q' [/home/ecelrc/students/agroszewski/arch18/vivado/lab1/lab1.srcs/sources_1/bd/bram_test/ipshared/6987/src/lfsr.v:46]
CRITICAL WARNING: [Synth 8-3352] multi-driven net Q with 2nd driver pin 'VCC' [/home/ecelrc/students/agroszewski/arch18/vivado/lab1/lab1.srcs/sources_1/bd/bram_test/ipshared/6987/src/lfsr.v:46]
CRITICAL WARNING: [Synth 8-5559] multi-driven net Q is connected to constant driver, other driver is ignored [/home/ecelrc/students/agroszewski/arch18/vivado/lab1/lab1.srcs/sources_1/bd/bram_test/ipshared/6987/src/lfsr.v:46]
INFO: [Synth 8-3332] Sequential element (inst/LFSR_v1_0_S00_AXI_inst/prn_generator/data_lfsr/lfsr_reg[28]__0) is unused and will be removed from module bram_test_LFSR_0_0.
CRITICAL WARNING: [Synth 8-3352] multi-driven net Q with 1st driver pin 'inst/LFSR_v1_0_S00_AXI_inst/prn_generator/data_lfsr/lfsr_reg[28]__0/Q' [/home/ecelrc/students/agroszewski/arch18/vivado/lab1/lab1.srcs/sources_1/bd/bram_test/ipshared/6987/src/lfsr.v:46]
CRITICAL WARNING: [Synth 8-3352] multi-driven net Q with 2nd driver pin 'VCC' [/home/ecelrc/students/agroszewski/arch18/vivado/lab1/lab1.srcs/sources_1/bd/bram_test/ipshared/6987/src/lfsr.v:46]
CRITICAL WARNING: [Synth 8-5559] multi-driven net Q is connected to constant driver, other driver is ignored [/home/ecelrc/students/agroszewski/arch18/vivado/lab1/lab1.srcs/sources_1/bd/bram_test/ipshared/6987/src/lfsr.v:46]
INFO: [Synth 8-3332] Sequential element (inst/LFSR_v1_0_S00_AXI_inst/prn_generator/data_lfsr/lfsr_reg[27]__0) is unused and will be removed from module bram_test_LFSR_0_0.
CRITICAL WARNING: [Synth 8-3352] multi-driven net Q with 1st driver pin 'inst/LFSR_v1_0_S00_AXI_inst/prn_generator/data_lfsr/lfsr_reg[27]__0/Q' [/home/ecelrc/students/agroszewski/arch18/vivado/lab1/lab1.srcs/sources_1/bd/bram_test/ipshared/6987/src/lfsr.v:46]
CRITICAL WARNING: [Synth 8-3352] multi-driven net Q with 2nd driver pin 'VCC' [/home/ecelrc/students/agroszewski/arch18/vivado/lab1/lab1.srcs/sources_1/bd/bram_test/ipshared/6987/src/lfsr.v:46]
CRITICAL WARNING: [Synth 8-5559] multi-driven net Q is connected to constant driver, other driver is ignored [/home/ecelrc/students/agroszewski/arch18/vivado/lab1/lab1.srcs/sources_1/bd/bram_test/ipshared/6987/src/lfsr.v:46]
INFO: [Synth 8-3332] Sequential element (inst/LFSR_v1_0_S00_AXI_inst/prn_generator/data_lfsr/lfsr_reg[26]__0) is unused and will be removed from module bram_test_LFSR_0_0.
CRITICAL WARNING: [Synth 8-3352] multi-driven net Q with 1st driver pin 'inst/LFSR_v1_0_S00_AXI_inst/prn_generator/data_lfsr/lfsr_reg[26]__0/Q' [/home/ecelrc/students/agroszewski/arch18/vivado/lab1/lab1.srcs/sources_1/bd/bram_test/ipshared/6987/src/lfsr.v:46]
CRITICAL WARNING: [Synth 8-3352] multi-driven net Q with 2nd driver pin 'VCC' [/home/ecelrc/students/agroszewski/arch18/vivado/lab1/lab1.srcs/sources_1/bd/bram_test/ipshared/6987/src/lfsr.v:46]
CRITICAL WARNING: [Synth 8-5559] multi-driven net Q is connected to constant driver, other driver is ignored [/home/ecelrc/students/agroszewski/arch18/vivado/lab1/lab1.srcs/sources_1/bd/bram_test/ipshared/6987/src/lfsr.v:46]
INFO: [Synth 8-3332] Sequential element (inst/LFSR_v1_0_S00_AXI_inst/prn_generator/data_lfsr/lfsr_reg[25]__0) is unused and will be removed from module bram_test_LFSR_0_0.
CRITICAL WARNING: [Synth 8-3352] multi-driven net Q with 1st driver pin 'inst/LFSR_v1_0_S00_AXI_inst/prn_generator/data_lfsr/lfsr_reg[25]__0/Q' [/home/ecelrc/students/agroszewski/arch18/vivado/lab1/lab1.srcs/sources_1/bd/bram_test/ipshared/6987/src/lfsr.v:46]
CRITICAL WARNING: [Synth 8-3352] multi-driven net Q with 2nd driver pin 'VCC' [/home/ecelrc/students/agroszewski/arch18/vivado/lab1/lab1.srcs/sources_1/bd/bram_test/ipshared/6987/src/lfsr.v:46]
CRITICAL WARNING: [Synth 8-5559] multi-driven net Q is connected to constant driver, other driver is ignored [/home/ecelrc/students/agroszewski/arch18/vivado/lab1/lab1.srcs/sources_1/bd/bram_test/ipshared/6987/src/lfsr.v:46]
INFO: [Synth 8-3332] Sequential element (inst/LFSR_v1_0_S00_AXI_inst/prn_generator/data_lfsr/lfsr_reg[24]__0) is unused and will be removed from module bram_test_LFSR_0_0.
CRITICAL WARNING: [Synth 8-3352] multi-driven net Q with 1st driver pin 'inst/LFSR_v1_0_S00_AXI_inst/prn_generator/data_lfsr/lfsr_reg[24]__0/Q' [/home/ecelrc/students/agroszewski/arch18/vivado/lab1/lab1.srcs/sources_1/bd/bram_test/ipshared/6987/src/lfsr.v:46]
CRITICAL WARNING: [Synth 8-3352] multi-driven net Q with 2nd driver pin 'VCC' [/home/ecelrc/students/agroszewski/arch18/vivado/lab1/lab1.srcs/sources_1/bd/bram_test/ipshared/6987/src/lfsr.v:46]
CRITICAL WARNING: [Synth 8-5559] multi-driven net Q is connected to constant driver, other driver is ignored [/home/ecelrc/students/agroszewski/arch18/vivado/lab1/lab1.srcs/sources_1/bd/bram_test/ipshared/6987/src/lfsr.v:46]
INFO: [Synth 8-3332] Sequential element (inst/LFSR_v1_0_S00_AXI_inst/prn_generator/data_lfsr/lfsr_reg[23]__0) is unused and will be removed from module bram_test_LFSR_0_0.
CRITICAL WARNING: [Synth 8-3352] multi-driven net Q with 1st driver pin 'inst/LFSR_v1_0_S00_AXI_inst/prn_generator/data_lfsr/lfsr_reg[23]__0/Q' [/home/ecelrc/students/agroszewski/arch18/vivado/lab1/lab1.srcs/sources_1/bd/bram_test/ipshared/6987/src/lfsr.v:46]
CRITICAL WARNING: [Synth 8-3352] multi-driven net Q with 2nd driver pin 'VCC' [/home/ecelrc/students/agroszewski/arch18/vivado/lab1/lab1.srcs/sources_1/bd/bram_test/ipshared/6987/src/lfsr.v:46]
CRITICAL WARNING: [Synth 8-5559] multi-driven net Q is connected to constant driver, other driver is ignored [/home/ecelrc/students/agroszewski/arch18/vivado/lab1/lab1.srcs/sources_1/bd/bram_test/ipshared/6987/src/lfsr.v:46]
INFO: [Synth 8-3332] Sequential element (inst/LFSR_v1_0_S00_AXI_inst/prn_generator/data_lfsr/lfsr_reg[22]__0) is unused and will be removed from module bram_test_LFSR_0_0.
CRITICAL WARNING: [Synth 8-3352] multi-driven net Q with 1st driver pin 'inst/LFSR_v1_0_S00_AXI_inst/prn_generator/data_lfsr/lfsr_reg[22]__0/Q' [/home/ecelrc/students/agroszewski/arch18/vivado/lab1/lab1.srcs/sources_1/bd/bram_test/ipshared/6987/src/lfsr.v:46]
CRITICAL WARNING: [Synth 8-3352] multi-driven net Q with 2nd driver pin 'VCC' [/home/ecelrc/students/agroszewski/arch18/vivado/lab1/lab1.srcs/sources_1/bd/bram_test/ipshared/6987/src/lfsr.v:46]
CRITICAL WARNING: [Synth 8-5559] multi-driven net Q is connected to constant driver, other driver is ignored [/home/ecelrc/students/agroszewski/arch18/vivado/lab1/lab1.srcs/sources_1/bd/bram_test/ipshared/6987/src/lfsr.v:46]
INFO: [Synth 8-3332] Sequential element (inst/LFSR_v1_0_S00_AXI_inst/prn_generator/data_lfsr/lfsr_reg[21]__0) is unused and will be removed from module bram_test_LFSR_0_0.
CRITICAL WARNING: [Synth 8-3352] multi-driven net Q with 1st driver pin 'inst/LFSR_v1_0_S00_AXI_inst/prn_generator/data_lfsr/lfsr_reg[21]__0/Q' [/home/ecelrc/students/agroszewski/arch18/vivado/lab1/lab1.srcs/sources_1/bd/bram_test/ipshared/6987/src/lfsr.v:46]
CRITICAL WARNING: [Synth 8-3352] multi-driven net Q with 2nd driver pin 'VCC' [/home/ecelrc/students/agroszewski/arch18/vivado/lab1/lab1.srcs/sources_1/bd/bram_test/ipshared/6987/src/lfsr.v:46]
CRITICAL WARNING: [Synth 8-5559] multi-driven net Q is connected to constant driver, other driver is ignored [/home/ecelrc/students/agroszewski/arch18/vivado/lab1/lab1.srcs/sources_1/bd/bram_test/ipshared/6987/src/lfsr.v:46]
INFO: [Synth 8-3332] Sequential element (inst/LFSR_v1_0_S00_AXI_inst/prn_generator/data_lfsr/lfsr_reg[20]__0) is unused and will be removed from module bram_test_LFSR_0_0.
CRITICAL WARNING: [Synth 8-3352] multi-driven net Q with 1st driver pin 'inst/LFSR_v1_0_S00_AXI_inst/prn_generator/data_lfsr/lfsr_reg[20]__0/Q' [/home/ecelrc/students/agroszewski/arch18/vivado/lab1/lab1.srcs/sources_1/bd/bram_test/ipshared/6987/src/lfsr.v:46]
CRITICAL WARNING: [Synth 8-3352] multi-driven net Q with 2nd driver pin 'VCC' [/home/ecelrc/students/agroszewski/arch18/vivado/lab1/lab1.srcs/sources_1/bd/bram_test/ipshared/6987/src/lfsr.v:46]
CRITICAL WARNING: [Synth 8-5559] multi-driven net Q is connected to constant driver, other driver is ignored [/home/ecelrc/students/agroszewski/arch18/vivado/lab1/lab1.srcs/sources_1/bd/bram_test/ipshared/6987/src/lfsr.v:46]
INFO: [Synth 8-3332] Sequential element (inst/LFSR_v1_0_S00_AXI_inst/prn_generator/data_lfsr/lfsr_reg[19]__0) is unused and will be removed from module bram_test_LFSR_0_0.
CRITICAL WARNING: [Synth 8-3352] multi-driven net Q with 1st driver pin 'inst/LFSR_v1_0_S00_AXI_inst/prn_generator/data_lfsr/lfsr_reg[19]__0/Q' [/home/ecelrc/students/agroszewski/arch18/vivado/lab1/lab1.srcs/sources_1/bd/bram_test/ipshared/6987/src/lfsr.v:46]
CRITICAL WARNING: [Synth 8-3352] multi-driven net Q with 2nd driver pin 'VCC' [/home/ecelrc/students/agroszewski/arch18/vivado/lab1/lab1.srcs/sources_1/bd/bram_test/ipshared/6987/src/lfsr.v:46]
CRITICAL WARNING: [Synth 8-5559] multi-driven net Q is connected to constant driver, other driver is ignored [/home/ecelrc/students/agroszewski/arch18/vivado/lab1/lab1.srcs/sources_1/bd/bram_test/ipshared/6987/src/lfsr.v:46]
INFO: [Synth 8-3332] Sequential element (inst/LFSR_v1_0_S00_AXI_inst/prn_generator/data_lfsr/lfsr_reg[18]__0) is unused and will be removed from module bram_test_LFSR_0_0.
CRITICAL WARNING: [Synth 8-3352] multi-driven net Q with 1st driver pin 'inst/LFSR_v1_0_S00_AXI_inst/prn_generator/data_lfsr/lfsr_reg[18]__0/Q' [/home/ecelrc/students/agroszewski/arch18/vivado/lab1/lab1.srcs/sources_1/bd/bram_test/ipshared/6987/src/lfsr.v:46]
CRITICAL WARNING: [Synth 8-3352] multi-driven net Q with 2nd driver pin 'VCC' [/home/ecelrc/students/agroszewski/arch18/vivado/lab1/lab1.srcs/sources_1/bd/bram_test/ipshared/6987/src/lfsr.v:46]
CRITICAL WARNING: [Synth 8-5559] multi-driven net Q is connected to constant driver, other driver is ignored [/home/ecelrc/students/agroszewski/arch18/vivado/lab1/lab1.srcs/sources_1/bd/bram_test/ipshared/6987/src/lfsr.v:46]
INFO: [Synth 8-3332] Sequential element (inst/LFSR_v1_0_S00_AXI_inst/prn_generator/data_lfsr/lfsr_reg[17]__0) is unused and will be removed from module bram_test_LFSR_0_0.
CRITICAL WARNING: [Synth 8-3352] multi-driven net Q with 1st driver pin 'inst/LFSR_v1_0_S00_AXI_inst/prn_generator/data_lfsr/lfsr_reg[17]__0/Q' [/home/ecelrc/students/agroszewski/arch18/vivado/lab1/lab1.srcs/sources_1/bd/bram_test/ipshared/6987/src/lfsr.v:46]
CRITICAL WARNING: [Synth 8-3352] multi-driven net Q with 2nd driver pin 'VCC' [/home/ecelrc/students/agroszewski/arch18/vivado/lab1/lab1.srcs/sources_1/bd/bram_test/ipshared/6987/src/lfsr.v:46]
CRITICAL WARNING: [Synth 8-5559] multi-driven net Q is connected to constant driver, other driver is ignored [/home/ecelrc/students/agroszewski/arch18/vivado/lab1/lab1.srcs/sources_1/bd/bram_test/ipshared/6987/src/lfsr.v:46]
INFO: [Synth 8-3332] Sequential element (inst/LFSR_v1_0_S00_AXI_inst/prn_generator/data_lfsr/lfsr_reg[16]__0) is unused and will be removed from module bram_test_LFSR_0_0.
CRITICAL WARNING: [Synth 8-3352] multi-driven net Q with 1st driver pin 'inst/LFSR_v1_0_S00_AXI_inst/prn_generator/data_lfsr/lfsr_reg[16]__0/Q' [/home/ecelrc/students/agroszewski/arch18/vivado/lab1/lab1.srcs/sources_1/bd/bram_test/ipshared/6987/src/lfsr.v:46]
CRITICAL WARNING: [Synth 8-3352] multi-driven net Q with 2nd driver pin 'VCC' [/home/ecelrc/students/agroszewski/arch18/vivado/lab1/lab1.srcs/sources_1/bd/bram_test/ipshared/6987/src/lfsr.v:46]
CRITICAL WARNING: [Synth 8-5559] multi-driven net Q is connected to constant driver, other driver is ignored [/home/ecelrc/students/agroszewski/arch18/vivado/lab1/lab1.srcs/sources_1/bd/bram_test/ipshared/6987/src/lfsr.v:46]
INFO: [Synth 8-3332] Sequential element (inst/LFSR_v1_0_S00_AXI_inst/prn_generator/data_lfsr/lfsr_reg[15]__0) is unused and will be removed from module bram_test_LFSR_0_0.
CRITICAL WARNING: [Synth 8-3352] multi-driven net Q with 1st driver pin 'inst/LFSR_v1_0_S00_AXI_inst/prn_generator/data_lfsr/lfsr_reg[15]__0/Q' [/home/ecelrc/students/agroszewski/arch18/vivado/lab1/lab1.srcs/sources_1/bd/bram_test/ipshared/6987/src/lfsr.v:46]
CRITICAL WARNING: [Synth 8-3352] multi-driven net Q with 2nd driver pin 'VCC' [/home/ecelrc/students/agroszewski/arch18/vivado/lab1/lab1.srcs/sources_1/bd/bram_test/ipshared/6987/src/lfsr.v:46]
CRITICAL WARNING: [Synth 8-5559] multi-driven net Q is connected to constant driver, other driver is ignored [/home/ecelrc/students/agroszewski/arch18/vivado/lab1/lab1.srcs/sources_1/bd/bram_test/ipshared/6987/src/lfsr.v:46]
INFO: [Synth 8-3332] Sequential element (inst/LFSR_v1_0_S00_AXI_inst/prn_generator/data_lfsr/lfsr_reg[14]__0) is unused and will be removed from module bram_test_LFSR_0_0.
CRITICAL WARNING: [Synth 8-3352] multi-driven net Q with 1st driver pin 'inst/LFSR_v1_0_S00_AXI_inst/prn_generator/data_lfsr/lfsr_reg[14]__0/Q' [/home/ecelrc/students/agroszewski/arch18/vivado/lab1/lab1.srcs/sources_1/bd/bram_test/ipshared/6987/src/lfsr.v:46]
CRITICAL WARNING: [Synth 8-3352] multi-driven net Q with 2nd driver pin 'VCC' [/home/ecelrc/students/agroszewski/arch18/vivado/lab1/lab1.srcs/sources_1/bd/bram_test/ipshared/6987/src/lfsr.v:46]
CRITICAL WARNING: [Synth 8-5559] multi-driven net Q is connected to constant driver, other driver is ignored [/home/ecelrc/students/agroszewski/arch18/vivado/lab1/lab1.srcs/sources_1/bd/bram_test/ipshared/6987/src/lfsr.v:46]
INFO: [Synth 8-3332] Sequential element (inst/LFSR_v1_0_S00_AXI_inst/prn_generator/data_lfsr/lfsr_reg[13]__0) is unused and will be removed from module bram_test_LFSR_0_0.
CRITICAL WARNING: [Synth 8-3352] multi-driven net Q with 1st driver pin 'inst/LFSR_v1_0_S00_AXI_inst/prn_generator/data_lfsr/lfsr_reg[13]__0/Q' [/home/ecelrc/students/agroszewski/arch18/vivado/lab1/lab1.srcs/sources_1/bd/bram_test/ipshared/6987/src/lfsr.v:46]
CRITICAL WARNING: [Synth 8-3352] multi-driven net Q with 2nd driver pin 'VCC' [/home/ecelrc/students/agroszewski/arch18/vivado/lab1/lab1.srcs/sources_1/bd/bram_test/ipshared/6987/src/lfsr.v:46]
CRITICAL WARNING: [Synth 8-5559] multi-driven net Q is connected to constant driver, other driver is ignored [/home/ecelrc/students/agroszewski/arch18/vivado/lab1/lab1.srcs/sources_1/bd/bram_test/ipshared/6987/src/lfsr.v:46]
INFO: [Synth 8-3332] Sequential element (inst/LFSR_v1_0_S00_AXI_inst/prn_generator/data_lfsr/lfsr_reg[12]__0) is unused and will be removed from module bram_test_LFSR_0_0.
CRITICAL WARNING: [Synth 8-3352] multi-driven net Q with 1st driver pin 'inst/LFSR_v1_0_S00_AXI_inst/prn_generator/data_lfsr/lfsr_reg[12]__0/Q' [/home/ecelrc/students/agroszewski/arch18/vivado/lab1/lab1.srcs/sources_1/bd/bram_test/ipshared/6987/src/lfsr.v:46]
CRITICAL WARNING: [Synth 8-3352] multi-driven net Q with 2nd driver pin 'VCC' [/home/ecelrc/students/agroszewski/arch18/vivado/lab1/lab1.srcs/sources_1/bd/bram_test/ipshared/6987/src/lfsr.v:46]
CRITICAL WARNING: [Synth 8-5559] multi-driven net Q is connected to constant driver, other driver is ignored [/home/ecelrc/students/agroszewski/arch18/vivado/lab1/lab1.srcs/sources_1/bd/bram_test/ipshared/6987/src/lfsr.v:46]
INFO: [Synth 8-3332] Sequential element (inst/LFSR_v1_0_S00_AXI_inst/prn_generator/data_lfsr/lfsr_reg[11]__0) is unused and will be removed from module bram_test_LFSR_0_0.
CRITICAL WARNING: [Synth 8-3352] multi-driven net Q with 1st driver pin 'inst/LFSR_v1_0_S00_AXI_inst/prn_generator/data_lfsr/lfsr_reg[11]__0/Q' [/home/ecelrc/students/agroszewski/arch18/vivado/lab1/lab1.srcs/sources_1/bd/bram_test/ipshared/6987/src/lfsr.v:46]
CRITICAL WARNING: [Synth 8-3352] multi-driven net Q with 2nd driver pin 'VCC' [/home/ecelrc/students/agroszewski/arch18/vivado/lab1/lab1.srcs/sources_1/bd/bram_test/ipshared/6987/src/lfsr.v:46]
CRITICAL WARNING: [Synth 8-5559] multi-driven net Q is connected to constant driver, other driver is ignored [/home/ecelrc/students/agroszewski/arch18/vivado/lab1/lab1.srcs/sources_1/bd/bram_test/ipshared/6987/src/lfsr.v:46]
INFO: [Synth 8-3332] Sequential element (inst/LFSR_v1_0_S00_AXI_inst/prn_generator/data_lfsr/lfsr_reg[10]__0) is unused and will be removed from module bram_test_LFSR_0_0.
CRITICAL WARNING: [Synth 8-3352] multi-driven net Q with 1st driver pin 'inst/LFSR_v1_0_S00_AXI_inst/prn_generator/data_lfsr/lfsr_reg[10]__0/Q' [/home/ecelrc/students/agroszewski/arch18/vivado/lab1/lab1.srcs/sources_1/bd/bram_test/ipshared/6987/src/lfsr.v:46]
CRITICAL WARNING: [Synth 8-3352] multi-driven net Q with 2nd driver pin 'VCC' [/home/ecelrc/students/agroszewski/arch18/vivado/lab1/lab1.srcs/sources_1/bd/bram_test/ipshared/6987/src/lfsr.v:46]
CRITICAL WARNING: [Synth 8-5559] multi-driven net Q is connected to constant driver, other driver is ignored [/home/ecelrc/students/agroszewski/arch18/vivado/lab1/lab1.srcs/sources_1/bd/bram_test/ipshared/6987/src/lfsr.v:46]
INFO: [Synth 8-3332] Sequential element (inst/LFSR_v1_0_S00_AXI_inst/prn_generator/data_lfsr/lfsr_reg[9]__0) is unused and will be removed from module bram_test_LFSR_0_0.
CRITICAL WARNING: [Synth 8-3352] multi-driven net Q with 1st driver pin 'inst/LFSR_v1_0_S00_AXI_inst/prn_generator/data_lfsr/lfsr_reg[9]__0/Q' [/home/ecelrc/students/agroszewski/arch18/vivado/lab1/lab1.srcs/sources_1/bd/bram_test/ipshared/6987/src/lfsr.v:46]
CRITICAL WARNING: [Synth 8-3352] multi-driven net Q with 2nd driver pin 'VCC' [/home/ecelrc/students/agroszewski/arch18/vivado/lab1/lab1.srcs/sources_1/bd/bram_test/ipshared/6987/src/lfsr.v:46]
CRITICAL WARNING: [Synth 8-5559] multi-driven net Q is connected to constant driver, other driver is ignored [/home/ecelrc/students/agroszewski/arch18/vivado/lab1/lab1.srcs/sources_1/bd/bram_test/ipshared/6987/src/lfsr.v:46]
INFO: [Synth 8-3332] Sequential element (inst/LFSR_v1_0_S00_AXI_inst/prn_generator/data_lfsr/lfsr_reg[8]__0) is unused and will be removed from module bram_test_LFSR_0_0.
CRITICAL WARNING: [Synth 8-3352] multi-driven net Q with 1st driver pin 'inst/LFSR_v1_0_S00_AXI_inst/prn_generator/data_lfsr/lfsr_reg[8]__0/Q' [/home/ecelrc/students/agroszewski/arch18/vivado/lab1/lab1.srcs/sources_1/bd/bram_test/ipshared/6987/src/lfsr.v:46]
CRITICAL WARNING: [Synth 8-3352] multi-driven net Q with 2nd driver pin 'VCC' [/home/ecelrc/students/agroszewski/arch18/vivado/lab1/lab1.srcs/sources_1/bd/bram_test/ipshared/6987/src/lfsr.v:46]
CRITICAL WARNING: [Synth 8-5559] multi-driven net Q is connected to constant driver, other driver is ignored [/home/ecelrc/students/agroszewski/arch18/vivado/lab1/lab1.srcs/sources_1/bd/bram_test/ipshared/6987/src/lfsr.v:46]
INFO: [Synth 8-3332] Sequential element (inst/LFSR_v1_0_S00_AXI_inst/prn_generator/data_lfsr/lfsr_reg[7]__0) is unused and will be removed from module bram_test_LFSR_0_0.
CRITICAL WARNING: [Synth 8-3352] multi-driven net Q with 1st driver pin 'inst/LFSR_v1_0_S00_AXI_inst/prn_generator/data_lfsr/lfsr_reg[7]__0/Q' [/home/ecelrc/students/agroszewski/arch18/vivado/lab1/lab1.srcs/sources_1/bd/bram_test/ipshared/6987/src/lfsr.v:46]
CRITICAL WARNING: [Synth 8-3352] multi-driven net Q with 2nd driver pin 'VCC' [/home/ecelrc/students/agroszewski/arch18/vivado/lab1/lab1.srcs/sources_1/bd/bram_test/ipshared/6987/src/lfsr.v:46]
CRITICAL WARNING: [Synth 8-5559] multi-driven net Q is connected to constant driver, other driver is ignored [/home/ecelrc/students/agroszewski/arch18/vivado/lab1/lab1.srcs/sources_1/bd/bram_test/ipshared/6987/src/lfsr.v:46]
INFO: [Synth 8-3332] Sequential element (inst/LFSR_v1_0_S00_AXI_inst/prn_generator/data_lfsr/lfsr_reg[6]__0) is unused and will be removed from module bram_test_LFSR_0_0.
CRITICAL WARNING: [Synth 8-3352] multi-driven net Q with 1st driver pin 'inst/LFSR_v1_0_S00_AXI_inst/prn_generator/data_lfsr/lfsr_reg[6]__0/Q' [/home/ecelrc/students/agroszewski/arch18/vivado/lab1/lab1.srcs/sources_1/bd/bram_test/ipshared/6987/src/lfsr.v:46]
CRITICAL WARNING: [Synth 8-3352] multi-driven net Q with 2nd driver pin 'VCC' [/home/ecelrc/students/agroszewski/arch18/vivado/lab1/lab1.srcs/sources_1/bd/bram_test/ipshared/6987/src/lfsr.v:46]
CRITICAL WARNING: [Synth 8-5559] multi-driven net Q is connected to constant driver, other driver is ignored [/home/ecelrc/students/agroszewski/arch18/vivado/lab1/lab1.srcs/sources_1/bd/bram_test/ipshared/6987/src/lfsr.v:46]
INFO: [Synth 8-3332] Sequential element (inst/LFSR_v1_0_S00_AXI_inst/prn_generator/data_lfsr/lfsr_reg[5]__0) is unused and will be removed from module bram_test_LFSR_0_0.
CRITICAL WARNING: [Synth 8-3352] multi-driven net Q with 1st driver pin 'inst/LFSR_v1_0_S00_AXI_inst/prn_generator/data_lfsr/lfsr_reg[5]__0/Q' [/home/ecelrc/students/agroszewski/arch18/vivado/lab1/lab1.srcs/sources_1/bd/bram_test/ipshared/6987/src/lfsr.v:46]
CRITICAL WARNING: [Synth 8-3352] multi-driven net Q with 2nd driver pin 'VCC' [/home/ecelrc/students/agroszewski/arch18/vivado/lab1/lab1.srcs/sources_1/bd/bram_test/ipshared/6987/src/lfsr.v:46]
CRITICAL WARNING: [Synth 8-5559] multi-driven net Q is connected to constant driver, other driver is ignored [/home/ecelrc/students/agroszewski/arch18/vivado/lab1/lab1.srcs/sources_1/bd/bram_test/ipshared/6987/src/lfsr.v:46]
INFO: [Synth 8-3332] Sequential element (inst/LFSR_v1_0_S00_AXI_inst/prn_generator/data_lfsr/lfsr_reg[4]__0) is unused and will be removed from module bram_test_LFSR_0_0.
CRITICAL WARNING: [Synth 8-3352] multi-driven net Q with 1st driver pin 'inst/LFSR_v1_0_S00_AXI_inst/prn_generator/data_lfsr/lfsr_reg[4]__0/Q' [/home/ecelrc/students/agroszewski/arch18/vivado/lab1/lab1.srcs/sources_1/bd/bram_test/ipshared/6987/src/lfsr.v:46]
CRITICAL WARNING: [Synth 8-3352] multi-driven net Q with 2nd driver pin 'VCC' [/home/ecelrc/students/agroszewski/arch18/vivado/lab1/lab1.srcs/sources_1/bd/bram_test/ipshared/6987/src/lfsr.v:46]
CRITICAL WARNING: [Synth 8-5559] multi-driven net Q is connected to constant driver, other driver is ignored [/home/ecelrc/students/agroszewski/arch18/vivado/lab1/lab1.srcs/sources_1/bd/bram_test/ipshared/6987/src/lfsr.v:46]
INFO: [Synth 8-3332] Sequential element (inst/LFSR_v1_0_S00_AXI_inst/prn_generator/data_lfsr/lfsr_reg[3]__0) is unused and will be removed from module bram_test_LFSR_0_0.
CRITICAL WARNING: [Synth 8-3352] multi-driven net Q with 1st driver pin 'inst/LFSR_v1_0_S00_AXI_inst/prn_generator/data_lfsr/lfsr_reg[3]__0/Q' [/home/ecelrc/students/agroszewski/arch18/vivado/lab1/lab1.srcs/sources_1/bd/bram_test/ipshared/6987/src/lfsr.v:46]
CRITICAL WARNING: [Synth 8-3352] multi-driven net Q with 2nd driver pin 'VCC' [/home/ecelrc/students/agroszewski/arch18/vivado/lab1/lab1.srcs/sources_1/bd/bram_test/ipshared/6987/src/lfsr.v:46]
CRITICAL WARNING: [Synth 8-5559] multi-driven net Q is connected to constant driver, other driver is ignored [/home/ecelrc/students/agroszewski/arch18/vivado/lab1/lab1.srcs/sources_1/bd/bram_test/ipshared/6987/src/lfsr.v:46]
INFO: [Synth 8-3332] Sequential element (inst/LFSR_v1_0_S00_AXI_inst/prn_generator/data_lfsr/lfsr_reg[2]__0) is unused and will be removed from module bram_test_LFSR_0_0.
CRITICAL WARNING: [Synth 8-3352] multi-driven net Q with 1st driver pin 'inst/LFSR_v1_0_S00_AXI_inst/prn_generator/data_lfsr/lfsr_reg[2]__0/Q' [/home/ecelrc/students/agroszewski/arch18/vivado/lab1/lab1.srcs/sources_1/bd/bram_test/ipshared/6987/src/lfsr.v:46]
CRITICAL WARNING: [Synth 8-3352] multi-driven net Q with 2nd driver pin 'VCC' [/home/ecelrc/students/agroszewski/arch18/vivado/lab1/lab1.srcs/sources_1/bd/bram_test/ipshared/6987/src/lfsr.v:46]
CRITICAL WARNING: [Synth 8-5559] multi-driven net Q is connected to constant driver, other driver is ignored [/home/ecelrc/students/agroszewski/arch18/vivado/lab1/lab1.srcs/sources_1/bd/bram_test/ipshared/6987/src/lfsr.v:46]
INFO: [Synth 8-3332] Sequential element (inst/LFSR_v1_0_S00_AXI_inst/prn_generator/data_lfsr/lfsr_reg[1]__0) is unused and will be removed from module bram_test_LFSR_0_0.
CRITICAL WARNING: [Synth 8-3352] multi-driven net Q with 1st driver pin 'inst/LFSR_v1_0_S00_AXI_inst/prn_generator/data_lfsr/lfsr_reg[1]__0/Q' [/home/ecelrc/students/agroszewski/arch18/vivado/lab1/lab1.srcs/sources_1/bd/bram_test/ipshared/6987/src/lfsr.v:46]
CRITICAL WARNING: [Synth 8-3352] multi-driven net Q with 2nd driver pin 'VCC' [/home/ecelrc/students/agroszewski/arch18/vivado/lab1/lab1.srcs/sources_1/bd/bram_test/ipshared/6987/src/lfsr.v:46]
CRITICAL WARNING: [Synth 8-5559] multi-driven net Q is connected to constant driver, other driver is ignored [/home/ecelrc/students/agroszewski/arch18/vivado/lab1/lab1.srcs/sources_1/bd/bram_test/ipshared/6987/src/lfsr.v:46]
INFO: [Synth 8-3332] Sequential element (inst/LFSR_v1_0_S00_AXI_inst/prn_generator/data_lfsr/lfsr_reg[0]__0) is unused and will be removed from module bram_test_LFSR_0_0.
CRITICAL WARNING: [Synth 8-3352] multi-driven net Q with 1st driver pin 'inst/LFSR_v1_0_S00_AXI_inst/prn_generator/data_lfsr/lfsr_reg[0]__0/Q' [/home/ecelrc/students/agroszewski/arch18/vivado/lab1/lab1.srcs/sources_1/bd/bram_test/ipshared/6987/src/lfsr.v:46]
CRITICAL WARNING: [Synth 8-3352] multi-driven net Q with 2nd driver pin 'VCC' [/home/ecelrc/students/agroszewski/arch18/vivado/lab1/lab1.srcs/sources_1/bd/bram_test/ipshared/6987/src/lfsr.v:46]
CRITICAL WARNING: [Synth 8-5559] multi-driven net Q is connected to constant driver, other driver is ignored [/home/ecelrc/students/agroszewski/arch18/vivado/lab1/lab1.srcs/sources_1/bd/bram_test/ipshared/6987/src/lfsr.v:46]
INFO: [Synth 8-3332] Sequential element (inst/LFSR_v1_0_S00_AXI_inst/prn_generator/data_lfsr/lfsr_out_reg[31]) is unused and will be removed from module bram_test_LFSR_0_0.
---------------------------------------------------------------------------------
Finished Cross Boundary and Area Optimization : Time (s): cpu = 00:00:41 ; elapsed = 00:01:19 . Memory (MB): peak = 1821.188 ; gain = 513.680 ; free physical = 62280 ; free virtual = 81985
---------------------------------------------------------------------------------

Report RTL Partitions: 
+-+--------------+------------+----------+
| |RTL Partition |Replication |Instances |
+-+--------------+------------+----------+
+-+--------------+------------+----------+
---------------------------------------------------------------------------------
Start Applying XDC Timing Constraints
---------------------------------------------------------------------------------
---------------------------------------------------------------------------------
Finished Applying XDC Timing Constraints : Time (s): cpu = 00:00:50 ; elapsed = 00:01:35 . Memory (MB): peak = 1821.188 ; gain = 513.680 ; free physical = 62153 ; free virtual = 81859
---------------------------------------------------------------------------------
---------------------------------------------------------------------------------
Start Timing Optimization
---------------------------------------------------------------------------------
---------------------------------------------------------------------------------
Finished Timing Optimization : Time (s): cpu = 00:00:50 ; elapsed = 00:01:35 . Memory (MB): peak = 1821.188 ; gain = 513.680 ; free physical = 62153 ; free virtual = 81859
---------------------------------------------------------------------------------

Report RTL Partitions: 
+-+--------------+------------+----------+
| |RTL Partition |Replication |Instances |
+-+--------------+------------+----------+
+-+--------------+------------+----------+
---------------------------------------------------------------------------------
Start Technology Mapping
---------------------------------------------------------------------------------
---------------------------------------------------------------------------------
Finished Technology Mapping : Time (s): cpu = 00:00:50 ; elapsed = 00:01:35 . Memory (MB): peak = 1821.188 ; gain = 513.680 ; free physical = 62152 ; free virtual = 81857
---------------------------------------------------------------------------------

Report RTL Partitions: 
+-+--------------+------------+----------+
| |RTL Partition |Replication |Instances |
+-+--------------+------------+----------+
+-+--------------+------------+----------+
---------------------------------------------------------------------------------
Start IO Insertion
---------------------------------------------------------------------------------
---------------------------------------------------------------------------------
Start Flattening Before IO Insertion
---------------------------------------------------------------------------------
---------------------------------------------------------------------------------
Finished Flattening Before IO Insertion
---------------------------------------------------------------------------------
---------------------------------------------------------------------------------
Start Final Netlist Cleanup
---------------------------------------------------------------------------------
---------------------------------------------------------------------------------
Finished Final Netlist Cleanup
---------------------------------------------------------------------------------
---------------------------------------------------------------------------------
Finished IO Insertion : Time (s): cpu = 00:00:51 ; elapsed = 00:01:35 . Memory (MB): peak = 1821.188 ; gain = 513.680 ; free physical = 62149 ; free virtual = 81854
---------------------------------------------------------------------------------
CRITICAL WARNING: [Synth 8-3352] multi-driven net inst/LFSR_v1_0_S00_AXI_inst/prn_generator/addr_lfsr/lfsr[9] with 1st driver pin 'inst/LFSR_v1_0_S00_AXI_inst/prn_generator/addr_lfsr/lfsr_reg[9]__0/Q' [/home/ecelrc/students/agroszewski/arch18/vivado/lab1/lab1.srcs/sources_1/bd/bram_test/ipshared/6987/src/lfsr.v:123]
CRITICAL WARNING: [Synth 8-3352] multi-driven net inst/LFSR_v1_0_S00_AXI_inst/prn_generator/addr_lfsr/lfsr[9] with 2nd driver pin 'inst/LFSR_v1_0_S00_AXI_inst/prn_generator/addr_lfsr/lfsr_reg[9]/Q' [/home/ecelrc/students/agroszewski/arch18/vivado/lab1/lab1.srcs/sources_1/bd/bram_test/ipshared/6987/src/lfsr.v:148]
CRITICAL WARNING: [Synth 8-3352] multi-driven net inst/LFSR_v1_0_S00_AXI_inst/prn_generator/addr_lfsr/lfsr[8] with 1st driver pin 'inst/LFSR_v1_0_S00_AXI_inst/prn_generator/addr_lfsr/lfsr_reg[8]__0/Q' [/home/ecelrc/students/agroszewski/arch18/vivado/lab1/lab1.srcs/sources_1/bd/bram_test/ipshared/6987/src/lfsr.v:123]
CRITICAL WARNING: [Synth 8-3352] multi-driven net inst/LFSR_v1_0_S00_AXI_inst/prn_generator/addr_lfsr/lfsr[8] with 2nd driver pin 'inst/LFSR_v1_0_S00_AXI_inst/prn_generator/addr_lfsr/lfsr_reg[8]/Q' [/home/ecelrc/students/agroszewski/arch18/vivado/lab1/lab1.srcs/sources_1/bd/bram_test/ipshared/6987/src/lfsr.v:148]
CRITICAL WARNING: [Synth 8-3352] multi-driven net inst/LFSR_v1_0_S00_AXI_inst/prn_generator/addr_lfsr/lfsr[7] with 1st driver pin 'inst/LFSR_v1_0_S00_AXI_inst/prn_generator/addr_lfsr/lfsr_reg[7]__0/Q' [/home/ecelrc/students/agroszewski/arch18/vivado/lab1/lab1.srcs/sources_1/bd/bram_test/ipshared/6987/src/lfsr.v:123]
CRITICAL WARNING: [Synth 8-3352] multi-driven net inst/LFSR_v1_0_S00_AXI_inst/prn_generator/addr_lfsr/lfsr[7] with 2nd driver pin 'inst/LFSR_v1_0_S00_AXI_inst/prn_generator/addr_lfsr/lfsr_reg[7]/Q' [/home/ecelrc/students/agroszewski/arch18/vivado/lab1/lab1.srcs/sources_1/bd/bram_test/ipshared/6987/src/lfsr.v:148]
CRITICAL WARNING: [Synth 8-3352] multi-driven net inst/LFSR_v1_0_S00_AXI_inst/prn_generator/addr_lfsr/lfsr[6] with 1st driver pin 'inst/LFSR_v1_0_S00_AXI_inst/prn_generator/addr_lfsr/lfsr_reg[6]__0/Q' [/home/ecelrc/students/agroszewski/arch18/vivado/lab1/lab1.srcs/sources_1/bd/bram_test/ipshared/6987/src/lfsr.v:123]
CRITICAL WARNING: [Synth 8-3352] multi-driven net inst/LFSR_v1_0_S00_AXI_inst/prn_generator/addr_lfsr/lfsr[6] with 2nd driver pin 'inst/LFSR_v1_0_S00_AXI_inst/prn_generator/addr_lfsr/lfsr_reg[6]/Q' [/home/ecelrc/students/agroszewski/arch18/vivado/lab1/lab1.srcs/sources_1/bd/bram_test/ipshared/6987/src/lfsr.v:148]
CRITICAL WARNING: [Synth 8-3352] multi-driven net inst/LFSR_v1_0_S00_AXI_inst/prn_generator/addr_lfsr/lfsr[5] with 1st driver pin 'inst/LFSR_v1_0_S00_AXI_inst/prn_generator/addr_lfsr/lfsr_reg[5]__0/Q' [/home/ecelrc/students/agroszewski/arch18/vivado/lab1/lab1.srcs/sources_1/bd/bram_test/ipshared/6987/src/lfsr.v:123]
CRITICAL WARNING: [Synth 8-3352] multi-driven net inst/LFSR_v1_0_S00_AXI_inst/prn_generator/addr_lfsr/lfsr[5] with 2nd driver pin 'inst/LFSR_v1_0_S00_AXI_inst/prn_generator/addr_lfsr/lfsr_reg[5]/Q' [/home/ecelrc/students/agroszewski/arch18/vivado/lab1/lab1.srcs/sources_1/bd/bram_test/ipshared/6987/src/lfsr.v:148]
CRITICAL WARNING: [Synth 8-3352] multi-driven net inst/LFSR_v1_0_S00_AXI_inst/prn_generator/addr_lfsr/lfsr[4] with 1st driver pin 'inst/LFSR_v1_0_S00_AXI_inst/prn_generator/addr_lfsr/lfsr_reg[4]__0/Q' [/home/ecelrc/students/agroszewski/arch18/vivado/lab1/lab1.srcs/sources_1/bd/bram_test/ipshared/6987/src/lfsr.v:123]
CRITICAL WARNING: [Synth 8-3352] multi-driven net inst/LFSR_v1_0_S00_AXI_inst/prn_generator/addr_lfsr/lfsr[4] with 2nd driver pin 'inst/LFSR_v1_0_S00_AXI_inst/prn_generator/addr_lfsr/lfsr_reg[4]/Q' [/home/ecelrc/students/agroszewski/arch18/vivado/lab1/lab1.srcs/sources_1/bd/bram_test/ipshared/6987/src/lfsr.v:148]
CRITICAL WARNING: [Synth 8-3352] multi-driven net inst/LFSR_v1_0_S00_AXI_inst/prn_generator/addr_lfsr/lfsr[3] with 1st driver pin 'inst/LFSR_v1_0_S00_AXI_inst/prn_generator/addr_lfsr/lfsr_reg[3]__0/Q' [/home/ecelrc/students/agroszewski/arch18/vivado/lab1/lab1.srcs/sources_1/bd/bram_test/ipshared/6987/src/lfsr.v:123]
CRITICAL WARNING: [Synth 8-3352] multi-driven net inst/LFSR_v1_0_S00_AXI_inst/prn_generator/addr_lfsr/lfsr[3] with 2nd driver pin 'inst/LFSR_v1_0_S00_AXI_inst/prn_generator/addr_lfsr/lfsr_reg[3]/Q' [/home/ecelrc/students/agroszewski/arch18/vivado/lab1/lab1.srcs/sources_1/bd/bram_test/ipshared/6987/src/lfsr.v:148]
CRITICAL WARNING: [Synth 8-3352] multi-driven net inst/LFSR_v1_0_S00_AXI_inst/prn_generator/addr_lfsr/lfsr[2] with 1st driver pin 'inst/LFSR_v1_0_S00_AXI_inst/prn_generator/addr_lfsr/lfsr_reg[2]__0/Q' [/home/ecelrc/students/agroszewski/arch18/vivado/lab1/lab1.srcs/sources_1/bd/bram_test/ipshared/6987/src/lfsr.v:123]
CRITICAL WARNING: [Synth 8-3352] multi-driven net inst/LFSR_v1_0_S00_AXI_inst/prn_generator/addr_lfsr/lfsr[2] with 2nd driver pin 'inst/LFSR_v1_0_S00_AXI_inst/prn_generator/addr_lfsr/lfsr_reg[2]/Q' [/home/ecelrc/students/agroszewski/arch18/vivado/lab1/lab1.srcs/sources_1/bd/bram_test/ipshared/6987/src/lfsr.v:148]
CRITICAL WARNING: [Synth 8-3352] multi-driven net inst/LFSR_v1_0_S00_AXI_inst/prn_generator/addr_lfsr/lfsr[1] with 1st driver pin 'inst/LFSR_v1_0_S00_AXI_inst/prn_generator/addr_lfsr/lfsr_reg[1]__0/Q' [/home/ecelrc/students/agroszewski/arch18/vivado/lab1/lab1.srcs/sources_1/bd/bram_test/ipshared/6987/src/lfsr.v:123]
CRITICAL WARNING: [Synth 8-3352] multi-driven net inst/LFSR_v1_0_S00_AXI_inst/prn_generator/addr_lfsr/lfsr[1] with 2nd driver pin 'inst/LFSR_v1_0_S00_AXI_inst/prn_generator/addr_lfsr/lfsr_reg[1]/Q' [/home/ecelrc/students/agroszewski/arch18/vivado/lab1/lab1.srcs/sources_1/bd/bram_test/ipshared/6987/src/lfsr.v:148]
CRITICAL WARNING: [Synth 8-3352] multi-driven net inst/LFSR_v1_0_S00_AXI_inst/prn_generator/addr_lfsr/lfsr[0] with 1st driver pin 'inst/LFSR_v1_0_S00_AXI_inst/prn_generator/addr_lfsr/lfsr_reg[0]__0/Q' [/home/ecelrc/students/agroszewski/arch18/vivado/lab1/lab1.srcs/sources_1/bd/bram_test/ipshared/6987/src/lfsr.v:123]
CRITICAL WARNING: [Synth 8-3352] multi-driven net inst/LFSR_v1_0_S00_AXI_inst/prn_generator/addr_lfsr/lfsr[0] with 2nd driver pin 'inst/LFSR_v1_0_S00_AXI_inst/prn_generator/addr_lfsr/lfsr_reg[0]/Q' [/home/ecelrc/students/agroszewski/arch18/vivado/lab1/lab1.srcs/sources_1/bd/bram_test/ipshared/6987/src/lfsr.v:148]

Report Check Netlist: 
+------+------------------+-------+---------+-------+------------------+
|      |Item              |Errors |Warnings |Status |Description       |
+------+------------------+-------+---------+-------+------------------+
|1     |multi_driven_nets |      0|       10|Failed |Multi driven nets |
+------+------------------+-------+---------+-------+------------------+
---------------------------------------------------------------------------------
Start Renaming Generated Instances
---------------------------------------------------------------------------------
---------------------------------------------------------------------------------
Finished Renaming Generated Instances : Time (s): cpu = 00:00:51 ; elapsed = 00:01:35 . Memory (MB): peak = 1821.188 ; gain = 513.680 ; free physical = 62148 ; free virtual = 81854
---------------------------------------------------------------------------------

Report RTL Partitions: 
+-+--------------+------------+----------+
| |RTL Partition |Replication |Instances |
+-+--------------+------------+----------+
+-+--------------+------------+----------+
---------------------------------------------------------------------------------
Start Rebuilding User Hierarchy
---------------------------------------------------------------------------------
---------------------------------------------------------------------------------
Finished Rebuilding User Hierarchy : Time (s): cpu = 00:00:51 ; elapsed = 00:01:36 . Memory (MB): peak = 1821.188 ; gain = 513.680 ; free physical = 62147 ; free virtual = 81853
---------------------------------------------------------------------------------
---------------------------------------------------------------------------------
Start Renaming Generated Ports
---------------------------------------------------------------------------------
---------------------------------------------------------------------------------
Finished Renaming Generated Ports : Time (s): cpu = 00:00:51 ; elapsed = 00:01:36 . Memory (MB): peak = 1821.188 ; gain = 513.680 ; free physical = 62147 ; free virtual = 81853
---------------------------------------------------------------------------------
---------------------------------------------------------------------------------
Start Handling Custom Attributes
---------------------------------------------------------------------------------
---------------------------------------------------------------------------------
Finished Handling Custom Attributes : Time (s): cpu = 00:00:51 ; elapsed = 00:01:36 . Memory (MB): peak = 1821.188 ; gain = 513.680 ; free physical = 62147 ; free virtual = 81852
---------------------------------------------------------------------------------
---------------------------------------------------------------------------------
Start Renaming Generated Nets
---------------------------------------------------------------------------------
---------------------------------------------------------------------------------
Finished Renaming Generated Nets : Time (s): cpu = 00:00:51 ; elapsed = 00:01:36 . Memory (MB): peak = 1821.188 ; gain = 513.680 ; free physical = 62146 ; free virtual = 81852
---------------------------------------------------------------------------------
---------------------------------------------------------------------------------
Start Writing Synthesis Report
---------------------------------------------------------------------------------

Report BlackBoxes: 
+-+--------------+----------+
| |BlackBox name |Instances |
+-+--------------+----------+
+-+--------------+----------+

Report Cell Usage: 
+------+-----+------+
|      |Cell |Count |
+------+-----+------+
|1     |LUT1 |     1|
|2     |LUT2 |     2|
|3     |LUT3 |     1|
|4     |LUT4 |    34|
|5     |LUT5 |    11|
|6     |LUT6 |     4|
|7     |FDRE |   137|
|8     |FDSE |     1|
+------+-----+------+

Report Instance Areas: 
+------+---------------------------+------------------+------+
|      |Instance                   |Module            |Cells |
+------+---------------------------+------------------+------+
|1     |top                        |                  |   191|
|2     |  inst                     |LFSR_v1_0         |   190|
|3     |    LFSR_v1_0_S00_AXI_inst |LFSR_v1_0_S00_AXI |   190|
|4     |      prn_generator        |lfsr              |    43|
|5     |        addr_lfsr          |lfsr_10bit        |    43|
+------+---------------------------+------------------+------+
---------------------------------------------------------------------------------
Finished Writing Synthesis Report : Time (s): cpu = 00:00:51 ; elapsed = 00:01:36 . Memory (MB): peak = 1821.188 ; gain = 513.680 ; free physical = 62146 ; free virtual = 81852
---------------------------------------------------------------------------------
Synthesis finished with 0 errors, 116 critical warnings and 6 warnings.
Synthesis Optimization Runtime : Time (s): cpu = 00:00:37 ; elapsed = 00:00:47 . Memory (MB): peak = 1821.188 ; gain = 124.539 ; free physical = 62203 ; free virtual = 81909
Synthesis Optimization Complete : Time (s): cpu = 00:00:51 ; elapsed = 00:01:36 . Memory (MB): peak = 1821.188 ; gain = 513.680 ; free physical = 62210 ; free virtual = 81915
INFO: [Project 1-571] Translating synthesized netlist
INFO: [Project 1-570] Preparing netlist for logic optimization
INFO: [Opt 31-138] Pushed 0 inverter(s) to 0 load pin(s).
INFO: [Project 1-111] Unisim Transformation Summary:
No Unisim elements were transformed.

INFO: [Common 17-83] Releasing license: Synthesis
128 Infos, 14 Warnings, 116 Critical Warnings and 0 Errors encountered.
synth_design completed successfully
synth_design: Time (s): cpu = 00:00:53 ; elapsed = 00:01:37 . Memory (MB): peak = 1821.188 ; gain = 538.504 ; free physical = 62200 ; free virtual = 81905
INFO: [Common 17-1381] The checkpoint '/home/ecelrc/students/agroszewski/arch18/vivado/lab1/lab1.runs/bram_test_LFSR_0_0_synth_1/bram_test_LFSR_0_0.dcp' has been generated.
